#
# There is insufficient memory for the Java Runtime Environment to continue.
# Native memory allocation (malloc) failed to allocate 947856 bytes. Error detail: Chunk::new
# Possible reasons:
#   The system is out of physical RAM or swap space
#   This process is running with CompressedOops enabled, and the Java Heap may be blocking the growth of the native heap
# Possible solutions:
#   Reduce memory load on the system
#   Increase physical memory or swap space
#   Check if swap backing store is full
#   Decrease Java heap size (-Xmx/-Xms)
#   Decrease number of Java threads
#   Decrease Java thread stack sizes (-Xss)
#   Set larger code cache with -XX:ReservedCodeCacheSize=
#   JVM is running with Unscaled Compressed Oops mode in which the Java heap is
#     placed in the first 4GB address space. The Java Heap base address is the
#     maximum limit for the native heap growth. Please use -XX:HeapBaseMinAddress
#     to set the Java Heap base and to place the Java Heap above 4GB virtual address.
# This output file may be truncated or incomplete.
#
#  Out of Memory Error (arena.cpp:168), pid=59008, tid=59260
#
# JRE version: OpenJDK Runtime Environment Temurin-21.0.10+7 (21.0.10+7) (build 21.0.10+7-LTS)
# Java VM: OpenJDK 64-Bit Server VM Temurin-21.0.10+7 (21.0.10+7-LTS, mixed mode, sharing, tiered, compressed oops, compressed class ptrs, parallel gc, windows-amd64)
# No core dump will be written. Minidumps are not enabled by default on client versions of Windows
#

---------------  S U M M A R Y ------------

Command Line: --add-modules=ALL-SYSTEM --add-opens=java.base/java.util=ALL-UNNAMED --add-opens=java.base/java.lang=ALL-UNNAMED --add-opens=java.base/sun.nio.fs=ALL-UNNAMED -Declipse.application=org.eclipse.jdt.ls.core.id1 -Dosgi.bundles.defaultStartLevel=4 -Declipse.product=org.eclipse.jdt.ls.core.product -Djava.import.generatesMetadataFilesAtProjectRoot=false -DDetectVMInstallationsJob.disabled=true -Dfile.encoding=utf8 -XX:+UseParallelGC -XX:GCTimeRatio=4 -XX:AdaptiveSizePolicyWeight=90 -Dsun.zip.disableMemoryMapping=true -Xmx2G -Xms100m -Xlog:disable -javaagent:c:\Users\C018\.vscode\extensions\redhat.java-1.54.0-win32-x64\lombok\lombok-1.18.39-4050.jar -XX:+HeapDumpOnOutOfMemoryError -XX:HeapDumpPath=c:\Users\C018\AppData\Roaming\Code\User\workspaceStorage\831d3474975e95f00da8b076bb00b383\redhat.java -Daether.dependencyCollector.impl=bf c:\Users\C018\.vscode\extensions\redhat.java-1.54.0-win32-x64\server\plugins\org.eclipse.equinox.launcher_1.7.100.v20251111-0406.jar -configuration c:\Users\C018\AppData\Roaming\Code\User\globalStorage\redhat.java\1.54.0\config_win -data c:\Users\C018\AppData\Roaming\Code\User\workspaceStorage\831d3474975e95f00da8b076bb00b383\redhat.java\jdt_ws --pipe=\\.\pipe\lsp-144c622ccb1e3ca5930770b15ca17237-sock

Host: Intel(R) Core(TM) i7-14700, 28 cores, 31G,  Windows 10 , 64 bit Build 19041 (10.0.19041.1202)
Time: Fri Apr 24 10:50:38 2026 elapsed time: 38.560424 seconds (0d 0h 0m 38s)

---------------  T H R E A D  ---------------

Current thread (0x000001b2e1ad2390):  JavaThread "C2 CompilerThread0" daemon [_thread_in_native, id=59260, stack(0x00000031f4700000,0x00000031f4800000) (1024K)]


Current CompileTask:
C2:38560 10490   !   4       org.eclipse.jdt.internal.core.JarPackageFragmentRoot::computeChildren (606 bytes)

Stack: [0x00000031f4700000,0x00000031f4800000]
Native frames: (J=compiled Java code, j=interpreted, Vv=VM code, C=native code)
V  [jvm.dll+0x6d7a39]
V  [jvm.dll+0x8b4b26]
V  [jvm.dll+0x8b70de]
V  [jvm.dll+0x8b77c3]
V  [jvm.dll+0x284346]
V  [jvm.dll+0xc66ed]
V  [jvm.dll+0xc6c31]
V  [jvm.dll+0x2fb29e]
V  [jvm.dll+0x5fe884]
V  [jvm.dll+0x255b17]
V  [jvm.dll+0x255edd]
V  [jvm.dll+0x24e500]
V  [jvm.dll+0x24ba42]
V  [jvm.dll+0x1cb34e]
V  [jvm.dll+0x25b85d]
V  [jvm.dll+0x259dea]
V  [jvm.dll+0x3f857e]
V  [jvm.dll+0x85f59d]
V  [jvm.dll+0x6d626d]
C  [ucrtbase.dll+0x21bb2]
C  [KERNEL32.DLL+0x17034]
C  [ntdll.dll+0x52651]


---------------  P R O C E S S  ---------------

Threads class SMR info:
_java_thread_list=0x000001b2efd321a0, length=67, elements={
0x000001b2c7cbf530, 0x000001b2e0912230, 0x000001b2e1abe2e0, 0x000001b2e1ac34c0,
0x000001b2e1ac43e0, 0x000001b2e1aca360, 0x000001b2e1acdaf0, 0x000001b2e1ad2390,
0x000001b2e1ad2ee0, 0x000001b2e97d2a90, 0x000001b2e97df0e0, 0x000001b2ea21f320,
0x000001b2ea20e900, 0x000001b2e9d7b420, 0x000001b2ea00bbf0, 0x000001b2ea466950,
0x000001b2e9b8a840, 0x000001b2e98c77e0, 0x000001b2e98e1440, 0x000001b2e98e27f0,
0x000001b2e98e2e80, 0x000001b2e98e3510, 0x000001b2e98e0720, 0x000001b2e98e3ba0,
0x000001b2e98e2160, 0x000001b2ec034e90, 0x000001b2ec031380, 0x000001b2ec030cf0,
0x000001b2ec033450, 0x000001b2ec030660, 0x000001b2ec032730, 0x000001b2ec032dc0,
0x000001b2ec02ffd0, 0x000001b2ec035520, 0x000001b2ec033ae0, 0x000001b2ec0320a0,
0x000001b2ec031a10, 0x000001b2ec036240, 0x000001b2ec034800, 0x000001b2ec035bb0,
0x000001b2ec02f940, 0x000001b2ec034170, 0x000001b2ec02f2b0, 0x000001b2ec0368d0,
0x000001b2ec50fdf0, 0x000001b2ec517410, 0x000001b2ec512be0, 0x000001b2ec5166f0,
0x000001b2ec5159d0, 0x000001b2ec513270, 0x000001b2ec516d80, 0x000001b2ec510b10,
0x000001b2ec510480, 0x000001b2ec511ec0, 0x000001b2ec513900, 0x000001b2ec5111a0,
0x000001b2ec514620, 0x000001b2ec511830, 0x000001b2f0b12f50, 0x000001b2e9ec8cf0,
0x000001b2e9ec6ae0, 0x000001b2f0b128c0, 0x000001b2f0b0edb0, 0x000001b2f0b0fad0,
0x000001b2f0b13c70, 0x000001b2f0b11ba0, 0x000001b2f0b0e090
}

Java Threads: ( => current thread )
  0x000001b2c7cbf530 JavaThread "main"                              [_thread_blocked, id=59068, stack(0x00000031f3d00000,0x00000031f3e00000) (1024K)]
  0x000001b2e0912230 JavaThread "Reference Handler"          daemon [_thread_blocked, id=59212, stack(0x00000031f4100000,0x00000031f4200000) (1024K)]
  0x000001b2e1abe2e0 JavaThread "Finalizer"                  daemon [_thread_blocked, id=59216, stack(0x00000031f4200000,0x00000031f4300000) (1024K)]
  0x000001b2e1ac34c0 JavaThread "Signal Dispatcher"          daemon [_thread_blocked, id=59236, stack(0x00000031f4300000,0x00000031f4400000) (1024K)]
  0x000001b2e1ac43e0 JavaThread "Attach Listener"            daemon [_thread_blocked, id=59240, stack(0x00000031f4400000,0x00000031f4500000) (1024K)]
  0x000001b2e1aca360 JavaThread "Service Thread"             daemon [_thread_blocked, id=59248, stack(0x00000031f4500000,0x00000031f4600000) (1024K)]
  0x000001b2e1acdaf0 JavaThread "Monitor Deflation Thread"   daemon [_thread_blocked, id=59252, stack(0x00000031f4600000,0x00000031f4700000) (1024K)]
=>0x000001b2e1ad2390 JavaThread "C2 CompilerThread0"         daemon [_thread_in_native, id=59260, stack(0x00000031f4700000,0x00000031f4800000) (1024K)]
  0x000001b2e1ad2ee0 JavaThread "C1 CompilerThread0"         daemon [_thread_blocked, id=59264, stack(0x00000031f4800000,0x00000031f4900000) (1024K)]
  0x000001b2e97d2a90 JavaThread "Common-Cleaner"             daemon [_thread_blocked, id=29948, stack(0x00000031f4c00000,0x00000031f4d00000) (1024K)]
  0x000001b2e97df0e0 JavaThread "Notification Thread"        daemon [_thread_blocked, id=35284, stack(0x00000031f4d00000,0x00000031f4e00000) (1024K)]
  0x000001b2ea21f320 JavaThread "Active Thread: Equinox Container: 530247fd-a2f4-4ef6-95e0-e3573b15fcee"        [_thread_blocked, id=58724, stack(0x00000031f5700000,0x00000031f5800000) (1024K)]
  0x000001b2ea20e900 JavaThread "Refresh Thread: Equinox Container: 530247fd-a2f4-4ef6-95e0-e3573b15fcee" daemon [_thread_blocked, id=56140, stack(0x00000031f4a00000,0x00000031f4b00000) (1024K)]
  0x000001b2e9d7b420 JavaThread "Framework Event Dispatcher: Equinox Container: 530247fd-a2f4-4ef6-95e0-e3573b15fcee" daemon [_thread_blocked, id=58416, stack(0x00000031f4b00000,0x00000031f4c00000) (1024K)]
  0x000001b2ea00bbf0 JavaThread "Start Level: Equinox Container: 530247fd-a2f4-4ef6-95e0-e3573b15fcee" daemon [_thread_blocked, id=58856, stack(0x00000031f4900000,0x00000031f4a00000) (1024K)]
  0x000001b2ea466950 JavaThread "Bundle File Closer"         daemon [_thread_blocked, id=28012, stack(0x00000031f5b00000,0x00000031f5c00000) (1024K)]
  0x000001b2e9b8a840 JavaThread "SCR Component Actor"        daemon [_thread_blocked, id=59624, stack(0x00000031f5d00000,0x00000031f5e00000) (1024K)]
  0x000001b2e98c77e0 JavaThread "Worker-JM"                         [_thread_blocked, id=21488, stack(0x00000031f6200000,0x00000031f6300000) (1024K)]
  0x000001b2e98e1440 JavaThread "JNA Cleaner"                daemon [_thread_blocked, id=10528, stack(0x00000031f6400000,0x00000031f6500000) (1024K)]
  0x000001b2e98e27f0 JavaThread "Worker-0: Check JDK Index"         [_thread_blocked, id=22116, stack(0x00000031f6500000,0x00000031f6600000) (1024K)]
  0x000001b2e98e2e80 JavaThread "Worker-1: Initialize workspace"        [_thread_in_native, id=59640, stack(0x00000031f6600000,0x00000031f6700000) (1024K)]
  0x000001b2e98e3510 JavaThread "Java indexing"              daemon [_thread_in_Java, id=58384, stack(0x00000031f6c00000,0x00000031f6d00000) (1024K)]
  0x000001b2e98e0720 JavaThread "Worker-2"                          [_thread_blocked, id=14012, stack(0x00000031f6e00000,0x00000031f6f00000) (1024K)]
  0x000001b2e98e3ba0 JavaThread "Worker-3: Publish Diagnostics"        [_thread_in_native, id=54296, stack(0x00000031f7000000,0x00000031f7100000) (1024K)]
  0x000001b2e98e2160 JavaThread "Thread-1"                   daemon [_thread_in_native, id=23136, stack(0x00000031f7100000,0x00000031f7200000) (1024K)]
  0x000001b2ec034e90 JavaThread "Thread-2"                   daemon [_thread_in_native, id=22004, stack(0x00000031f7200000,0x00000031f7300000) (1024K)]
  0x000001b2ec031380 JavaThread "Thread-3"                   daemon [_thread_in_native, id=29836, stack(0x00000031f7300000,0x00000031f7400000) (1024K)]
  0x000001b2ec030cf0 JavaThread "Thread-4"                   daemon [_thread_in_native, id=26416, stack(0x00000031f7400000,0x00000031f7500000) (1024K)]
  0x000001b2ec033450 JavaThread "Thread-5"                   daemon [_thread_in_native, id=30588, stack(0x00000031f7500000,0x00000031f7600000) (1024K)]
  0x000001b2ec030660 JavaThread "Thread-6"                   daemon [_thread_in_native, id=59620, stack(0x00000031f7600000,0x00000031f7700000) (1024K)]
  0x000001b2ec032730 JavaThread "Thread-7"                   daemon [_thread_in_native, id=28896, stack(0x00000031f7700000,0x00000031f7800000) (1024K)]
  0x000001b2ec032dc0 JavaThread "Thread-8"                   daemon [_thread_in_native, id=30924, stack(0x00000031f7800000,0x00000031f7900000) (1024K)]
  0x000001b2ec02ffd0 JavaThread "Thread-9"                   daemon [_thread_in_native, id=59820, stack(0x00000031f7900000,0x00000031f7a00000) (1024K)]
  0x000001b2ec035520 JavaThread "Thread-10"                  daemon [_thread_in_native, id=58084, stack(0x00000031f7a00000,0x00000031f7b00000) (1024K)]
  0x000001b2ec033ae0 JavaThread "Thread-11"                  daemon [_thread_in_native, id=59296, stack(0x00000031f7b00000,0x00000031f7c00000) (1024K)]
  0x000001b2ec0320a0 JavaThread "Thread-12"                  daemon [_thread_in_native, id=2508, stack(0x00000031f7c00000,0x00000031f7d00000) (1024K)]
  0x000001b2ec031a10 JavaThread "Thread-13"                  daemon [_thread_in_native, id=23364, stack(0x00000031f7d00000,0x00000031f7e00000) (1024K)]
  0x000001b2ec036240 JavaThread "Thread-14"                  daemon [_thread_in_native, id=8736, stack(0x00000031f7e00000,0x00000031f7f00000) (1024K)]
  0x000001b2ec034800 JavaThread "Thread-15"                  daemon [_thread_in_native, id=10100, stack(0x00000031f7f00000,0x00000031f8000000) (1024K)]
  0x000001b2ec035bb0 JavaThread "Thread-16"                  daemon [_thread_in_native, id=58528, stack(0x00000031f8000000,0x00000031f8100000) (1024K)]
  0x000001b2ec02f940 JavaThread "Thread-17"                  daemon [_thread_in_native, id=58624, stack(0x00000031f8100000,0x00000031f8200000) (1024K)]
  0x000001b2ec034170 JavaThread "Thread-18"                  daemon [_thread_in_native, id=58704, stack(0x00000031f8200000,0x00000031f8300000) (1024K)]
  0x000001b2ec02f2b0 JavaThread "Thread-19"                  daemon [_thread_in_native, id=59124, stack(0x00000031f8300000,0x00000031f8400000) (1024K)]
  0x000001b2ec0368d0 JavaThread "Thread-20"                  daemon [_thread_in_native, id=58520, stack(0x00000031f8400000,0x00000031f8500000) (1024K)]
  0x000001b2ec50fdf0 JavaThread "Thread-21"                  daemon [_thread_in_native, id=54908, stack(0x00000031f8500000,0x00000031f8600000) (1024K)]
  0x000001b2ec517410 JavaThread "Thread-22"                  daemon [_thread_in_native, id=46656, stack(0x00000031f8600000,0x00000031f8700000) (1024K)]
  0x000001b2ec512be0 JavaThread "Thread-23"                  daemon [_thread_in_native, id=59408, stack(0x00000031f8700000,0x00000031f8800000) (1024K)]
  0x000001b2ec5166f0 JavaThread "Thread-24"                  daemon [_thread_in_native, id=58440, stack(0x00000031f8800000,0x00000031f8900000) (1024K)]
  0x000001b2ec5159d0 JavaThread "Thread-25"                  daemon [_thread_in_native, id=58128, stack(0x00000031f8900000,0x00000031f8a00000) (1024K)]
  0x000001b2ec513270 JavaThread "Thread-26"                  daemon [_thread_in_native, id=58736, stack(0x00000031f8a00000,0x00000031f8b00000) (1024K)]
  0x000001b2ec516d80 JavaThread "Thread-27"                  daemon [_thread_in_native, id=25712, stack(0x00000031f8b00000,0x00000031f8c00000) (1024K)]
  0x000001b2ec510b10 JavaThread "Thread-28"                  daemon [_thread_in_native, id=31152, stack(0x00000031f8c00000,0x00000031f8d00000) (1024K)]
  0x000001b2ec510480 JavaThread "Thread-29"                  daemon [_thread_in_native, id=2504, stack(0x00000031f8d00000,0x00000031f8e00000) (1024K)]
  0x000001b2ec511ec0 JavaThread "pool-2-thread-1"                   [_thread_blocked, id=21856, stack(0x00000031f9000000,0x00000031f9100000) (1024K)]
  0x000001b2ec513900 JavaThread "Worker-4: Java indexing... "        [_thread_blocked, id=7800, stack(0x00000031f9400000,0x00000031f9500000) (1024K)]
  0x000001b2ec5111a0 JavaThread "WorkspaceEventsHandler"            [_thread_blocked, id=59416, stack(0x00000031f9500000,0x00000031f9600000) (1024K)]
  0x000001b2ec514620 JavaThread "pool-1-thread-1"                   [_thread_blocked, id=58952, stack(0x00000031f9600000,0x00000031f9700000) (1024K)]
  0x000001b2ec511830 JavaThread "Worker-5"                          [_thread_blocked, id=54684, stack(0x00000031f9700000,0x00000031f9800000) (1024K)]
  0x000001b2f0b12f50 JavaThread "Timer-0"                           [_thread_blocked, id=31776, stack(0x00000031f9a00000,0x00000031f9b00000) (1024K)]
  0x000001b2e9ec8cf0 JavaThread "C1 CompilerThread1"         daemon [_thread_blocked, id=58916, stack(0x00000031f5a00000,0x00000031f5b00000) (1024K)]
  0x000001b2e9ec6ae0 JavaThread "C1 CompilerThread2"         daemon [_thread_blocked, id=59936, stack(0x00000031f8e00000,0x00000031f8f00000) (1024K)]
  0x000001b2f0b128c0 JavaThread "ForkJoinPool.commonPool-worker-1" daemon [_thread_blocked, id=25464, stack(0x00000031f8f00000,0x00000031f9000000) (1024K)]
  0x000001b2f0b0edb0 JavaThread "ForkJoinPool.commonPool-worker-2" daemon [_thread_blocked, id=59872, stack(0x00000031f9100000,0x00000031f9200000) (1024K)]
  0x000001b2f0b0fad0 JavaThread "ForkJoinPool.commonPool-worker-3" daemon [_thread_blocked, id=13088, stack(0x00000031f9200000,0x00000031f9300000) (1024K)]
  0x000001b2f0b13c70 JavaThread "ForkJoinPool.commonPool-worker-4" daemon [_thread_blocked, id=31176, stack(0x00000031f9900000,0x00000031f9a00000) (1024K)]
  0x000001b2f0b11ba0 JavaThread "ForkJoinPool.commonPool-worker-5" daemon [_thread_blocked, id=38000, stack(0x00000031f9b00000,0x00000031f9c00000) (1024K)]
  0x000001b2f0b0e090 JavaThread "ForkJoinPool.commonPool-worker-6" daemon [_thread_blocked, id=35176, stack(0x00000031f9c00000,0x00000031f9d00000) (1024K)]
Total: 67

Other Threads:
  0x000001b2c987ff80 VMThread "VM Thread"                           [id=59148, stack(0x00000031f4000000,0x00000031f4100000) (1024K)]
  0x000001b2e083cb50 WatcherThread "VM Periodic Task Thread"        [id=59144, stack(0x00000031f3f00000,0x00000031f4000000) (1024K)]
  0x000001b2c9839e10 WorkerThread "GC Thread#0"                     [id=59108, stack(0x00000031f3e00000,0x00000031f3f00000) (1024K)]
  0x000001b2ea07eae0 WorkerThread "GC Thread#1"                     [id=58964, stack(0x00000031f4f00000,0x00000031f5000000) (1024K)]
  0x000001b2e9ff2220 WorkerThread "GC Thread#2"                     [id=58848, stack(0x00000031f5000000,0x00000031f5100000) (1024K)]
  0x000001b2e9d5e5f0 WorkerThread "GC Thread#3"                     [id=58852, stack(0x00000031f5100000,0x00000031f5200000) (1024K)]
  0x000001b2e9d5e9a0 WorkerThread "GC Thread#4"                     [id=58688, stack(0x00000031f5200000,0x00000031f5300000) (1024K)]
  0x000001b2e9d5ed50 WorkerThread "GC Thread#5"                     [id=58508, stack(0x00000031f5300000,0x00000031f5400000) (1024K)]
  0x000001b2e9d86ae0 WorkerThread "GC Thread#6"                     [id=58580, stack(0x00000031f5400000,0x00000031f5500000) (1024K)]
  0x000001b2e9d86730 WorkerThread "GC Thread#7"                     [id=59152, stack(0x00000031f5600000,0x00000031f5700000) (1024K)]
  0x000001b2e9d86e90 WorkerThread "GC Thread#8"                     [id=59328, stack(0x00000031f5500000,0x00000031f5600000) (1024K)]
  0x000001b2e9d879a0 WorkerThread "GC Thread#9"                     [id=58404, stack(0x00000031f5800000,0x00000031f5900000) (1024K)]
  0x000001b2e9d87240 WorkerThread "GC Thread#10"                    [id=37364, stack(0x00000031f5900000,0x00000031f5a00000) (1024K)]
  0x000001b2e9d875f0 WorkerThread "GC Thread#11"                    [id=59764, stack(0x00000031f4e00000,0x00000031f4f00000) (1024K)]
  0x000001b2ea1697e0 WorkerThread "GC Thread#12"                    [id=59644, stack(0x00000031f6100000,0x00000031f6200000) (1024K)]
  0x000001b2ea168570 WorkerThread "GC Thread#13"                    [id=22152, stack(0x00000031f6300000,0x00000031f6400000) (1024K)]
  0x000001b2ea169b90 WorkerThread "GC Thread#14"                    [id=15144, stack(0x00000031f6700000,0x00000031f6800000) (1024K)]
  0x000001b2ea16a2f0 WorkerThread "GC Thread#15"                    [id=32388, stack(0x00000031f6900000,0x00000031f6a00000) (1024K)]
  0x000001b2ea16b910 WorkerThread "GC Thread#16"                    [id=58388, stack(0x00000031f6a00000,0x00000031f6b00000) (1024K)]
  0x000001b2ea16bcc0 WorkerThread "GC Thread#17"                    [id=59388, stack(0x00000031f6b00000,0x00000031f6c00000) (1024K)]
  0x000001b2ea169430 WorkerThread "GC Thread#18"                    [id=2712, stack(0x00000031f6d00000,0x00000031f6e00000) (1024K)]
  0x000001b2ea168cd0 WorkerThread "GC Thread#19"                    [id=5592, stack(0x00000031f6f00000,0x00000031f7000000) (1024K)]
Total: 22

Threads with active compile tasks:
C2 CompilerThread0  38574 10490   !   4       org.eclipse.jdt.internal.core.JarPackageFragmentRoot::computeChildren (606 bytes)
Total: 1

VM state: at safepoint (normal execution)

VM Mutex/Monitor currently owned by a thread:  ([mutex/lock_event])
[0x00007ffebbc4e560] Threads_lock - owner thread: 0x000001b2c987ff80
[0x00007ffebbc4e660] Heap_lock - owner thread: 0x000001b2e98e3510

Heap address: 0x0000000080000000, size: 2048 MB, Compressed Oops mode: 32-bit

CDS archive(s) mapped at: [0x000001b280000000-0x000001b280ba0000-0x000001b280ba0000), size 12189696, SharedBaseAddress: 0x000001b280000000, ArchiveRelocationMode: 1.
Compressed class space mapped at: 0x000001b281000000-0x000001b2c1000000, reserved size: 1073741824
Narrow klass base: 0x000001b280000000, Narrow klass shift: 0, Narrow klass range: 0x100000000

GC Precious Log:
 CardTable entry size: 512
 CPUs: 28 total, 28 available
 Memory: 32078M
 Large Page Support: Disabled
 NUMA Support: Disabled
 Compressed Oops: Enabled (32-bit)
 Alignments: Space 512K, Generation 512K, Heap 2M
 Heap Min Capacity: 100M
 Heap Initial Capacity: 100M
 Heap Max Capacity: 2G
 Pre-touch: Disabled
 Parallel Workers: 20

Heap:
 PSYoungGen      total 22016K, used 21720K [0x00000000d5580000, 0x00000000d6e80000, 0x0000000100000000)
  eden space 19456K, 100% used [0x00000000d5580000,0x00000000d6880000,0x00000000d6880000)
  from space 2560K, 88% used [0x00000000d6c00000,0x00000000d6e36008,0x00000000d6e80000)
  to   space 3072K, 64% used [0x00000000d6880000,0x00000000d6a70000,0x00000000d6b80000)
 ParOldGen       total 847872K, used 847405K [0x0000000080000000, 0x00000000b3c00000, 0x00000000d5580000)
  object space 847872K, 99% used [0x0000000080000000,0x00000000b3b8b570,0x00000000b3c00000)
 Metaspace       used 71003K, committed 72384K, reserved 1114112K
  class space    used 8137K, committed 8768K, reserved 1048576K

Card table byte_map: [0x000001b2dbc60000,0x000001b2dc070000] _byte_map_base: 0x000001b2db860000

Marking Bits: (ParMarkBitMap*) 0x00007ffebbc53450
 Begin Bits: [0x000001b2dc320000, 0x000001b2de320000)
 End Bits:   [0x000001b2de320000, 0x000001b2e0320000)

Polling page: 0x000001b2c7bf0000

Metaspace:

Usage:
  Non-class:     61.39 MB used.
      Class:      7.95 MB used.
       Both:     69.34 MB used.

Virtual space:
  Non-class space:       64.00 MB reserved,      62.12 MB ( 97%) committed,  1 nodes.
      Class space:        1.00 GB reserved,       8.56 MB ( <1%) committed,  1 nodes.
             Both:        1.06 GB reserved,      70.69 MB (  6%) committed. 

Chunk freelists:
   Non-Class:  1.70 MB
       Class:  7.38 MB
        Both:  9.08 MB

MaxMetaspaceSize: unlimited
CompressedClassSpaceSize: 1.00 GB
Initial GC threshold: 21.00 MB
Current GC threshold: 97.31 MB
CDS: on
 - commit_granule_bytes: 65536.
 - commit_granule_words: 8192.
 - virtual_space_node_default_size: 8388608.
 - enlarge_chunks_in_place: 1.
 - use_allocation_guard: 0.


Internal statistics:

num_allocs_failed_limit: 11.
num_arena_births: 1118.
num_arena_deaths: 14.
num_vsnodes_births: 2.
num_vsnodes_deaths: 0.
num_space_committed: 1131.
num_space_uncommitted: 0.
num_chunks_returned_to_freelist: 25.
num_chunks_taken_from_freelist: 4106.
num_chunk_merges: 13.
num_chunk_splits: 2594.
num_chunks_enlarged: 1592.
num_inconsistent_stats: 0.

CodeHeap 'non-profiled nmethods': size=119168Kb used=10295Kb max_used=10295Kb free=108872Kb
 bounds [0x000001b2d4620000, 0x000001b2d5030000, 0x000001b2dba80000]
CodeHeap 'profiled nmethods': size=119104Kb used=22345Kb max_used=22345Kb free=96758Kb
 bounds [0x000001b2cca80000, 0x000001b2ce060000, 0x000001b2d3ed0000]
CodeHeap 'non-nmethods': size=7488Kb used=2597Kb max_used=3203Kb free=4890Kb
 bounds [0x000001b2d3ed0000, 0x000001b2d4250000, 0x000001b2d4620000]
CodeCache: size=245760Kb, used=35237Kb, max_used=35843Kb, free=210520Kb
 total_blobs=10455, nmethods=9661, adapters=698, full_count=0
Compilation: enabled, stopped_count=0, restarted_count=0

Compilation events (20 events):
Event: 38.216 Thread 0x000001b2e9ec6ae0 nmethod 10480 0x000001b2ce03d310 code [0x000001b2ce03d6a0, 0x000001b2ce03eb60]
Event: 38.228 Thread 0x000001b2e1ad2390 10481 % !   4       org.eclipse.jdt.internal.core.JarPackageFragmentRoot::computeChildren @ 247 (606 bytes)
Event: 38.286 Thread 0x000001b2e1ad2ee0 10482   !   3       sun.nio.fs.WindowsNativeDispatcher::CreateFile (83 bytes)
Event: 38.287 Thread 0x000001b2e1ad2ee0 nmethod 10482 0x000001b2ce03f390 code [0x000001b2ce03f5e0, 0x000001b2ce03fba0]
Event: 38.292 Thread 0x000001b2e9ec8cf0 10483       3       org.eclipse.jdt.internal.compiler.util.SimpleLookupTable::<init> (49 bytes)
Event: 38.292 Thread 0x000001b2e9ec8cf0 nmethod 10483 0x000001b2ce040010 code [0x000001b2ce0401e0, 0x000001b2ce040510]
Event: 38.359 Thread 0x000001b2e9ec6ae0 10484       3       org.eclipse.jdt.internal.compiler.parser.Scanner::internalScanIdentifierOrKeyword (5041 bytes)
Event: 38.381 Thread 0x000001b2e9ec6ae0 nmethod 10484 0x000001b2ce040610 code [0x000001b2ce041580, 0x000001b2ce04c698]
Event: 38.395 Thread 0x000001b2e1ad2390 nmethod 10481% 0x000001b2d5026810 code [0x000001b2d5026d80, 0x000001b2d502aa50]
Event: 38.416 Thread 0x000001b2e1ad2390 10485       4       java.lang.Math::addExact (32 bytes)
Event: 38.417 Thread 0x000001b2e1ad2390 nmethod 10485 0x000001b2d502da90 code [0x000001b2d502dc20, 0x000001b2d502dcc0]
Event: 38.438 Thread 0x000001b2e9ec6ae0 10486       3       java.util.concurrent.locks.AbstractQueuedSynchronizer$Node::getAndUnsetStatus (14 bytes)
Event: 38.438 Thread 0x000001b2e9ec8cf0 10487       3       jdk.internal.misc.Unsafe::getAndBitwiseAndInt (27 bytes)
Event: 38.439 Thread 0x000001b2e9ec6ae0 nmethod 10486 0x000001b2ce04e810 code [0x000001b2ce04e9e0, 0x000001b2ce04ec80]
Event: 38.439 Thread 0x000001b2e9ec8cf0 nmethod 10487 0x000001b2ce04ed90 code [0x000001b2ce04ef40, 0x000001b2ce04f170]
Event: 38.452 Thread 0x000001b2e9ec8cf0 10488   !   3       org.eclipse.jdt.internal.core.JavaModelManager::addInvalidArchive (64 bytes)
Event: 38.453 Thread 0x000001b2e9ec8cf0 nmethod 10488 0x000001b2ce04f290 code [0x000001b2ce04f4e0, 0x000001b2ce04ff00]
Event: 38.453 Thread 0x000001b2e9ec6ae0 10489       3       org.eclipse.jdt.internal.core.JavaModelManager::getLocalFile (131 bytes)
Event: 38.454 Thread 0x000001b2e9ec6ae0 nmethod 10489 0x000001b2ce050290 code [0x000001b2ce050620, 0x000001b2ce051d30]
Event: 38.479 Thread 0x000001b2e1ad2390 10490   !   4       org.eclipse.jdt.internal.core.JarPackageFragmentRoot::computeChildren (606 bytes)

GC Heap History (20 events):
Event: 38.084 GC heap before
{Heap before GC invocations=1410 (full 3):
 PSYoungGen      total 20992K, used 20640K [0x00000000d5580000, 0x00000000d6b80000, 0x0000000100000000)
  eden space 19456K, 100% used [0x00000000d5580000,0x00000000d6880000,0x00000000d6880000)
  from space 1536K, 77% used [0x00000000d6a00000,0x00000000d6b28000,0x00000000d6b80000)
  to   space 1536K, 0% used [0x00000000d6880000,0x00000000d6880000,0x00000000d6a00000)
 ParOldGen       total 835584K, used 835382K [0x0000000080000000, 0x00000000b3000000, 0x00000000d5580000)
  object space 835584K, 99% used [0x0000000080000000,0x00000000b2fcd8b0,0x00000000b3000000)
 Metaspace       used 70991K, committed 72384K, reserved 1114112K
  class space    used 8137K, committed 8768K, reserved 1048576K
}
Event: 38.086 GC heap after
{Heap after GC invocations=1410 (full 3):
 PSYoungGen      total 20992K, used 1536K [0x00000000d5580000, 0x00000000d6c80000, 0x0000000100000000)
  eden space 19456K, 0% used [0x00000000d5580000,0x00000000d5580000,0x00000000d6880000)
  from space 1536K, 100% used [0x00000000d6880000,0x00000000d6a00000,0x00000000d6a00000)
  to   space 2048K, 0% used [0x00000000d6a80000,0x00000000d6a80000,0x00000000d6c80000)
 ParOldGen       total 836608K, used 836286K [0x0000000080000000, 0x00000000b3100000, 0x00000000d5580000)
  object space 836608K, 99% used [0x0000000080000000,0x00000000b30af8b0,0x00000000b3100000)
 Metaspace       used 70991K, committed 72384K, reserved 1114112K
  class space    used 8137K, committed 8768K, reserved 1048576K
}
Event: 38.177 GC heap before
{Heap before GC invocations=1411 (full 3):
 PSYoungGen      total 20992K, used 20992K [0x00000000d5580000, 0x00000000d6c80000, 0x0000000100000000)
  eden space 19456K, 100% used [0x00000000d5580000,0x00000000d6880000,0x00000000d6880000)
  from space 1536K, 100% used [0x00000000d6880000,0x00000000d6a00000,0x00000000d6a00000)
  to   space 2048K, 0% used [0x00000000d6a80000,0x00000000d6a80000,0x00000000d6c80000)
 ParOldGen       total 836608K, used 836286K [0x0000000080000000, 0x00000000b3100000, 0x00000000d5580000)
  object space 836608K, 99% used [0x0000000080000000,0x00000000b30af8b0,0x00000000b3100000)
 Metaspace       used 70995K, committed 72384K, reserved 1114112K
  class space    used 8137K, committed 8768K, reserved 1048576K
}
Event: 38.179 GC heap after
{Heap after GC invocations=1411 (full 3):
 PSYoungGen      total 20992K, used 1271K [0x00000000d5580000, 0x00000000d6c00000, 0x0000000100000000)
  eden space 19456K, 0% used [0x00000000d5580000,0x00000000d5580000,0x00000000d6880000)
  from space 1536K, 82% used [0x00000000d6a80000,0x00000000d6bbdf28,0x00000000d6c00000)
  to   space 1536K, 0% used [0x00000000d6880000,0x00000000d6880000,0x00000000d6a00000)
 ParOldGen       total 837120K, used 837030K [0x0000000080000000, 0x00000000b3180000, 0x00000000d5580000)
  object space 837120K, 99% used [0x0000000080000000,0x00000000b31698b0,0x00000000b3180000)
 Metaspace       used 70995K, committed 72384K, reserved 1114112K
  class space    used 8137K, committed 8768K, reserved 1048576K
}
Event: 38.284 GC heap before
{Heap before GC invocations=1412 (full 3):
 PSYoungGen      total 20992K, used 20727K [0x00000000d5580000, 0x00000000d6c00000, 0x0000000100000000)
  eden space 19456K, 100% used [0x00000000d5580000,0x00000000d6880000,0x00000000d6880000)
  from space 1536K, 82% used [0x00000000d6a80000,0x00000000d6bbdf28,0x00000000d6c00000)
  to   space 1536K, 0% used [0x00000000d6880000,0x00000000d6880000,0x00000000d6a00000)
 ParOldGen       total 837120K, used 837030K [0x0000000080000000, 0x00000000b3180000, 0x00000000d5580000)
  object space 837120K, 99% used [0x0000000080000000,0x00000000b31698b0,0x00000000b3180000)
 Metaspace       used 70999K, committed 72384K, reserved 1114112K
  class space    used 8137K, committed 8768K, reserved 1048576K
}
Event: 38.286 GC heap after
{Heap after GC invocations=1412 (full 3):
 PSYoungGen      total 20992K, used 1216K [0x00000000d5580000, 0x00000000d6b80000, 0x0000000100000000)
  eden space 19456K, 0% used [0x00000000d5580000,0x00000000d5580000,0x00000000d6880000)
  from space 1536K, 79% used [0x00000000d6880000,0x00000000d69b0000,0x00000000d6a00000)
  to   space 1536K, 0% used [0x00000000d6a00000,0x00000000d6a00000,0x00000000d6b80000)
 ParOldGen       total 837632K, used 837253K [0x0000000080000000, 0x00000000b3200000, 0x00000000d5580000)
  object space 837632K, 99% used [0x0000000080000000,0x00000000b31a17d8,0x00000000b3200000)
 Metaspace       used 70999K, committed 72384K, reserved 1114112K
  class space    used 8137K, committed 8768K, reserved 1048576K
}
Event: 38.338 GC heap before
{Heap before GC invocations=1413 (full 3):
 PSYoungGen      total 20992K, used 20672K [0x00000000d5580000, 0x00000000d6b80000, 0x0000000100000000)
  eden space 19456K, 100% used [0x00000000d5580000,0x00000000d6880000,0x00000000d6880000)
  from space 1536K, 79% used [0x00000000d6880000,0x00000000d69b0000,0x00000000d6a00000)
  to   space 1536K, 0% used [0x00000000d6a00000,0x00000000d6a00000,0x00000000d6b80000)
 ParOldGen       total 837632K, used 837253K [0x0000000080000000, 0x00000000b3200000, 0x00000000d5580000)
  object space 837632K, 99% used [0x0000000080000000,0x00000000b31a17d8,0x00000000b3200000)
 Metaspace       used 71000K, committed 72384K, reserved 1114112K
  class space    used 8137K, committed 8768K, reserved 1048576K
}
Event: 38.341 GC heap after
{Heap after GC invocations=1413 (full 3):
 PSYoungGen      total 20992K, used 1526K [0x00000000d5580000, 0x00000000d6b80000, 0x0000000100000000)
  eden space 19456K, 0% used [0x00000000d5580000,0x00000000d5580000,0x00000000d6880000)
  from space 1536K, 99% used [0x00000000d6a00000,0x00000000d6b7d808,0x00000000d6b80000)
  to   space 1536K, 0% used [0x00000000d6880000,0x00000000d6880000,0x00000000d6a00000)
 ParOldGen       total 838144K, used 837917K [0x0000000080000000, 0x00000000b3280000, 0x00000000d5580000)
  object space 838144K, 99% used [0x0000000080000000,0x00000000b3247468,0x00000000b3280000)
 Metaspace       used 71000K, committed 72384K, reserved 1114112K
  class space    used 8137K, committed 8768K, reserved 1048576K
}
Event: 38.361 GC heap before
{Heap before GC invocations=1414 (full 3):
 PSYoungGen      total 20992K, used 20982K [0x00000000d5580000, 0x00000000d6b80000, 0x0000000100000000)
  eden space 19456K, 100% used [0x00000000d5580000,0x00000000d6880000,0x00000000d6880000)
  from space 1536K, 99% used [0x00000000d6a00000,0x00000000d6b7d808,0x00000000d6b80000)
  to   space 1536K, 0% used [0x00000000d6880000,0x00000000d6880000,0x00000000d6a00000)
 ParOldGen       total 838144K, used 837917K [0x0000000080000000, 0x00000000b3280000, 0x00000000d5580000)
  object space 838144K, 99% used [0x0000000080000000,0x00000000b3247468,0x00000000b3280000)
 Metaspace       used 71000K, committed 72384K, reserved 1114112K
  class space    used 8137K, committed 8768K, reserved 1048576K
}
Event: 38.364 GC heap after
{Heap after GC invocations=1414 (full 3):
 PSYoungGen      total 20992K, used 1533K [0x00000000d5580000, 0x00000000d6f80000, 0x0000000100000000)
  eden space 19456K, 0% used [0x00000000d5580000,0x00000000d5580000,0x00000000d6880000)
  from space 1536K, 99% used [0x00000000d6880000,0x00000000d69ff5a8,0x00000000d6a00000)
  to   space 3584K, 0% used [0x00000000d6c00000,0x00000000d6c00000,0x00000000d6f80000)
 ParOldGen       total 840192K, used 839693K [0x0000000080000000, 0x00000000b3480000, 0x00000000d5580000)
  object space 840192K, 99% used [0x0000000080000000,0x00000000b3403468,0x00000000b3480000)
 Metaspace       used 71000K, committed 72384K, reserved 1114112K
  class space    used 8137K, committed 8768K, reserved 1048576K
}
Event: 38.371 GC heap before
{Heap before GC invocations=1415 (full 3):
 PSYoungGen      total 20992K, used 20989K [0x00000000d5580000, 0x00000000d6f80000, 0x0000000100000000)
  eden space 19456K, 100% used [0x00000000d5580000,0x00000000d6880000,0x00000000d6880000)
  from space 1536K, 99% used [0x00000000d6880000,0x00000000d69ff5a8,0x00000000d6a00000)
  to   space 3584K, 0% used [0x00000000d6c00000,0x00000000d6c00000,0x00000000d6f80000)
 ParOldGen       total 840192K, used 839693K [0x0000000080000000, 0x00000000b3480000, 0x00000000d5580000)
  object space 840192K, 99% used [0x0000000080000000,0x00000000b3403468,0x00000000b3480000)
 Metaspace       used 71000K, committed 72384K, reserved 1114112K
  class space    used 8137K, committed 8768K, reserved 1048576K
}
Event: 38.373 GC heap after
{Heap after GC invocations=1415 (full 3):
 PSYoungGen      total 20992K, used 1056K [0x00000000d5580000, 0x00000000d6d80000, 0x0000000100000000)
  eden space 19456K, 0% used [0x00000000d5580000,0x00000000d5580000,0x00000000d6880000)
  from space 1536K, 68% used [0x00000000d6c00000,0x00000000d6d08000,0x00000000d6d80000)
  to   space 2048K, 0% used [0x00000000d6980000,0x00000000d6980000,0x00000000d6b80000)
 ParOldGen       total 841728K, used 841264K [0x0000000080000000, 0x00000000b3600000, 0x00000000d5580000)
  object space 841728K, 99% used [0x0000000080000000,0x00000000b358c358,0x00000000b3600000)
 Metaspace       used 71000K, committed 72384K, reserved 1114112K
  class space    used 8137K, committed 8768K, reserved 1048576K
}
Event: 38.381 GC heap before
{Heap before GC invocations=1416 (full 3):
 PSYoungGen      total 20992K, used 20512K [0x00000000d5580000, 0x00000000d6d80000, 0x0000000100000000)
  eden space 19456K, 100% used [0x00000000d5580000,0x00000000d6880000,0x00000000d6880000)
  from space 1536K, 68% used [0x00000000d6c00000,0x00000000d6d08000,0x00000000d6d80000)
  to   space 2048K, 0% used [0x00000000d6980000,0x00000000d6980000,0x00000000d6b80000)
 ParOldGen       total 841728K, used 841264K [0x0000000080000000, 0x00000000b3600000, 0x00000000d5580000)
  object space 841728K, 99% used [0x0000000080000000,0x00000000b358c358,0x00000000b3600000)
 Metaspace       used 71000K, committed 72384K, reserved 1114112K
  class space    used 8137K, committed 8768K, reserved 1048576K
}
Event: 38.384 GC heap after
{Heap after GC invocations=1416 (full 3):
 PSYoungGen      total 20480K, used 896K [0x00000000d5580000, 0x00000000d6c80000, 0x0000000100000000)
  eden space 19456K, 0% used [0x00000000d5580000,0x00000000d5580000,0x00000000d6880000)
  from space 1024K, 87% used [0x00000000d6980000,0x00000000d6a60000,0x00000000d6a80000)
  to   space 1536K, 0% used [0x00000000d6b00000,0x00000000d6b00000,0x00000000d6c80000)
 ParOldGen       total 842240K, used 842080K [0x0000000080000000, 0x00000000b3680000, 0x00000000d5580000)
  object space 842240K, 99% used [0x0000000080000000,0x00000000b3658358,0x00000000b3680000)
 Metaspace       used 71000K, committed 72384K, reserved 1114112K
  class space    used 8137K, committed 8768K, reserved 1048576K
}
Event: 38.445 GC heap before
{Heap before GC invocations=1417 (full 3):
 PSYoungGen      total 20480K, used 20352K [0x00000000d5580000, 0x00000000d6c80000, 0x0000000100000000)
  eden space 19456K, 100% used [0x00000000d5580000,0x00000000d6880000,0x00000000d6880000)
  from space 1024K, 87% used [0x00000000d6980000,0x00000000d6a60000,0x00000000d6a80000)
  to   space 1536K, 0% used [0x00000000d6b00000,0x00000000d6b00000,0x00000000d6c80000)
 ParOldGen       total 842240K, used 842080K [0x0000000080000000, 0x00000000b3680000, 0x00000000d5580000)
  object space 842240K, 99% used [0x0000000080000000,0x00000000b3658358,0x00000000b3680000)
 Metaspace       used 71001K, committed 72384K, reserved 1114112K
  class space    used 8137K, committed 8768K, reserved 1048576K
}
Event: 38.448 GC heap after
{Heap after GC invocations=1417 (full 3):
 PSYoungGen      total 20992K, used 1531K [0x00000000d5580000, 0x00000000d6c80000, 0x0000000100000000)
  eden space 19456K, 0% used [0x00000000d5580000,0x00000000d5580000,0x00000000d6880000)
  from space 1536K, 99% used [0x00000000d6b00000,0x00000000d6c7ec08,0x00000000d6c80000)
  to   space 2048K, 0% used [0x00000000d6880000,0x00000000d6880000,0x00000000d6a80000)
 ParOldGen       total 842752K, used 842718K [0x0000000080000000, 0x00000000b3700000, 0x00000000d5580000)
  object space 842752K, 99% used [0x0000000080000000,0x00000000b36f7a38,0x00000000b3700000)
 Metaspace       used 71001K, committed 72384K, reserved 1114112K
  class space    used 8137K, committed 8768K, reserved 1048576K
}
Event: 38.494 GC heap before
{Heap before GC invocations=1418 (full 3):
 PSYoungGen      total 20992K, used 20987K [0x00000000d5580000, 0x00000000d6c80000, 0x0000000100000000)
  eden space 19456K, 100% used [0x00000000d5580000,0x00000000d6880000,0x00000000d6880000)
  from space 1536K, 99% used [0x00000000d6b00000,0x00000000d6c7ec08,0x00000000d6c80000)
  to   space 2048K, 0% used [0x00000000d6880000,0x00000000d6880000,0x00000000d6a80000)
 ParOldGen       total 842752K, used 842718K [0x0000000080000000, 0x00000000b3700000, 0x00000000d5580000)
  object space 842752K, 99% used [0x0000000080000000,0x00000000b36f7a38,0x00000000b3700000)
 Metaspace       used 71003K, committed 72384K, reserved 1114112K
  class space    used 8137K, committed 8768K, reserved 1048576K
}
Event: 38.496 GC heap after
{Heap after GC invocations=1418 (full 3):
 PSYoungGen      total 21504K, used 2028K [0x00000000d5580000, 0x00000000d6f80000, 0x0000000100000000)
  eden space 19456K, 0% used [0x00000000d5580000,0x00000000d5580000,0x00000000d6880000)
  from space 2048K, 99% used [0x00000000d6880000,0x00000000d6a7b008,0x00000000d6a80000)
  to   space 3584K, 0% used [0x00000000d6c00000,0x00000000d6c00000,0x00000000d6f80000)
 ParOldGen       total 844288K, used 843899K [0x0000000080000000, 0x00000000b3880000, 0x00000000d5580000)
  object space 844288K, 99% used [0x0000000080000000,0x00000000b381efb0,0x00000000b3880000)
 Metaspace       used 71003K, committed 72384K, reserved 1114112K
  class space    used 8137K, committed 8768K, reserved 1048576K
}
Event: 38.538 GC heap before
{Heap before GC invocations=1419 (full 3):
 PSYoungGen      total 21504K, used 21484K [0x00000000d5580000, 0x00000000d6f80000, 0x0000000100000000)
  eden space 19456K, 100% used [0x00000000d5580000,0x00000000d6880000,0x00000000d6880000)
  from space 2048K, 99% used [0x00000000d6880000,0x00000000d6a7b008,0x00000000d6a80000)
  to   space 3584K, 0% used [0x00000000d6c00000,0x00000000d6c00000,0x00000000d6f80000)
 ParOldGen       total 844288K, used 843899K [0x0000000080000000, 0x00000000b3880000, 0x00000000d5580000)
  object space 844288K, 99% used [0x0000000080000000,0x00000000b381efb0,0x00000000b3880000)
 Metaspace       used 71003K, committed 72384K, reserved 1114112K
  class space    used 8137K, committed 8768K, reserved 1048576K
}
Event: 38.541 GC heap after
{Heap after GC invocations=1419 (full 3):
 PSYoungGen      total 22016K, used 2264K [0x00000000d5580000, 0x00000000d6e80000, 0x0000000100000000)
  eden space 19456K, 0% used [0x00000000d5580000,0x00000000d5580000,0x00000000d6880000)
  from space 2560K, 88% used [0x00000000d6c00000,0x00000000d6e36008,0x00000000d6e80000)
  to   space 3072K, 0% used [0x00000000d6880000,0x00000000d6880000,0x00000000d6b80000)
 ParOldGen       total 845824K, used 845522K [0x0000000080000000, 0x00000000b3a00000, 0x00000000d5580000)
  object space 845824K, 99% used [0x0000000080000000,0x00000000b39b4958,0x00000000b3a00000)
 Metaspace       used 71003K, committed 72384K, reserved 1114112K
  class space    used 8137K, committed 8768K, reserved 1048576K
}

Dll operation events (15 events):
Event: 0.015 Loaded shared library c:\Users\C018\.vscode\extensions\redhat.java-1.54.0-win32-x64\jre\21.0.10-win32-x86_64\bin\java.dll
Event: 0.069 Loaded shared library c:\Users\C018\.vscode\extensions\redhat.java-1.54.0-win32-x64\jre\21.0.10-win32-x86_64\bin\zip.dll
Event: 0.153 Loaded shared library C:\Users\C018\.vscode\extensions\redhat.java-1.54.0-win32-x64\jre\21.0.10-win32-x86_64\bin\instrument.dll
Event: 0.209 Loaded shared library C:\Users\C018\.vscode\extensions\redhat.java-1.54.0-win32-x64\jre\21.0.10-win32-x86_64\bin\net.dll
Event: 0.290 Loaded shared library C:\Users\C018\.vscode\extensions\redhat.java-1.54.0-win32-x64\jre\21.0.10-win32-x86_64\bin\nio.dll
Event: 0.296 Loaded shared library C:\Users\C018\.vscode\extensions\redhat.java-1.54.0-win32-x64\jre\21.0.10-win32-x86_64\bin\zip.dll
Event: 0.320 Loaded shared library C:\Users\C018\.vscode\extensions\redhat.java-1.54.0-win32-x64\jre\21.0.10-win32-x86_64\bin\jimage.dll
Event: 0.476 Loaded shared library c:\Users\C018\.vscode\extensions\redhat.java-1.54.0-win32-x64\jre\21.0.10-win32-x86_64\bin\verify.dll
Event: 9.126 Loaded shared library C:\Users\C018\AppData\Roaming\Code\User\globalStorage\redhat.java\1.54.0\config_win\org.eclipse.equinox.launcher\org.eclipse.equinox.launcher.win32.win32.x86_64_1.3.0.v20260203-2149\eclipse_11919.dll
Event: 19.292 Loaded shared library C:\Users\C018\AppData\Local\Temp\jna-2043700\jna6969519061218359807.dll
Event: 20.280 Loaded shared library C:\Users\C018\.vscode\extensions\redhat.java-1.54.0-win32-x64\jre\21.0.10-win32-x86_64\bin\sunmscapi.dll
Event: 20.674 Loaded shared library C:\Users\C018\.vscode\extensions\redhat.java-1.54.0-win32-x64\jre\21.0.10-win32-x86_64\bin\extnet.dll
Event: 25.752 Loaded shared library C:\Users\C018\.gradle\native\660c5614fbf4a5f2a75b1949f50a0caf5cd603558e7d8a26e50b933a0cfb79d1\windows-amd64\native-platform.dll
Event: 35.089 Loaded shared library C:\Users\C018\.vscode\extensions\redhat.java-1.54.0-win32-x64\jre\21.0.10-win32-x86_64\bin\management.dll
Event: 35.127 Loaded shared library C:\Users\C018\.vscode\extensions\redhat.java-1.54.0-win32-x64\jre\21.0.10-win32-x86_64\bin\management_ext.dll

Deoptimization events (20 events):
Event: 38.002 Thread 0x000001b2e98e3ba0 Uncommon trap: trap_request=0xffffffbe fr.pc=0x000001b2d4fddffc relative=0x0000000000001f5c
Event: 38.002 Thread 0x000001b2e98e3ba0 Uncommon trap: reason=profile_predicate action=maybe_recompile pc=0x000001b2d4fddffc method=org.eclipse.jdt.internal.core.JarPackageFragmentRoot.computeChildren(Lorg/eclipse/jdt/internal/core/OpenableElementInfo;Lorg/eclipse/core/resources/IResource;)Z @ 
Event: 38.002 Thread 0x000001b2e98e3ba0 DEOPT PACKING pc=0x000001b2d4fddffc sp=0x00000031f70fe3c0
Event: 38.002 Thread 0x000001b2e98e3ba0 DEOPT UNPACKING pc=0x000001b2d3f23aa2 sp=0x00000031f70fe348 mode 2
Event: 38.155 Thread 0x000001b2f0b128c0 Uncommon trap: trap_request=0xffffffbe fr.pc=0x000001b2d501b358 relative=0x0000000000003c58
Event: 38.155 Thread 0x000001b2e98e3ba0 Uncommon trap: trap_request=0xffffffbe fr.pc=0x000001b2d501b358 relative=0x0000000000003c58
Event: 38.155 Thread 0x000001b2f0b128c0 Uncommon trap: reason=profile_predicate action=maybe_recompile pc=0x000001b2d501b358 method=org.eclipse.jdt.internal.core.JarPackageFragmentRoot.computeChildren(Lorg/eclipse/jdt/internal/core/OpenableElementInfo;Lorg/eclipse/core/resources/IResource;)Z @ 
Event: 38.155 Thread 0x000001b2e98e3ba0 Uncommon trap: reason=profile_predicate action=maybe_recompile pc=0x000001b2d501b358 method=org.eclipse.jdt.internal.core.JarPackageFragmentRoot.computeChildren(Lorg/eclipse/jdt/internal/core/OpenableElementInfo;Lorg/eclipse/core/resources/IResource;)Z @ 
Event: 38.156 Thread 0x000001b2e98e3ba0 DEOPT PACKING pc=0x000001b2d501b358 sp=0x00000031f70fe3c0
Event: 38.156 Thread 0x000001b2f0b128c0 DEOPT PACKING pc=0x000001b2d501b358 sp=0x00000031f8ffded0
Event: 38.156 Thread 0x000001b2e98e3ba0 DEOPT UNPACKING pc=0x000001b2d3f23aa2 sp=0x00000031f70fe340 mode 2
Event: 38.156 Thread 0x000001b2f0b128c0 DEOPT UNPACKING pc=0x000001b2d3f23aa2 sp=0x00000031f8ffde50 mode 2
Event: 38.156 Thread 0x000001b2e98e2e80 Uncommon trap: trap_request=0xffffffbe fr.pc=0x000001b2d501b358 relative=0x0000000000003c58
Event: 38.156 Thread 0x000001b2e98e2e80 Uncommon trap: reason=profile_predicate action=maybe_recompile pc=0x000001b2d501b358 method=org.eclipse.jdt.internal.core.JarPackageFragmentRoot.computeChildren(Lorg/eclipse/jdt/internal/core/OpenableElementInfo;Lorg/eclipse/core/resources/IResource;)Z @ 
Event: 38.156 Thread 0x000001b2e98e2e80 DEOPT PACKING pc=0x000001b2d501b358 sp=0x00000031f66fee40
Event: 38.156 Thread 0x000001b2e98e2e80 DEOPT UNPACKING pc=0x000001b2d3f23aa2 sp=0x00000031f66fedc0 mode 2
Event: 38.357 Thread 0x000001b2f0b128c0 Uncommon trap: trap_request=0xffffff45 fr.pc=0x000001b2d5025078 relative=0x0000000000001dd8
Event: 38.357 Thread 0x000001b2f0b128c0 Uncommon trap: reason=unstable_if action=reinterpret pc=0x000001b2d5025078 method=org.eclipse.jdt.internal.compiler.parser.Scanner.internalScanIdentifierOrKeyword(II[C)Lorg/eclipse/jdt/internal/compiler/parser/TerminalToken; @ 4295 c2
Event: 38.357 Thread 0x000001b2f0b128c0 DEOPT PACKING pc=0x000001b2d5025078 sp=0x00000031f8ffdcb0
Event: 38.357 Thread 0x000001b2f0b128c0 DEOPT UNPACKING pc=0x000001b2d3f23aa2 sp=0x00000031f8ffdc40 mode 2

Classes loaded (20 events):
Event: 36.535 Loading class java/util/WeakHashMap$KeyIterator
Event: 36.535 Loading class java/util/WeakHashMap$KeyIterator done
Event: 36.550 Loading class java/util/concurrent/CompletableFuture$UniApply
Event: 36.550 Loading class java/util/concurrent/CompletableFuture$UniCompletion
Event: 36.550 Loading class java/util/concurrent/CompletableFuture$UniCompletion done
Event: 36.551 Loading class java/util/concurrent/CompletableFuture$UniApply done
Event: 36.551 Loading class java/util/concurrent/CompletableFuture$UniAccept
Event: 36.552 Loading class java/util/concurrent/CompletableFuture$UniAccept done
Event: 36.552 Loading class java/util/concurrent/CompletableFuture$UniExceptionally
Event: 36.552 Loading class java/util/concurrent/CompletableFuture$UniExceptionally done
Event: 36.595 Loading class java/util/Hashtable$KeySet
Event: 36.595 Loading class java/util/Hashtable$KeySet done
Event: 36.640 Loading class java/util/stream/DistinctOps
Event: 36.641 Loading class java/util/stream/DistinctOps done
Event: 36.641 Loading class java/util/stream/DistinctOps$1
Event: 36.641 Loading class java/util/stream/DistinctOps$1 done
Event: 36.645 Loading class java/util/stream/DistinctOps$1$2
Event: 36.645 Loading class java/util/stream/DistinctOps$1$2 done
Event: 36.986 Loading class java/lang/UnsupportedClassVersionError
Event: 36.986 Loading class java/lang/UnsupportedClassVersionError done

Classes unloaded (7 events):
Event: 19.645 Thread 0x000001b2c987ff80 Unloading class 0x000001b2811a2400 'java/lang/invoke/LambdaForm$MH+0x000001b2811a2400'
Event: 19.645 Thread 0x000001b2c987ff80 Unloading class 0x000001b2811a2000 'java/lang/invoke/LambdaForm$MH+0x000001b2811a2000'
Event: 19.645 Thread 0x000001b2c987ff80 Unloading class 0x000001b2811a1c00 'java/lang/invoke/LambdaForm$MH+0x000001b2811a1c00'
Event: 19.645 Thread 0x000001b2c987ff80 Unloading class 0x000001b2811a1800 'java/lang/invoke/LambdaForm$MH+0x000001b2811a1800'
Event: 19.645 Thread 0x000001b2c987ff80 Unloading class 0x000001b2811a1400 'java/lang/invoke/LambdaForm$BMH+0x000001b2811a1400'
Event: 19.645 Thread 0x000001b2c987ff80 Unloading class 0x000001b2811a1000 'java/lang/invoke/LambdaForm$DMH+0x000001b2811a1000'
Event: 19.645 Thread 0x000001b2c987ff80 Unloading class 0x000001b2811a0000 'java/lang/invoke/LambdaForm$DMH+0x000001b2811a0000'

Classes redefined (0 events):
No events

Internal exceptions (20 events):
Event: 36.620 Thread 0x000001b2e98e2e80 Exception <a 'sun/nio/fs/WindowsException'{0x00000000d57c5c98}> (0x00000000d57c5c98) 
thrown [s\src\hotspot\share\prims\jni.cpp, line 520]
Event: 36.623 Thread 0x000001b2e98e2e80 Exception <a 'java/io/FileNotFoundException'{0x00000000d58ee6c0}> (0x00000000d58ee6c0) 
thrown [s\src\hotspot\share\prims\jni.cpp, line 520]
Event: 36.624 Thread 0x000001b2e98e2e80 Exception <a 'java/io/FileNotFoundException'{0x00000000d58ef618}> (0x00000000d58ef618) 
thrown [s\src\hotspot\share\prims\jni.cpp, line 520]
Event: 36.633 Thread 0x000001b2e98e2e80 Exception <a 'sun/nio/fs/WindowsException'{0x00000000d571e3e8}> (0x00000000d571e3e8) 
thrown [s\src\hotspot\share\prims\jni.cpp, line 520]
Event: 36.634 Thread 0x000001b2e98e2e80 Exception <a 'sun/nio/fs/WindowsException'{0x00000000d571eaf8}> (0x00000000d571eaf8) 
thrown [s\src\hotspot\share\prims\jni.cpp, line 520]
Event: 36.636 Thread 0x000001b2ec514620 Exception <a 'java/lang/IncompatibleClassChangeError'{0x00000000d57b5720}: Found class java.lang.Object, but interface was expected> (0x00000000d57b5720) 
thrown [s\src\hotspot\share\interpreter\linkResolver.cpp, line 840]
Event: 36.944 Thread 0x000001b2e98e3ba0 Exception <a 'java/lang/NoSuchMethodError'{0x00000000d594e670}: 'java.lang.Object java.lang.invoke.DirectMethodHandle$Holder.invokeSpecial(java.lang.Object, java.lang.Object, int, long)'> (0x00000000d594e670) 
thrown [s\src\hotspot\share\interpreter\linkResolver.cpp, line 773]
Event: 36.998 Thread 0x000001b2f0b128c0 Exception <a 'java/lang/NoSuchMethodError'{0x00000000d57c6950}: 'int java.lang.invoke.Invokers$Holder.invokeExact_MT(java.lang.Object, java.lang.Object)'> (0x00000000d57c6950) 
thrown [s\src\hotspot\share\interpreter\linkResolver.cpp, line 773]
Event: 37.197 Thread 0x000001b2e98e2e80 Implicit null exception at 0x000001b2d4f534e7 to 0x000001b2d4f537f4
Event: 37.197 Thread 0x000001b2e98e2e80 Implicit null exception at 0x000001b2d4e79e21 to 0x000001b2d4e7a134
Event: 37.198 Thread 0x000001b2e98e2e80 Implicit null exception at 0x000001b2d4e923ff to 0x000001b2d4e9280c
Event: 37.512 Thread 0x000001b2f0b128c0 Implicit null exception at 0x000001b2d4f60e28 to 0x000001b2d4f616f0
Event: 37.513 Thread 0x000001b2f0b128c0 Implicit null exception at 0x000001b2d4f72a86 to 0x000001b2d4f73180
Event: 37.513 Thread 0x000001b2f0b128c0 Implicit null exception at 0x000001b2d4f570cb to 0x000001b2d4f57a80
Event: 37.692 Thread 0x000001b2e98e3510 Exception <a 'sun/nio/fs/WindowsException'{0x00000000d5580980}> (0x00000000d5580980) 
thrown [s\src\hotspot\share\prims\jni.cpp, line 520]
Event: 37.764 Thread 0x000001b2e98e3510 Exception <a 'sun/nio/fs/WindowsException'{0x00000000d5afd820}> (0x00000000d5afd820) 
thrown [s\src\hotspot\share\prims\jni.cpp, line 520]
Event: 38.165 Thread 0x000001b2e98e3510 Exception <a 'sun/nio/fs/WindowsException'{0x00000000d6213cf8}> (0x00000000d6213cf8) 
thrown [s\src\hotspot\share\prims\jni.cpp, line 520]
Event: 38.212 Thread 0x000001b2e98e3510 Exception <a 'sun/nio/fs/WindowsException'{0x00000000d5ef4550}> (0x00000000d5ef4550) 
thrown [s\src\hotspot\share\prims\jni.cpp, line 520]
Event: 38.287 Thread 0x000001b2e98e3510 Exception <a 'sun/nio/fs/WindowsException'{0x00000000d55be4d8}> (0x00000000d55be4d8) 
thrown [s\src\hotspot\share\prims\jni.cpp, line 520]
Event: 38.417 Thread 0x000001b2e98e3510 Exception <a 'sun/nio/fs/WindowsException'{0x00000000d6184be8}> (0x00000000d6184be8) 
thrown [s\src\hotspot\share\prims\jni.cpp, line 520]

ZGC Phase Switch (0 events):
No events

VM Operations (20 events):
Event: 38.084 Executing safepoint VM operation: ParallelGCFailedAllocation (Allocation Failure)
Event: 38.086 Executing safepoint VM operation: ParallelGCFailedAllocation (Allocation Failure) done
Event: 38.177 Executing safepoint VM operation: ParallelGCFailedAllocation (Allocation Failure)
Event: 38.180 Executing safepoint VM operation: ParallelGCFailedAllocation (Allocation Failure) done
Event: 38.284 Executing safepoint VM operation: ParallelGCFailedAllocation (Allocation Failure)
Event: 38.286 Executing safepoint VM operation: ParallelGCFailedAllocation (Allocation Failure) done
Event: 38.338 Executing safepoint VM operation: ParallelGCFailedAllocation (Allocation Failure)
Event: 38.341 Executing safepoint VM operation: ParallelGCFailedAllocation (Allocation Failure) done
Event: 38.361 Executing safepoint VM operation: ParallelGCFailedAllocation (Allocation Failure)
Event: 38.364 Executing safepoint VM operation: ParallelGCFailedAllocation (Allocation Failure) done
Event: 38.371 Executing safepoint VM operation: ParallelGCFailedAllocation (Allocation Failure)
Event: 38.373 Executing safepoint VM operation: ParallelGCFailedAllocation (Allocation Failure) done
Event: 38.380 Executing safepoint VM operation: ParallelGCFailedAllocation (Allocation Failure)
Event: 38.384 Executing safepoint VM operation: ParallelGCFailedAllocation (Allocation Failure) done
Event: 38.445 Executing safepoint VM operation: ParallelGCFailedAllocation (Allocation Failure)
Event: 38.448 Executing safepoint VM operation: ParallelGCFailedAllocation (Allocation Failure) done
Event: 38.494 Executing safepoint VM operation: ParallelGCFailedAllocation (Allocation Failure)
Event: 38.496 Executing safepoint VM operation: ParallelGCFailedAllocation (Allocation Failure) done
Event: 38.538 Executing safepoint VM operation: ParallelGCFailedAllocation (Allocation Failure)
Event: 38.541 Executing safepoint VM operation: ParallelGCFailedAllocation (Allocation Failure) done

Memory protections (0 events):
No events

Nmethod flushes (20 events):
Event: 26.066 Thread 0x000001b2c987ff80 flushing  nmethod 0x000001b2cd419090
Event: 26.066 Thread 0x000001b2c987ff80 flushing  nmethod 0x000001b2cd41f690
Event: 26.066 Thread 0x000001b2c987ff80 flushing  nmethod 0x000001b2cd421990
Event: 26.066 Thread 0x000001b2c987ff80 flushing  nmethod 0x000001b2cd422c10
Event: 26.066 Thread 0x000001b2c987ff80 flushing  nmethod 0x000001b2cd436090
Event: 26.066 Thread 0x000001b2c987ff80 flushing  nmethod 0x000001b2cd43ab10
Event: 26.066 Thread 0x000001b2c987ff80 flushing  nmethod 0x000001b2cd442110
Event: 26.066 Thread 0x000001b2c987ff80 flushing  nmethod 0x000001b2cd460210
Event: 26.066 Thread 0x000001b2c987ff80 flushing  nmethod 0x000001b2cd461710
Event: 26.066 Thread 0x000001b2c987ff80 flushing  nmethod 0x000001b2cd46a110
Event: 26.066 Thread 0x000001b2c987ff80 flushing  nmethod 0x000001b2cd4ce710
Event: 26.066 Thread 0x000001b2c987ff80 flushing  nmethod 0x000001b2cd519410
Event: 26.066 Thread 0x000001b2c987ff80 flushing  nmethod 0x000001b2cd53bc10
Event: 26.066 Thread 0x000001b2c987ff80 flushing  nmethod 0x000001b2cd567a90
Event: 26.066 Thread 0x000001b2c987ff80 flushing  nmethod 0x000001b2cd56e910
Event: 26.066 Thread 0x000001b2c987ff80 flushing  nmethod 0x000001b2cd574490
Event: 26.066 Thread 0x000001b2c987ff80 flushing  nmethod 0x000001b2cd574890
Event: 26.066 Thread 0x000001b2c987ff80 flushing  nmethod 0x000001b2cd593410
Event: 26.066 Thread 0x000001b2c987ff80 flushing  nmethod 0x000001b2cd5b2190
Event: 26.066 Thread 0x000001b2c987ff80 flushing  nmethod 0x000001b2cd5bc990

Events (20 events):
Event: 35.919 Thread 0x000001b2e9ec4fa0 Thread exited: 0x000001b2e9ec4fa0
Event: 36.046 Thread 0x000001b2e9ec48d0 Thread exited: 0x000001b2e9ec48d0
Event: 36.046 Thread 0x000001b2e9ec6ae0 Thread exited: 0x000001b2e9ec6ae0
Event: 36.250 Thread 0x000001b2e9ec9a90 Thread added: 0x000001b2e9ec6410
Event: 36.259 Thread 0x000001b2e9ec8cf0 Thread added: 0x000001b2e9ec48d0
Event: 36.263 Thread 0x000001b2e1ad2ee0 Thread added: 0x000001b2e9eca160
Event: 36.264 Thread 0x000001b2e9ec8cf0 Thread added: 0x000001b2e9ec4fa0
Event: 36.416 Thread 0x000001b2e9ec8cf0 Thread added: 0x000001b2e9ec6ae0
Event: 36.551 Thread 0x000001b2ec514620 Thread added: 0x000001b2f0b128c0
Event: 36.556 Thread 0x000001b2ec514620 Thread added: 0x000001b2f0b0edb0
Event: 36.557 Thread 0x000001b2f0b0edb0 Thread added: 0x000001b2f0b0fad0
Event: 36.557 Thread 0x000001b2f0b0fad0 Thread added: 0x000001b2f0b13c70
Event: 36.558 Thread 0x000001b2f0b13c70 Thread added: 0x000001b2f0b11ba0
Event: 36.560 Thread 0x000001b2ec514620 Thread added: 0x000001b2f0b0e090
Event: 37.028 Thread 0x000001b2ec516060 Thread exited: 0x000001b2ec516060
Event: 37.748 Thread 0x000001b2e9ec4fa0 Thread exited: 0x000001b2e9ec4fa0
Event: 37.748 Thread 0x000001b2e9eca160 Thread exited: 0x000001b2e9eca160
Event: 38.168 Thread 0x000001b2e9ec48d0 Thread exited: 0x000001b2e9ec48d0
Event: 38.286 Thread 0x000001b2e9ec6410 Thread exited: 0x000001b2e9ec6410
Event: 38.359 Thread 0x000001b2e9ec9a90 Thread exited: 0x000001b2e9ec9a90


Dynamic libraries:
0x00007ff651090000 - 0x00007ff65109e000 	c:\Users\C018\.vscode\extensions\redhat.java-1.54.0-win32-x64\jre\21.0.10-win32-x86_64\bin\java.exe
0x00007fff98170000 - 0x00007fff98365000 	C:\Windows\SYSTEM32\ntdll.dll
0x00007fff97c00000 - 0x00007fff97cbe000 	C:\Windows\System32\KERNEL32.DLL
0x00007fff95e20000 - 0x00007fff960e9000 	C:\Windows\System32\KERNELBASE.dll
0x00007fff92220000 - 0x00007fff922b0000 	C:\Windows\SYSTEM32\apphelp.dll
0x00007fff95bc0000 - 0x00007fff95cc0000 	C:\Windows\System32\ucrtbase.dll
0x00007fff6b9c0000 - 0x00007fff6b9d8000 	c:\Users\C018\.vscode\extensions\redhat.java-1.54.0-win32-x64\jre\21.0.10-win32-x86_64\bin\jli.dll
0x00007fff6bc40000 - 0x00007fff6bc5e000 	c:\Users\C018\.vscode\extensions\redhat.java-1.54.0-win32-x64\jre\21.0.10-win32-x86_64\bin\VCRUNTIME140.dll
0x00007fff965c0000 - 0x00007fff96761000 	C:\Windows\System32\USER32.dll
0x00007fff95890000 - 0x00007fff958b2000 	C:\Windows\System32\win32u.dll
0x00007fff974a0000 - 0x00007fff974cb000 	C:\Windows\System32\GDI32.dll
0x00007fff84220000 - 0x00007fff844ba000 	C:\Windows\WinSxS\amd64_microsoft.windows.common-controls_6595b64144ccf1df_6.0.19041.1110_none_60b5254171f9507e\COMCTL32.dll
0x00007fff95920000 - 0x00007fff95a2b000 	C:\Windows\System32\gdi32full.dll
0x00007fff960f0000 - 0x00007fff9618d000 	C:\Windows\System32\msvcp_win.dll
0x00007fff96240000 - 0x00007fff962de000 	C:\Windows\System32\msvcrt.dll
0x00007fff98100000 - 0x00007fff98130000 	C:\Windows\System32\IMM32.DLL
0x00007fff61790000 - 0x00007fff617ef000 	C:\Program Files\MacType\MacType64.dll
0x00007fff97750000 - 0x00007fff977fc000 	C:\Windows\System32\ADVAPI32.dll
0x00007fff96c10000 - 0x00007fff96cab000 	C:\Windows\System32\sechost.dll
0x00007fff97fd0000 - 0x00007fff980fa000 	C:\Windows\System32\RPCRT4.dll
0x00007fff5fbe0000 - 0x00007fff5fd63000 	C:\Program Files\MacType\MacType64.Core.dll
0x00007fff92b50000 - 0x00007fff93110000 	C:\Windows\SYSTEM32\d2d1.dll
0x00007fff93110000 - 0x00007fff93393000 	C:\Windows\SYSTEM32\dwrite.dll
0x00007fff95a80000 - 0x00007fff95b03000 	C:\Windows\System32\bcryptPrimitives.dll
0x00007fff914f0000 - 0x00007fff914fc000 	c:\Users\C018\.vscode\extensions\redhat.java-1.54.0-win32-x64\jre\21.0.10-win32-x86_64\bin\vcruntime140_1.dll
0x00007fff53e60000 - 0x00007fff53eed000 	c:\Users\C018\.vscode\extensions\redhat.java-1.54.0-win32-x64\jre\21.0.10-win32-x86_64\bin\msvcp140.dll
0x00007ffebaf90000 - 0x00007ffebbd31000 	c:\Users\C018\.vscode\extensions\redhat.java-1.54.0-win32-x64\jre\21.0.10-win32-x86_64\bin\server\jvm.dll
0x00007fff97610000 - 0x00007fff9767b000 	C:\Windows\System32\WS2_32.dll
0x00007fff94dc0000 - 0x00007fff94e0b000 	C:\Windows\SYSTEM32\POWRPROF.dll
0x00007fff8c1b0000 - 0x00007fff8c1d7000 	C:\Windows\SYSTEM32\WINMM.dll
0x00007fff8fa80000 - 0x00007fff8fa8a000 	C:\Windows\SYSTEM32\VERSION.dll
0x00007fff94c80000 - 0x00007fff94c92000 	C:\Windows\SYSTEM32\UMPDC.dll
0x00007fff94120000 - 0x00007fff94132000 	C:\Windows\SYSTEM32\kernel.appcore.dll
0x00007fff90470000 - 0x00007fff9047a000 	c:\Users\C018\.vscode\extensions\redhat.java-1.54.0-win32-x64\jre\21.0.10-win32-x86_64\bin\jimage.dll
0x00007fff93c50000 - 0x00007fff93e34000 	C:\Windows\SYSTEM32\DBGHELP.DLL
0x00007fff7fe60000 - 0x00007fff7fe8c000 	C:\Windows\SYSTEM32\dbgcore.DLL
0x00007fff83530000 - 0x00007fff8353f000 	c:\Users\C018\.vscode\extensions\redhat.java-1.54.0-win32-x64\jre\21.0.10-win32-x86_64\bin\instrument.dll
0x00007fff6be00000 - 0x00007fff6be20000 	c:\Users\C018\.vscode\extensions\redhat.java-1.54.0-win32-x64\jre\21.0.10-win32-x86_64\bin\java.dll
0x00007fff96cb0000 - 0x00007fff973ef000 	C:\Windows\System32\SHELL32.dll
0x000001b2e9000000 - 0x000001b2e9790000 	C:\Windows\SYSTEM32\windows.storage.dll
0x00007fff97800000 - 0x00007fff97b55000 	C:\Windows\System32\combase.dll
0x00007fff95200000 - 0x00007fff9522c000 	C:\Windows\SYSTEM32\Wldp.dll
0x00007fff97cc0000 - 0x00007fff97d6d000 	C:\Windows\System32\SHCORE.dll
0x00007fff97eb0000 - 0x00007fff97f05000 	C:\Windows\System32\shlwapi.dll
0x00007fff957d0000 - 0x00007fff957ef000 	C:\Windows\SYSTEM32\profapi.dll
0x00007fff6be20000 - 0x00007fff6be38000 	c:\Users\C018\.vscode\extensions\redhat.java-1.54.0-win32-x64\jre\21.0.10-win32-x86_64\bin\zip.dll
0x00007fff80170000 - 0x00007fff80180000 	C:\Users\C018\.vscode\extensions\redhat.java-1.54.0-win32-x64\jre\21.0.10-win32-x86_64\bin\net.dll
0x00007fff8ebb0000 - 0x00007fff8ecb8000 	C:\Windows\SYSTEM32\WINHTTP.dll
0x00007fff94fe0000 - 0x00007fff9504a000 	C:\Windows\system32\mswsock.dll
0x00007fff699d0000 - 0x00007fff699e6000 	C:\Users\C018\.vscode\extensions\redhat.java-1.54.0-win32-x64\jre\21.0.10-win32-x86_64\bin\nio.dll
0x00007fff7fef0000 - 0x00007fff7ff00000 	c:\Users\C018\.vscode\extensions\redhat.java-1.54.0-win32-x64\jre\21.0.10-win32-x86_64\bin\verify.dll
0x00007fff69070000 - 0x00007fff690b5000 	C:\Users\C018\AppData\Roaming\Code\User\globalStorage\redhat.java\1.54.0\config_win\org.eclipse.equinox.launcher\org.eclipse.equinox.launcher.win32.win32.x86_64_1.3.0.v20260203-2149\eclipse_11919.dll
0x00007fff962e0000 - 0x00007fff9640a000 	C:\Windows\System32\ole32.dll
0x00007fff95240000 - 0x00007fff95258000 	C:\Windows\SYSTEM32\CRYPTSP.dll
0x00007fff94910000 - 0x00007fff94944000 	C:\Windows\system32\rsaenh.dll
0x00007fff96190000 - 0x00007fff961b7000 	C:\Windows\System32\bcrypt.dll
0x00007fff95750000 - 0x00007fff9577e000 	C:\Windows\SYSTEM32\USERENV.dll
0x00007fff95170000 - 0x00007fff9517c000 	C:\Windows\SYSTEM32\CRYPTBASE.dll
0x00007fff94ca0000 - 0x00007fff94cdb000 	C:\Windows\SYSTEM32\IPHLPAPI.DLL
0x00007fff96c00000 - 0x00007fff96c08000 	C:\Windows\System32\NSI.dll
0x00007fff55640000 - 0x00007fff55689000 	C:\Users\C018\AppData\Local\Temp\jna-2043700\jna6969519061218359807.dll
0x00007fff96770000 - 0x00007fff96778000 	C:\Windows\System32\PSAPI.DLL
0x00007fff90220000 - 0x00007fff90237000 	C:\Windows\SYSTEM32\dhcpcsvc6.DLL
0x00007fff901b0000 - 0x00007fff901cd000 	C:\Windows\SYSTEM32\dhcpcsvc.DLL
0x00007fff78b50000 - 0x00007fff78b5e000 	C:\Users\C018\.vscode\extensions\redhat.java-1.54.0-win32-x64\jre\21.0.10-win32-x86_64\bin\sunmscapi.dll
0x00007fff95350000 - 0x00007fff95377000 	C:\Windows\SYSTEM32\ncrypt.dll
0x000001b2e4e90000 - 0x000001b2e4fe6000 	C:\Windows\System32\CRYPT32.dll
0x00007fff952f0000 - 0x00007fff9532b000 	C:\Windows\SYSTEM32\NTASN1.dll
0x00007fff94cf0000 - 0x00007fff94dbc000 	C:\Windows\SYSTEM32\DNSAPI.dll
0x00007fff8e700000 - 0x00007fff8e70a000 	C:\Windows\System32\rasadhlp.dll
0x00007fff8dd70000 - 0x00007fff8ddef000 	C:\Windows\System32\fwpuclnt.dll
0x00007fff785e0000 - 0x00007fff785e9000 	C:\Users\C018\.vscode\extensions\redhat.java-1.54.0-win32-x64\jre\21.0.10-win32-x86_64\bin\extnet.dll
0x00007fff69800000 - 0x00007fff69827000 	C:\Users\C018\.gradle\native\660c5614fbf4a5f2a75b1949f50a0caf5cd603558e7d8a26e50b933a0cfb79d1\windows-amd64\native-platform.dll
0x00007fff75080000 - 0x00007fff7508a000 	C:\Users\C018\.vscode\extensions\redhat.java-1.54.0-win32-x64\jre\21.0.10-win32-x86_64\bin\management.dll
0x00007fff745d0000 - 0x00007fff745dc000 	C:\Users\C018\.vscode\extensions\redhat.java-1.54.0-win32-x64\jre\21.0.10-win32-x86_64\bin\management_ext.dll

JVMTI agents:
c:\Users\C018\.vscode\extensions\redhat.java-1.54.0-win32-x64\lombok\lombok-1.18.39-4050.jar path:c:\Users\C018\.vscode\extensions\redhat.java-1.54.0-win32-x64\jre\21.0.10-win32-x86_64\bin\instrument.dll, loaded, initialized, instrumentlib options:none

dbghelp: loaded successfully - version: 4.0.5 - missing functions: none
symbol engine: initialized successfully - sym options: 0x614 - pdb path: .;c:\Users\C018\.vscode\extensions\redhat.java-1.54.0-win32-x64\jre\21.0.10-win32-x86_64\bin;C:\Windows\SYSTEM32;C:\Windows\WinSxS\amd64_microsoft.windows.common-controls_6595b64144ccf1df_6.0.19041.1110_none_60b5254171f9507e;C:\Program Files\MacType;c:\Users\C018\.vscode\extensions\redhat.java-1.54.0-win32-x64\jre\21.0.10-win32-x86_64\bin\server;C:\Users\C018\AppData\Roaming\Code\User\globalStorage\redhat.java\1.54.0\config_win\org.eclipse.equinox.launcher\org.eclipse.equinox.launcher.win32.win32.x86_64_1.3.0.v20260203-2149;C:\Users\C018\AppData\Local\Temp\jna-2043700;C:\Users\C018\.gradle\native\660c5614fbf4a5f2a75b1949f50a0caf5cd603558e7d8a26e50b933a0cfb79d1\windows-amd64

VM Arguments:
jvm_args: --add-modules=ALL-SYSTEM --add-opens=java.base/java.util=ALL-UNNAMED --add-opens=java.base/java.lang=ALL-UNNAMED --add-opens=java.base/sun.nio.fs=ALL-UNNAMED -Declipse.application=org.eclipse.jdt.ls.core.id1 -Dosgi.bundles.defaultStartLevel=4 -Declipse.product=org.eclipse.jdt.ls.core.product -Djava.import.generatesMetadataFilesAtProjectRoot=false -DDetectVMInstallationsJob.disabled=true -Dfile.encoding=utf8 -XX:+UseParallelGC -XX:GCTimeRatio=4 -XX:AdaptiveSizePolicyWeight=90 -Dsun.zip.disableMemoryMapping=true -Xmx2G -Xms100m -Xlog:disable -javaagent:c:\Users\C018\.vscode\extensions\redhat.java-1.54.0-win32-x64\lombok\lombok-1.18.39-4050.jar -XX:+HeapDumpOnOutOfMemoryError -XX:HeapDumpPath=c:\Users\C018\AppData\Roaming\Code\User\workspaceStorage\831d3474975e95f00da8b076bb00b383\redhat.java -Daether.dependencyCollector.impl=bf 
java_command: c:\Users\C018\.vscode\extensions\redhat.java-1.54.0-win32-x64\server\plugins\org.eclipse.equinox.launcher_1.7.100.v20251111-0406.jar -configuration c:\Users\C018\AppData\Roaming\Code\User\globalStorage\redhat.java\1.54.0\config_win -data c:\Users\C018\AppData\Roaming\Code\User\workspaceStorage\831d3474975e95f00da8b076bb00b383\redhat.java\jdt_ws --pipe=\\.\pipe\lsp-144c622ccb1e3ca5930770b15ca17237-sock
java_class_path (initial): c:\Users\C018\.vscode\extensions\redhat.java-1.54.0-win32-x64\server\plugins\org.eclipse.equinox.launcher_1.7.100.v20251111-0406.jar
Launcher Type: SUN_STANDARD

[Global flags]
    uintx AdaptiveSizePolicyWeight                 = 90                                        {product} {command line}
     intx CICompilerCount                          = 12                                        {product} {ergonomic}
    uintx GCTimeRatio                              = 4                                         {product} {command line}
     bool HeapDumpOnOutOfMemoryError               = true                                   {manageable} {command line}
    ccstr HeapDumpPath                             = c:\Users\C018\AppData\Roaming\Code\User\workspaceStorage\831d3474975e95f00da8b076bb00b383\redhat.java         {manageable} {command line}
   size_t InitialHeapSize                          = 104857600                                 {product} {command line}
   size_t MaxHeapSize                              = 2147483648                                {product} {command line}
   size_t MaxNewSize                               = 715653120                                 {product} {ergonomic}
   size_t MinHeapDeltaBytes                        = 524288                                    {product} {ergonomic}
   size_t MinHeapSize                              = 104857600                                 {product} {command line}
   size_t NewSize                                  = 34603008                                  {product} {ergonomic}
    uintx NonNMethodCodeHeapSize                   = 7602480                                {pd product} {ergonomic}
    uintx NonProfiledCodeHeapSize                  = 122027880                              {pd product} {ergonomic}
   size_t OldSize                                  = 70254592                                  {product} {ergonomic}
    uintx ProfiledCodeHeapSize                     = 122027880                              {pd product} {ergonomic}
    uintx ReservedCodeCacheSize                    = 251658240                              {pd product} {ergonomic}
     bool SegmentedCodeCache                       = true                                      {product} {ergonomic}
   size_t SoftMaxHeapSize                          = 2147483648                             {manageable} {ergonomic}
     bool UseCompressedOops                        = true                           {product lp64_product} {ergonomic}
     bool UseLargePagesIndividualAllocation        = false                                  {pd product} {ergonomic}
     bool UseParallelGC                            = true                                      {product} {command line}

Logging:
Log output configuration:
 #0: stdout all=off uptime,level,tags foldmultilines=false
 #1: stderr all=off uptime,level,tags foldmultilines=false

Release file:
JAVA_VERSION="21.0.10" 
MODULES="java.base java.compiler java.datatransfer java.xml java.prefs java.desktop java.instrument java.logging java.management java.security.sasl java.naming java.rmi java.management.rmi java.net.http java.scripting java.security.jgss java.transaction.xa java.sql java.sql.rowset java.xml.crypto java.se java.smartcardio jdk.accessibility jdk.internal.jvmstat jdk.attach jdk.charsets jdk.internal.opt jdk.zipfs jdk.compiler jdk.crypto.ec jdk.crypto.cryptoki jdk.crypto.mscapi jdk.dynalink jdk.internal.ed jdk.editpad jdk.hotspot.agent jdk.httpserver jdk.internal.le jdk.internal.vm.ci jdk.internal.vm.compiler jdk.internal.vm.compiler.management jdk.jartool jdk.javadoc jdk.jcmd jdk.management jdk.management.agent jdk.jconsole jdk.jdeps jdk.jdwp.agent jdk.jdi jdk.jfr jdk.jshell jdk.jsobject jdk.jstatd jdk.localedata jdk.management.jfr jdk.naming.dns jdk.naming.rmi jdk.net jdk.nio.mapmode jdk.random jdk.sctp jdk.security.auth jdk.security.jgss jdk.unsupported jdk.unsupported.desktop jdk.xml.dom" 

Environment Variables:
CLASSPATH=C:\Program Files\Apryse Software\Xodo PDF Reader\lib\xodopdfstudio.jar;C:\Program Files\Apryse Software\Xodo PDF Reader\lib\cmaps.jar
PATH=C:\Users\C018\AppData\Local\Programs\Microsoft VS Code;C:\Program Files\Eclipse Adoptium\jdk-25.0.1.8-hotspot\bin;C:\Windows\system32;C:\Windows;C:\Windows\System32\Wbem;C:\Windows\System32\WindowsPowerShell\v1.0\;C:\Windows\System32\OpenSSH\;C:\Program Files\Git\cmd;C:\Program Files\Go\bin;C:\Program Files\Apryse Software\Xodo PDF Reader\jre\bin\server;C:\Program Files\nodejs\;C:\Program Files\cursor\resources\app\bin;C:\ProgramData\chocolatey\bin;C:\Program Files (x86)\NetSarang\Xshell 8\;C:\Program Files\Graphviz\bin;C:\Program Files\dotnet\;C:\Program Files\Meld\;;C:\Users\C018\.local\bin;C:\Users\C018\.cargo\bin;C:\Users\C018\AppData\Local\Microsoft\WindowsApps;C:\Users\C018\go\bin;C:\Users\C018\tools;C:\Users\C018\AppData\Local\Programs\Microsoft VS Code\bin;C:\Program Files\Git\bin;C:\Program Files\JetBrains\PyCharm 2025.2.4\bin;C:\Users\C018\AppData\Roaming\npm;C:\Program Files\nodejs;C:\Users\C018\program\Android\platform-tools;C:\Users\C018\AppData\Local\Programs\Fiddler;C:\Program Files\Graphviz\bin;C:\Users\C018\program\poppler-25.12.0\Library\bin;C:\Users\C018\.dotnet\tools;C:\Users\C018\AppData\Local\gitkraken\bin;C:\Users\C018\.dotnet\tools
USERNAME=C018
OS=Windows_NT
PROCESSOR_IDENTIFIER=Intel64 Family 6 Model 183 Stepping 1, GenuineIntel
TMP=C:\Users\C018\AppData\Local\Temp
TEMP=C:\Users\C018\AppData\Local\Temp




Periodic native trim disabled

---------------  S Y S T E M  ---------------

OS:
 Windows 10 , 64 bit Build 19041 (10.0.19041.1202)
OS uptime: 0 days 23:18 hours
Hyper-V role detected

CPU: total 28 (initial active 28) (14 cores per cpu, 2 threads per core) family 6 model 183 stepping 1 microcode 0x12b, cx8, cmov, fxsr, ht, mmx, 3dnowpref, sse, sse2, sse3, ssse3, sse4.1, sse4.2, popcnt, lzcnt, tsc, tscinvbit, avx, avx2, aes, erms, clmul, bmi1, bmi2, adx, sha, fma, vzeroupper, clflush, clflushopt, clwb, hv, rdtscp, rdpid, fsrm, f16c, cet_ibt, cet_ss
Processor Information for processor 0
  Max Mhz: 2100, Current Mhz: 2100, Mhz Limit: 1491
Processor Information for processor 1
  Max Mhz: 2100, Current Mhz: 2100, Mhz Limit: 2100
Processor Information for processor 2
  Max Mhz: 2100, Current Mhz: 2100, Mhz Limit: 2100
Processor Information for processor 3
  Max Mhz: 2100, Current Mhz: 2100, Mhz Limit: 2100
Processor Information for processor 4
  Max Mhz: 2100, Current Mhz: 2100, Mhz Limit: 2100
Processor Information for processor 5
  Max Mhz: 2100, Current Mhz: 2100, Mhz Limit: 2100
Processor Information for processor 6
  Max Mhz: 2100, Current Mhz: 2100, Mhz Limit: 2100
Processor Information for processor 7
  Max Mhz: 2100, Current Mhz: 2100, Mhz Limit: 2100
Processor Information for processor 8
  Max Mhz: 2100, Current Mhz: 2100, Mhz Limit: 2100
Processor Information for processor 9
  Max Mhz: 2100, Current Mhz: 2100, Mhz Limit: 2100
Processor Information for processor 10
  Max Mhz: 2100, Current Mhz: 2100, Mhz Limit: 2100
Processor Information for processor 11
  Max Mhz: 2100, Current Mhz: 2100, Mhz Limit: 2100
Processor Information for processor 12
  Max Mhz: 2100, Current Mhz: 2100, Mhz Limit: 2100
Processor Information for processor 13
  Max Mhz: 2100, Current Mhz: 2100, Mhz Limit: 2100
Processor Information for processor 14
  Max Mhz: 2100, Current Mhz: 2100, Mhz Limit: 2100
Processor Information for processor 15
  Max Mhz: 2100, Current Mhz: 2100, Mhz Limit: 2100
Processor Information for processor 16
  Max Mhz: 2100, Current Mhz: 1500, Mhz Limit: 1491
Processor Information for processor 17
  Max Mhz: 2100, Current Mhz: 1500, Mhz Limit: 1491
Processor Information for processor 18
  Max Mhz: 2100, Current Mhz: 1500, Mhz Limit: 1491
Processor Information for processor 19
  Max Mhz: 2100, Current Mhz: 1500, Mhz Limit: 1491
Processor Information for processor 20
  Max Mhz: 2100, Current Mhz: 1500, Mhz Limit: 1491
Processor Information for processor 21
  Max Mhz: 2100, Current Mhz: 1500, Mhz Limit: 1491
Processor Information for processor 22
  Max Mhz: 2100, Current Mhz: 1500, Mhz Limit: 1491
Processor Information for processor 23
  Max Mhz: 2100, Current Mhz: 1500, Mhz Limit: 1491
Processor Information for processor 24
  Max Mhz: 2100, Current Mhz: 1500, Mhz Limit: 1491
Processor Information for processor 25
  Max Mhz: 2100, Current Mhz: 1500, Mhz Limit: 1491
Processor Information for processor 26
  Max Mhz: 2100, Current Mhz: 1500, Mhz Limit: 1491
Processor Information for processor 27
  Max Mhz: 2100, Current Mhz: 1500, Mhz Limit: 1491

Memory: 4k page, system-wide physical 32078M (11719M free)
TotalPageFile size 52558M (AvailPageFile size 5M)
current process WorkingSet (physical memory assigned to process): 1268M, peak: 1268M
current process commit charge ("private bytes"): 1254M, peak: 1792M

vm_info: OpenJDK 64-Bit Server VM (21.0.10+7-LTS) for windows-amd64 JRE (21.0.10+7-LTS), built on 2026-01-20T00:00:00Z by "admin" with MS VC++ 17.12 (VS2022)

END.
