#
# There is insufficient memory for the Java Runtime Environment to continue.
# Native memory allocation (malloc) failed to allocate 1252608 bytes. Error detail: Chunk::new
# Possible reasons:
#   The system is out of physical RAM or swap space
#   This process is running with CompressedOops enabled, and the Java Heap may be blocking the growth of the native heap
# Possible solutions:
#   Reduce memory load on the system
#   Increase physical memory or swap space
#   Check if swap backing store is full
#   Decrease Java heap size (-Xmx/-Xms)
#   Decrease number of Java threads
#   Decrease Java thread stack sizes (-Xss)
#   Set larger code cache with -XX:ReservedCodeCacheSize=
#   JVM is running with Unscaled Compressed Oops mode in which the Java heap is
#     placed in the first 4GB address space. The Java Heap base address is the
#     maximum limit for the native heap growth. Please use -XX:HeapBaseMinAddress
#     to set the Java Heap base and to place the Java Heap above 4GB virtual address.
# This output file may be truncated or incomplete.
#
#  Out of Memory Error (arena.cpp:168), pid=58736, tid=59196
#
# JRE version: OpenJDK Runtime Environment Temurin-21.0.10+7 (21.0.10+7) (build 21.0.10+7-LTS)
# Java VM: OpenJDK 64-Bit Server VM Temurin-21.0.10+7 (21.0.10+7-LTS, mixed mode, sharing, tiered, compressed oops, compressed class ptrs, parallel gc, windows-amd64)
# No core dump will be written. Minidumps are not enabled by default on client versions of Windows
#

---------------  S U M M A R Y ------------

Command Line: --add-modules=ALL-SYSTEM --add-opens=java.base/java.util=ALL-UNNAMED --add-opens=java.base/java.lang=ALL-UNNAMED --add-opens=java.base/sun.nio.fs=ALL-UNNAMED -Declipse.application=org.eclipse.jdt.ls.core.id1 -Dosgi.bundles.defaultStartLevel=4 -Declipse.product=org.eclipse.jdt.ls.core.product -Djava.import.generatesMetadataFilesAtProjectRoot=false -DDetectVMInstallationsJob.disabled=true -Dfile.encoding=utf8 -XX:+UseParallelGC -XX:GCTimeRatio=4 -XX:AdaptiveSizePolicyWeight=90 -Dsun.zip.disableMemoryMapping=true -Xmx2G -Xms100m -Xlog:disable -javaagent:c:\Users\C018\.vscode\extensions\redhat.java-1.54.0-win32-x64\lombok\lombok-1.18.39-4050.jar c:\Users\C018\.vscode\extensions\redhat.java-1.54.0-win32-x64\server\plugins\org.eclipse.equinox.launcher_1.7.100.v20251111-0406.jar -configuration c:\Users\C018\AppData\Roaming\Code\User\globalStorage\redhat.java\1.54.0\config_ss_win -data c:\Users\C018\AppData\Roaming\Code\User\workspaceStorage\831d3474975e95f00da8b076bb00b383\redhat.java\ss_ws --pipe=\\.\pipe\lsp-91d77f3c120455377fe4f890c7b75baa-sock

Host: Intel(R) Core(TM) i7-14700, 28 cores, 31G,  Windows 10 , 64 bit Build 19041 (10.0.19041.1202)
Time: Fri Apr 24 10:50:10 2026 elapsed time: 10.860738 seconds (0d 0h 0m 10s)

---------------  T H R E A D  ---------------

Current thread (0x000001af084fbdb0):  JavaThread "C2 CompilerThread0" daemon [_thread_in_native, id=59196, stack(0x000000ac8fa00000,0x000000ac8fb00000) (1024K)]


Current CompileTask:
C2:10860 2929       4       org.lombokweb.asm.ClassReader::readMethod (1070 bytes)

Stack: [0x000000ac8fa00000,0x000000ac8fb00000]
Native frames: (J=compiled Java code, j=interpreted, Vv=VM code, C=native code)
V  [jvm.dll+0x6d7a39]
V  [jvm.dll+0x8b4b26]
V  [jvm.dll+0x8b70de]
V  [jvm.dll+0x8b77c3]
V  [jvm.dll+0x284346]
V  [jvm.dll+0xc66ed]
V  [jvm.dll+0xc6c31]
V  [jvm.dll+0x3bec3b]
V  [jvm.dll+0x38b162]
V  [jvm.dll+0x38a5aa]
V  [jvm.dll+0x24c560]
V  [jvm.dll+0x24bb40]
V  [jvm.dll+0x1cb34e]
V  [jvm.dll+0x25b85d]
V  [jvm.dll+0x259dea]
V  [jvm.dll+0x3f857e]
V  [jvm.dll+0x85f59d]
V  [jvm.dll+0x6d626d]
C  [ucrtbase.dll+0x21bb2]
C  [KERNEL32.DLL+0x17034]
C  [ntdll.dll+0x52651]


---------------  P R O C E S S  ---------------

Threads class SMR info:
_java_thread_list=0x000001af12735bb0, length=23, elements={
0x000001aeafa94dd0, 0x000001af084e1f80, 0x000001af084e2c60, 0x000001af084e7bc0,
0x000001af084ea9f0, 0x000001af084ed180, 0x000001af084f1980, 0x000001af084fbdb0,
0x000001af084fd1a0, 0x000001af085fcda0, 0x000001af1001c870, 0x000001af101525a0,
0x000001af109d8b80, 0x000001af08603620, 0x000001af107c5010, 0x000001af1085b750,
0x000001af106c19c0, 0x000001af1047bf50, 0x000001af103a1570, 0x000001af10c9f710,
0x000001af10f56070, 0x000001af103cbd10, 0x000001af127354b0
}

Java Threads: ( => current thread )
  0x000001aeafa94dd0 JavaThread "main"                              [_thread_blocked, id=58844, stack(0x000000ac8f000000,0x000000ac8f100000) (1024K)]
  0x000001af084e1f80 JavaThread "Reference Handler"          daemon [_thread_blocked, id=59172, stack(0x000000ac8f400000,0x000000ac8f500000) (1024K)]
  0x000001af084e2c60 JavaThread "Finalizer"                  daemon [_thread_blocked, id=59176, stack(0x000000ac8f500000,0x000000ac8f600000) (1024K)]
  0x000001af084e7bc0 JavaThread "Signal Dispatcher"          daemon [_thread_blocked, id=59180, stack(0x000000ac8f600000,0x000000ac8f700000) (1024K)]
  0x000001af084ea9f0 JavaThread "Attach Listener"            daemon [_thread_blocked, id=59184, stack(0x000000ac8f700000,0x000000ac8f800000) (1024K)]
  0x000001af084ed180 JavaThread "Service Thread"             daemon [_thread_blocked, id=59188, stack(0x000000ac8f800000,0x000000ac8f900000) (1024K)]
  0x000001af084f1980 JavaThread "Monitor Deflation Thread"   daemon [_thread_blocked, id=59192, stack(0x000000ac8f900000,0x000000ac8fa00000) (1024K)]
=>0x000001af084fbdb0 JavaThread "C2 CompilerThread0"         daemon [_thread_in_native, id=59196, stack(0x000000ac8fa00000,0x000000ac8fb00000) (1024K)]
  0x000001af084fd1a0 JavaThread "C1 CompilerThread0"         daemon [_thread_blocked, id=59200, stack(0x000000ac8fb00000,0x000000ac8fc00000) (1024K)]
  0x000001af085fcda0 JavaThread "C1 CompilerThread1"         daemon [_thread_blocked, id=59324, stack(0x000000ac8fc00000,0x000000ac8fd00000) (1024K)]
  0x000001af1001c870 JavaThread "Common-Cleaner"             daemon [_thread_blocked, id=54684, stack(0x000000ac90000000,0x000000ac90100000) (1024K)]
  0x000001af101525a0 JavaThread "Notification Thread"        daemon [_thread_blocked, id=58860, stack(0x000000ac8fe00000,0x000000ac8ff00000) (1024K)]
  0x000001af109d8b80 JavaThread "Active Thread: Equinox Container: 34585138-937b-49f7-bb80-c5315b495522"        [_thread_blocked, id=58684, stack(0x000000ac90900000,0x000000ac90a00000) (1024K)]
  0x000001af08603620 JavaThread "Framework Event Dispatcher: Equinox Container: 34585138-937b-49f7-bb80-c5315b495522" daemon [_thread_blocked, id=58900, stack(0x000000ac8fd00000,0x000000ac8fe00000) (1024K)]
  0x000001af107c5010 JavaThread "Start Level: Equinox Container: 34585138-937b-49f7-bb80-c5315b495522" daemon [_thread_in_native, id=58544, stack(0x000000ac90100000,0x000000ac90200000) (1024K)]
  0x000001af1085b750 JavaThread "SCR Component Actor"        daemon [_thread_blocked, id=58436, stack(0x000000ac90800000,0x000000ac90900000) (1024K)]
  0x000001af106c19c0 JavaThread "Worker-JM"                         [_thread_blocked, id=58808, stack(0x000000ac90c00000,0x000000ac90d00000) (1024K)]
  0x000001af1047bf50 JavaThread "C1 CompilerThread2"         daemon [_thread_blocked, id=58560, stack(0x000000ac90d00000,0x000000ac90e00000) (1024K)]
  0x000001af103a1570 JavaThread "C1 CompilerThread3"         daemon [_thread_blocked, id=56936, stack(0x000000ac90e00000,0x000000ac90f00000) (1024K)]
  0x000001af10c9f710 JavaThread "JNA Cleaner"                daemon [_thread_blocked, id=55852, stack(0x000000ac91300000,0x000000ac91400000) (1024K)]
  0x000001af10f56070 JavaThread "Worker-0"                          [_thread_blocked, id=59296, stack(0x000000ac91400000,0x000000ac91500000) (1024K)]
  0x000001af103cbd10 JavaThread "Worker-1"                          [_thread_blocked, id=58528, stack(0x000000ac91500000,0x000000ac91600000) (1024K)]
  0x000001af127354b0 JavaThread "C2 CompilerThread1"         daemon [_thread_blocked, id=36452, stack(0x000000ac90a00000,0x000000ac90b00000) (1024K)]
Total: 23

Other Threads:
  0x000001aeafaf3810 VMThread "VM Thread"                           [id=59140, stack(0x000000ac8f300000,0x000000ac8f400000) (1024K)]
  0x000001aeaf90d2b0 WatcherThread "VM Periodic Task Thread"        [id=59132, stack(0x000000ac8f200000,0x000000ac8f300000) (1024K)]
  0x000001aeafaa9e20 WorkerThread "GC Thread#0"                     [id=59048, stack(0x000000ac8f100000,0x000000ac8f200000) (1024K)]
  0x000001af1018b980 WorkerThread "GC Thread#1"                     [id=58516, stack(0x000000ac90200000,0x000000ac90300000) (1024K)]
  0x000001af1051a7e0 WorkerThread "GC Thread#2"                     [id=59124, stack(0x000000ac90300000,0x000000ac90400000) (1024K)]
  0x000001af1070d2b0 WorkerThread "GC Thread#3"                     [id=59128, stack(0x000000ac90400000,0x000000ac90500000) (1024K)]
  0x000001af1070d660 WorkerThread "GC Thread#4"                     [id=58988, stack(0x000000ac90500000,0x000000ac90600000) (1024K)]
  0x000001af1070de20 WorkerThread "GC Thread#5"                     [id=58916, stack(0x000000ac90600000,0x000000ac90700000) (1024K)]
  0x000001af10904a50 WorkerThread "GC Thread#6"                     [id=58920, stack(0x000000ac90700000,0x000000ac90800000) (1024K)]
  0x000001af10b27c90 WorkerThread "GC Thread#7"                     [id=59032, stack(0x000000ac8ff00000,0x000000ac90000000) (1024K)]
  0x000001af10b28040 WorkerThread "GC Thread#8"                     [id=52164, stack(0x000000ac90f00000,0x000000ac91000000) (1024K)]
  0x000001af10b26a20 WorkerThread "GC Thread#9"                     [id=58548, stack(0x000000ac91000000,0x000000ac91100000) (1024K)]
  0x000001af10b26dd0 WorkerThread "GC Thread#10"                    [id=35320, stack(0x000000ac91100000,0x000000ac91200000) (1024K)]
  0x000001af10b278e0 WorkerThread "GC Thread#11"                    [id=54732, stack(0x000000ac91600000,0x000000ac91700000) (1024K)]
  0x000001af10b283f0 WorkerThread "GC Thread#12"                    [id=59384, stack(0x000000ac91700000,0x000000ac91800000) (1024K)]
  0x000001af111df270 WorkerThread "GC Thread#13"                    [id=59304, stack(0x000000ac91800000,0x000000ac91900000) (1024K)]
  0x000001af111dd140 WorkerThread "GC Thread#14"                    [id=55544, stack(0x000000ac91200000,0x000000ac91300000) (1024K)]
Total: 17

Threads with active compile tasks:
C2 CompilerThread0  10889 2929       4       org.lombokweb.asm.ClassReader::readMethod (1070 bytes)
Total: 1

VM state: not at safepoint (normal execution)

VM Mutex/Monitor currently owned by a thread: None

Heap address: 0x0000000080000000, size: 2048 MB, Compressed Oops mode: 32-bit

CDS archive(s) mapped at: [0x000001aec7000000-0x000001aec7ba0000-0x000001aec7ba0000), size 12189696, SharedBaseAddress: 0x000001aec7000000, ArchiveRelocationMode: 1.
Compressed class space mapped at: 0x000001aec8000000-0x000001af08000000, reserved size: 1073741824
Narrow klass base: 0x000001aec7000000, Narrow klass shift: 0, Narrow klass range: 0x100000000

GC Precious Log:
 CardTable entry size: 512
 CPUs: 28 total, 28 available
 Memory: 32078M
 Large Page Support: Disabled
 NUMA Support: Disabled
 Compressed Oops: Enabled (32-bit)
 Alignments: Space 512K, Generation 512K, Heap 2M
 Heap Min Capacity: 100M
 Heap Initial Capacity: 100M
 Heap Max Capacity: 2G
 Pre-touch: Disabled
 Parallel Workers: 20

Heap:
 PSYoungGen      total 29696K, used 21682K [0x00000000d5580000, 0x00000000d7780000, 0x0000000100000000)
  eden space 25088K, 86% used [0x00000000d5580000,0x00000000d6aaca30,0x00000000d6e00000)
  from space 4608K, 0% used [0x00000000d7300000,0x00000000d7300000,0x00000000d7780000)
  to   space 4608K, 0% used [0x00000000d6e80000,0x00000000d6e80000,0x00000000d7300000)
 ParOldGen       total 68608K, used 9438K [0x0000000080000000, 0x0000000084300000, 0x00000000d5580000)
  object space 68608K, 13% used [0x0000000080000000,0x00000000809378c8,0x0000000084300000)
 Metaspace       used 22297K, committed 22912K, reserved 1114112K
  class space    used 2157K, committed 2432K, reserved 1048576K

Card table byte_map: [0x000001aeaf3e0000,0x000001aeaf7f0000] _byte_map_base: 0x000001aeaefe0000

Marking Bits: (ParMarkBitMap*) 0x00007ffebbc53450
 Begin Bits: [0x000001aec1ef0000, 0x000001aec3ef0000)
 End Bits:   [0x000001aec3ef0000, 0x000001aec5ef0000)

Polling page: 0x000001aead8e0000

Metaspace:

Usage:
  Non-class:     19.67 MB used.
      Class:      2.11 MB used.
       Both:     21.78 MB used.

Virtual space:
  Non-class space:       64.00 MB reserved,      20.00 MB ( 31%) committed,  1 nodes.
      Class space:        1.00 GB reserved,       2.38 MB ( <1%) committed,  1 nodes.
             Both:        1.06 GB reserved,      22.38 MB (  2%) committed. 

Chunk freelists:
   Non-Class:  11.62 MB
       Class:  13.45 MB
        Both:  25.07 MB

MaxMetaspaceSize: unlimited
CompressedClassSpaceSize: 1.00 GB
Initial GC threshold: 21.00 MB
Current GC threshold: 35.00 MB
CDS: on
 - commit_granule_bytes: 65536.
 - commit_granule_words: 8192.
 - virtual_space_node_default_size: 8388608.
 - enlarge_chunks_in_place: 1.
 - use_allocation_guard: 0.


Internal statistics:

num_allocs_failed_limit: 3.
num_arena_births: 508.
num_arena_deaths: 14.
num_vsnodes_births: 2.
num_vsnodes_deaths: 0.
num_space_committed: 358.
num_space_uncommitted: 0.
num_chunks_returned_to_freelist: 17.
num_chunks_taken_from_freelist: 1366.
num_chunk_merges: 7.
num_chunk_splits: 883.
num_chunks_enlarged: 571.
num_inconsistent_stats: 0.

CodeHeap 'non-profiled nmethods': size=119168Kb used=1358Kb max_used=1358Kb free=117809Kb
 bounds [0x000001aeba7e0000, 0x000001aebaa50000, 0x000001aec1c40000]
CodeHeap 'profiled nmethods': size=119104Kb used=5840Kb max_used=5840Kb free=113263Kb
 bounds [0x000001aeb2c40000, 0x000001aeb3200000, 0x000001aeba090000]
CodeHeap 'non-nmethods': size=7488Kb used=3010Kb max_used=3028Kb free=4477Kb
 bounds [0x000001aeba090000, 0x000001aeba390000, 0x000001aeba7e0000]
CodeCache: size=245760Kb, used=10208Kb, max_used=10226Kb, free=235549Kb
 total_blobs=3601, nmethods=2992, adapters=512, full_count=0
Compilation: enabled, stopped_count=0, restarted_count=0

Compilation events (20 events):
Event: 10.768 Thread 0x000001af1047bf50 nmethod 2973 0x000001aeb31e2990 code [0x000001aeb31e2ce0, 0x000001aeb31e3f48]
Event: 10.768 Thread 0x000001af085fcda0 nmethod 2980 0x000001aeb31e4690 code [0x000001aeb31e48e0, 0x000001aeb31e53a0]
Event: 10.768 Thread 0x000001af1047bf50 2981       3       org.eclipse.core.internal.preferences.PreferencesService::getDefault (20 bytes)
Event: 10.768 Thread 0x000001af085fcda0 2986   !   3       org.eclipse.core.internal.preferences.EclipsePreferences::getChild (92 bytes)
Event: 10.768 Thread 0x000001af1047bf50 nmethod 2981 0x000001aeb31e5790 code [0x000001aeb31e5940, 0x000001aeb31e5b38]
Event: 10.768 Thread 0x000001af1047bf50 2982       3       org.eclipse.core.internal.preferences.DefaultPreferences::getLoadLevel (52 bytes)
Event: 10.768 Thread 0x000001af085fcda0 nmethod 2986 0x000001aeb31e5c10 code [0x000001aeb31e5e40, 0x000001aeb31e6760]
Event: 10.768 Thread 0x000001af084fd1a0 nmethod 2979 0x000001aeb31e6a10 code [0x000001aeb31e6d60, 0x000001aeb31e8100]
Event: 10.768 Thread 0x000001af1047bf50 nmethod 2982 0x000001aeb31e8810 code [0x000001aeb31e8a00, 0x000001aeb31e9050]
Event: 10.768 Thread 0x000001af1047bf50 2984       3       org.eclipse.core.internal.preferences.DefaultPreferences::internalPut (66 bytes)
Event: 10.768 Thread 0x000001af085fcda0 2983       3       org.eclipse.core.internal.preferences.DefaultPreferences::getScopeRelativePath (43 bytes)
Event: 10.768 Thread 0x000001af084fd1a0 2985       3       org.eclipse.core.internal.preferences.DefaultPreferences::isInitializingBundleDefaults (33 bytes)
Event: 10.769 Thread 0x000001af084fd1a0 nmethod 2985 0x000001aeb31e9290 code [0x000001aeb31e9460, 0x000001aeb31e9880]
Event: 10.769 Thread 0x000001af085fcda0 nmethod 2983 0x000001aeb31e9990 code [0x000001aeb31e9ba0, 0x000001aeb31ea158]
Event: 10.769 Thread 0x000001af1047bf50 nmethod 2984 0x000001aeb31ea390 code [0x000001aeb31ea600, 0x000001aeb31eb060]
Event: 10.770 Thread 0x000001af103a1570 nmethod 2976 0x000001aeb31eb410 code [0x000001aeb31ebac0, 0x000001aeb31f0cb0]
Event: 10.833 Thread 0x000001af085fcda0 2988       3       java.net.URL::toString (5 bytes)
Event: 10.834 Thread 0x000001af085fcda0 nmethod 2988 0x000001aeb31f2010 code [0x000001aeb31f21c0, 0x000001aeb31f2400]
Event: 10.840 Thread 0x000001af085fcda0 2989       1       org.eclipse.osgi.internal.loader.EquinoxClassLoader::getDebug (5 bytes)
Event: 10.841 Thread 0x000001af085fcda0 nmethod 2989 0x000001aeba931610 code [0x000001aeba9317a0, 0x000001aeba931868]

GC Heap History (14 events):
Event: 1.425 GC heap before
{Heap before GC invocations=1 (full 0):
 PSYoungGen      total 29696K, used 25600K [0x00000000d5580000, 0x00000000d7680000, 0x0000000100000000)
  eden space 25600K, 100% used [0x00000000d5580000,0x00000000d6e80000,0x00000000d6e80000)
  from space 4096K, 0% used [0x00000000d7280000,0x00000000d7280000,0x00000000d7680000)
  to   space 4096K, 0% used [0x00000000d6e80000,0x00000000d6e80000,0x00000000d7280000)
 ParOldGen       total 68608K, used 0K [0x0000000080000000, 0x0000000084300000, 0x00000000d5580000)
  object space 68608K, 0% used [0x0000000080000000,0x0000000080000000,0x0000000084300000)
 Metaspace       used 4258K, committed 4544K, reserved 1114112K
  class space    used 469K, committed 576K, reserved 1048576K
}
Event: 1.442 GC heap after
{Heap after GC invocations=1 (full 0):
 PSYoungGen      total 29696K, used 3923K [0x00000000d5580000, 0x00000000d7680000, 0x0000000100000000)
  eden space 25600K, 0% used [0x00000000d5580000,0x00000000d5580000,0x00000000d6e80000)
  from space 4096K, 95% used [0x00000000d6e80000,0x00000000d7254ff0,0x00000000d7280000)
  to   space 4096K, 0% used [0x00000000d7280000,0x00000000d7280000,0x00000000d7680000)
 ParOldGen       total 68608K, used 16K [0x0000000080000000, 0x0000000084300000, 0x00000000d5580000)
  object space 68608K, 0% used [0x0000000080000000,0x0000000080004000,0x0000000084300000)
 Metaspace       used 4258K, committed 4544K, reserved 1114112K
  class space    used 469K, committed 576K, reserved 1048576K
}
Event: 9.151 GC heap before
{Heap before GC invocations=2 (full 0):
 PSYoungGen      total 29696K, used 29523K [0x00000000d5580000, 0x00000000d7680000, 0x0000000100000000)
  eden space 25600K, 100% used [0x00000000d5580000,0x00000000d6e80000,0x00000000d6e80000)
  from space 4096K, 95% used [0x00000000d6e80000,0x00000000d7254ff0,0x00000000d7280000)
  to   space 4096K, 0% used [0x00000000d7280000,0x00000000d7280000,0x00000000d7680000)
 ParOldGen       total 68608K, used 16K [0x0000000080000000, 0x0000000084300000, 0x00000000d5580000)
  object space 68608K, 0% used [0x0000000080000000,0x0000000080004000,0x0000000084300000)
 Metaspace       used 8067K, committed 8384K, reserved 1114112K
  class space    used 838K, committed 960K, reserved 1048576K
}
Event: 9.158 GC heap after
{Heap after GC invocations=2 (full 0):
 PSYoungGen      total 29696K, used 4078K [0x00000000d5580000, 0x00000000d7680000, 0x0000000100000000)
  eden space 25600K, 0% used [0x00000000d5580000,0x00000000d5580000,0x00000000d6e80000)
  from space 4096K, 99% used [0x00000000d7280000,0x00000000d767b820,0x00000000d7680000)
  to   space 4096K, 0% used [0x00000000d6e80000,0x00000000d6e80000,0x00000000d7280000)
 ParOldGen       total 68608K, used 1221K [0x0000000080000000, 0x0000000084300000, 0x00000000d5580000)
  object space 68608K, 1% used [0x0000000080000000,0x00000000801316b8,0x0000000084300000)
 Metaspace       used 8067K, committed 8384K, reserved 1114112K
  class space    used 838K, committed 960K, reserved 1048576K
}
Event: 9.705 GC heap before
{Heap before GC invocations=3 (full 0):
 PSYoungGen      total 29696K, used 29678K [0x00000000d5580000, 0x00000000d7680000, 0x0000000100000000)
  eden space 25600K, 100% used [0x00000000d5580000,0x00000000d6e80000,0x00000000d6e80000)
  from space 4096K, 99% used [0x00000000d7280000,0x00000000d767b820,0x00000000d7680000)
  to   space 4096K, 0% used [0x00000000d6e80000,0x00000000d6e80000,0x00000000d7280000)
 ParOldGen       total 68608K, used 1221K [0x0000000080000000, 0x0000000084300000, 0x00000000d5580000)
  object space 68608K, 1% used [0x0000000080000000,0x00000000801316b8,0x0000000084300000)
 Metaspace       used 12917K, committed 13440K, reserved 1114112K
  class space    used 1359K, committed 1600K, reserved 1048576K
}
Event: 9.709 GC heap after
{Heap after GC invocations=3 (full 0):
 PSYoungGen      total 29696K, used 4068K [0x00000000d5580000, 0x00000000d7680000, 0x0000000100000000)
  eden space 25600K, 0% used [0x00000000d5580000,0x00000000d5580000,0x00000000d6e80000)
  from space 4096K, 99% used [0x00000000d6e80000,0x00000000d72790b8,0x00000000d7280000)
  to   space 4096K, 0% used [0x00000000d7280000,0x00000000d7280000,0x00000000d7680000)
 ParOldGen       total 68608K, used 2892K [0x0000000080000000, 0x0000000084300000, 0x00000000d5580000)
  object space 68608K, 4% used [0x0000000080000000,0x00000000802d31f8,0x0000000084300000)
 Metaspace       used 12917K, committed 13440K, reserved 1114112K
  class space    used 1359K, committed 1600K, reserved 1048576K
}
Event: 10.187 GC heap before
{Heap before GC invocations=4 (full 0):
 PSYoungGen      total 29696K, used 29668K [0x00000000d5580000, 0x00000000d7680000, 0x0000000100000000)
  eden space 25600K, 100% used [0x00000000d5580000,0x00000000d6e80000,0x00000000d6e80000)
  from space 4096K, 99% used [0x00000000d6e80000,0x00000000d72790b8,0x00000000d7280000)
  to   space 4096K, 0% used [0x00000000d7280000,0x00000000d7280000,0x00000000d7680000)
 ParOldGen       total 68608K, used 2892K [0x0000000080000000, 0x0000000084300000, 0x00000000d5580000)
  object space 68608K, 4% used [0x0000000080000000,0x00000000802d31f8,0x0000000084300000)
 Metaspace       used 16732K, committed 17408K, reserved 1114112K
  class space    used 1756K, committed 2048K, reserved 1048576K
}
Event: 10.193 GC heap after
{Heap after GC invocations=4 (full 0):
 PSYoungGen      total 29696K, used 4066K [0x00000000d5580000, 0x00000000d7680000, 0x0000000100000000)
  eden space 25600K, 0% used [0x00000000d5580000,0x00000000d5580000,0x00000000d6e80000)
  from space 4096K, 99% used [0x00000000d7280000,0x00000000d7678b30,0x00000000d7680000)
  to   space 4096K, 0% used [0x00000000d6e80000,0x00000000d6e80000,0x00000000d7280000)
 ParOldGen       total 68608K, used 5398K [0x0000000080000000, 0x0000000084300000, 0x00000000d5580000)
  object space 68608K, 7% used [0x0000000080000000,0x0000000080545a28,0x0000000084300000)
 Metaspace       used 16732K, committed 17408K, reserved 1114112K
  class space    used 1756K, committed 2048K, reserved 1048576K
}
Event: 10.481 GC heap before
{Heap before GC invocations=5 (full 0):
 PSYoungGen      total 29696K, used 29666K [0x00000000d5580000, 0x00000000d7680000, 0x0000000100000000)
  eden space 25600K, 100% used [0x00000000d5580000,0x00000000d6e80000,0x00000000d6e80000)
  from space 4096K, 99% used [0x00000000d7280000,0x00000000d7678b30,0x00000000d7680000)
  to   space 4096K, 0% used [0x00000000d6e80000,0x00000000d6e80000,0x00000000d7280000)
 ParOldGen       total 68608K, used 5398K [0x0000000080000000, 0x0000000084300000, 0x00000000d5580000)
  object space 68608K, 7% used [0x0000000080000000,0x0000000080545a28,0x0000000084300000)
 Metaspace       used 19998K, committed 20672K, reserved 1114112K
  class space    used 1990K, committed 2304K, reserved 1048576K
}
Event: 10.485 GC heap after
{Heap after GC invocations=5 (full 0):
 PSYoungGen      total 29184K, used 4090K [0x00000000d5580000, 0x00000000d7800000, 0x0000000100000000)
  eden space 25088K, 0% used [0x00000000d5580000,0x00000000d5580000,0x00000000d6e00000)
  from space 4096K, 99% used [0x00000000d6e80000,0x00000000d727eb30,0x00000000d7280000)
  to   space 5120K, 0% used [0x00000000d7300000,0x00000000d7300000,0x00000000d7800000)
 ParOldGen       total 68608K, used 5542K [0x0000000080000000, 0x0000000084300000, 0x00000000d5580000)
  object space 68608K, 8% used [0x0000000080000000,0x0000000080569a28,0x0000000084300000)
 Metaspace       used 19998K, committed 20672K, reserved 1114112K
  class space    used 1990K, committed 2304K, reserved 1048576K
}
Event: 10.568 GC heap before
{Heap before GC invocations=6 (full 0):
 PSYoungGen      total 29184K, used 9340K [0x00000000d5580000, 0x00000000d7800000, 0x0000000100000000)
  eden space 25088K, 20% used [0x00000000d5580000,0x00000000d5aa05c8,0x00000000d6e00000)
  from space 4096K, 99% used [0x00000000d6e80000,0x00000000d727eb30,0x00000000d7280000)
  to   space 5120K, 0% used [0x00000000d7300000,0x00000000d7300000,0x00000000d7800000)
 ParOldGen       total 68608K, used 5542K [0x0000000080000000, 0x0000000084300000, 0x00000000d5580000)
  object space 68608K, 8% used [0x0000000080000000,0x0000000080569a28,0x0000000084300000)
 Metaspace       used 20871K, committed 21504K, reserved 1114112K
  class space    used 2070K, committed 2368K, reserved 1048576K
}
Event: 10.572 GC heap after
{Heap after GC invocations=6 (full 0):
 PSYoungGen      total 29696K, used 4265K [0x00000000d5580000, 0x00000000d7780000, 0x0000000100000000)
  eden space 25088K, 0% used [0x00000000d5580000,0x00000000d5580000,0x00000000d6e00000)
  from space 4608K, 92% used [0x00000000d7300000,0x00000000d772a460,0x00000000d7780000)
  to   space 4608K, 0% used [0x00000000d6e80000,0x00000000d6e80000,0x00000000d7300000)
 ParOldGen       total 68608K, used 5550K [0x0000000080000000, 0x0000000084300000, 0x00000000d5580000)
  object space 68608K, 8% used [0x0000000080000000,0x000000008056ba28,0x0000000084300000)
 Metaspace       used 20871K, committed 21504K, reserved 1114112K
  class space    used 2070K, committed 2368K, reserved 1048576K
}
Event: 10.572 GC heap before
{Heap before GC invocations=7 (full 1):
 PSYoungGen      total 29696K, used 4265K [0x00000000d5580000, 0x00000000d7780000, 0x0000000100000000)
  eden space 25088K, 0% used [0x00000000d5580000,0x00000000d5580000,0x00000000d6e00000)
  from space 4608K, 92% used [0x00000000d7300000,0x00000000d772a460,0x00000000d7780000)
  to   space 4608K, 0% used [0x00000000d6e80000,0x00000000d6e80000,0x00000000d7300000)
 ParOldGen       total 68608K, used 5550K [0x0000000080000000, 0x0000000084300000, 0x00000000d5580000)
  object space 68608K, 8% used [0x0000000080000000,0x000000008056ba28,0x0000000084300000)
 Metaspace       used 20871K, committed 21504K, reserved 1114112K
  class space    used 2070K, committed 2368K, reserved 1048576K
}
Event: 10.620 GC heap after
{Heap after GC invocations=7 (full 1):
 PSYoungGen      total 29696K, used 0K [0x00000000d5580000, 0x00000000d7780000, 0x0000000100000000)
  eden space 25088K, 0% used [0x00000000d5580000,0x00000000d5580000,0x00000000d6e00000)
  from space 4608K, 0% used [0x00000000d7300000,0x00000000d7300000,0x00000000d7780000)
  to   space 4608K, 0% used [0x00000000d6e80000,0x00000000d6e80000,0x00000000d7300000)
 ParOldGen       total 68608K, used 9438K [0x0000000080000000, 0x0000000084300000, 0x00000000d5580000)
  object space 68608K, 13% used [0x0000000080000000,0x00000000809378c8,0x0000000084300000)
 Metaspace       used 20858K, committed 21504K, reserved 1114112K
  class space    used 2066K, committed 2368K, reserved 1048576K
}

Dll operation events (10 events):
Event: 0.117 Loaded shared library c:\Users\C018\.vscode\extensions\redhat.java-1.54.0-win32-x64\jre\21.0.10-win32-x86_64\bin\java.dll
Event: 0.216 Loaded shared library c:\Users\C018\.vscode\extensions\redhat.java-1.54.0-win32-x64\jre\21.0.10-win32-x86_64\bin\zip.dll
Event: 0.300 Loaded shared library C:\Users\C018\.vscode\extensions\redhat.java-1.54.0-win32-x64\jre\21.0.10-win32-x86_64\bin\instrument.dll
Event: 0.356 Loaded shared library C:\Users\C018\.vscode\extensions\redhat.java-1.54.0-win32-x64\jre\21.0.10-win32-x86_64\bin\net.dll
Event: 0.437 Loaded shared library C:\Users\C018\.vscode\extensions\redhat.java-1.54.0-win32-x64\jre\21.0.10-win32-x86_64\bin\nio.dll
Event: 0.443 Loaded shared library C:\Users\C018\.vscode\extensions\redhat.java-1.54.0-win32-x64\jre\21.0.10-win32-x86_64\bin\zip.dll
Event: 0.467 Loaded shared library C:\Users\C018\.vscode\extensions\redhat.java-1.54.0-win32-x64\jre\21.0.10-win32-x86_64\bin\jimage.dll
Event: 0.623 Loaded shared library c:\Users\C018\.vscode\extensions\redhat.java-1.54.0-win32-x64\jre\21.0.10-win32-x86_64\bin\verify.dll
Event: 9.273 Loaded shared library C:\Users\C018\AppData\Roaming\Code\User\globalStorage\redhat.java\1.54.0\config_ss_win\org.eclipse.equinox.launcher\org.eclipse.equinox.launcher.win32.win32.x86_64_1.3.0.v20260203-2149\eclipse_11919.dll
Event: 10.042 Loaded shared library C:\Users\C018\AppData\Local\Temp\jna-2043700\jna13135897669563964626.dll

Deoptimization events (20 events):
Event: 10.200 Thread 0x000001af107c5010 Uncommon trap: trap_request=0xffffffde fr.pc=0x000001aeba8e273c relative=0x00000000000001fc
Event: 10.200 Thread 0x000001af107c5010 Uncommon trap: reason=class_check action=maybe_recompile pc=0x000001aeba8e273c method=java.util.regex.Pattern$BmpCharPropertyGreedy.match(Ljava/util/regex/Matcher;ILjava/lang/CharSequence;)Z @ 70 c2
Event: 10.200 Thread 0x000001af107c5010 DEOPT PACKING pc=0x000001aeba8e273c sp=0x000000ac901ef430
Event: 10.200 Thread 0x000001af107c5010 DEOPT UNPACKING pc=0x000001aeba0e3aa2 sp=0x000000ac901ef3d8 mode 2
Event: 10.200 Thread 0x000001af107c5010 Uncommon trap: trap_request=0xffffffde fr.pc=0x000001aeba8e273c relative=0x00000000000001fc
Event: 10.200 Thread 0x000001af107c5010 Uncommon trap: reason=class_check action=maybe_recompile pc=0x000001aeba8e273c method=java.util.regex.Pattern$BmpCharPropertyGreedy.match(Ljava/util/regex/Matcher;ILjava/lang/CharSequence;)Z @ 70 c2
Event: 10.200 Thread 0x000001af107c5010 DEOPT PACKING pc=0x000001aeba8e273c sp=0x000000ac901ef280
Event: 10.200 Thread 0x000001af107c5010 DEOPT UNPACKING pc=0x000001aeba0e3aa2 sp=0x000000ac901ef228 mode 2
Event: 10.274 Thread 0x000001af107c5010 Uncommon trap: trap_request=0xffffff45 fr.pc=0x000001aeba90a9a0 relative=0x00000000000008a0
Event: 10.274 Thread 0x000001af107c5010 Uncommon trap: reason=unstable_if action=reinterpret pc=0x000001aeba90a9a0 method=org.lombokweb.asm.ClassReader.readUTF8(I[C)Ljava/lang/String; @ 11 c2
Event: 10.274 Thread 0x000001af107c5010 DEOPT PACKING pc=0x000001aeba90a9a0 sp=0x000000ac901ef470
Event: 10.274 Thread 0x000001af107c5010 DEOPT UNPACKING pc=0x000001aeba0e3aa2 sp=0x000000ac901ef478 mode 2
Event: 10.538 Thread 0x000001af107c5010 Uncommon trap: trap_request=0xffffff45 fr.pc=0x000001aeba923cec relative=0x000000000000014c
Event: 10.538 Thread 0x000001af107c5010 Uncommon trap: reason=unstable_if action=reinterpret pc=0x000001aeba923cec method=org.lombokweb.asm.ByteVector.putByteArray([BII)Lorg/lombokweb/asm/ByteVector; @ 20 c2
Event: 10.538 Thread 0x000001af107c5010 DEOPT PACKING pc=0x000001aeba923cec sp=0x000000ac901f2610
Event: 10.538 Thread 0x000001af107c5010 DEOPT UNPACKING pc=0x000001aeba0e3aa2 sp=0x000000ac901f25e0 mode 2
Event: 10.538 Thread 0x000001af107c5010 Uncommon trap: trap_request=0xffffff45 fr.pc=0x000001aeba921b24 relative=0x0000000000000364
Event: 10.538 Thread 0x000001af107c5010 Uncommon trap: reason=unstable_if action=reinterpret pc=0x000001aeba921b24 method=org.lombokweb.asm.Label.resolve([BLorg/lombokweb/asm/ByteVector;I)Z @ 81 c2
Event: 10.538 Thread 0x000001af107c5010 DEOPT PACKING pc=0x000001aeba921b24 sp=0x000000ac901f26a0
Event: 10.538 Thread 0x000001af107c5010 DEOPT UNPACKING pc=0x000001aeba0e3aa2 sp=0x000000ac901f25a8 mode 2

Classes loaded (20 events):
Event: 10.216 Loading class java/util/zip/GZIPInputStream
Event: 10.216 Loading class java/util/zip/GZIPInputStream done
Event: 10.218 Loading class java/net/SocketTimeoutException
Event: 10.219 Loading class java/io/InterruptedIOException
Event: 10.219 Loading class java/io/InterruptedIOException done
Event: 10.219 Loading class java/net/SocketTimeoutException done
Event: 10.219 Loading class java/net/SocketException
Event: 10.219 Loading class java/net/SocketException done
Event: 10.219 Loading class java/net/UnknownHostException
Event: 10.219 Loading class java/net/UnknownHostException done
Event: 10.219 Loading class java/net/ProtocolException
Event: 10.219 Loading class java/net/ProtocolException done
Event: 10.235 Loading class java/lang/ThreadLocal$SuppliedThreadLocal
Event: 10.235 Loading class java/lang/ThreadLocal$SuppliedThreadLocal done
Event: 10.242 Loading class java/io/FileWriter
Event: 10.242 Loading class java/io/FileWriter done
Event: 10.315 Loading class java/lang/NegativeArraySizeException
Event: 10.315 Loading class java/lang/NegativeArraySizeException done
Event: 10.809 Loading class org/w3c/dom/DOMException
Event: 10.809 Loading class org/w3c/dom/DOMException done

Classes unloaded (7 events):
Event: 10.578 Thread 0x000001aeafaf3810 Unloading class 0x000001aec818d000 'java/lang/invoke/LambdaForm$MH+0x000001aec818d000'
Event: 10.578 Thread 0x000001aeafaf3810 Unloading class 0x000001aec818cc00 'java/lang/invoke/LambdaForm$MH+0x000001aec818cc00'
Event: 10.578 Thread 0x000001aeafaf3810 Unloading class 0x000001aec818c800 'java/lang/invoke/LambdaForm$MH+0x000001aec818c800'
Event: 10.578 Thread 0x000001aeafaf3810 Unloading class 0x000001aec818c400 'java/lang/invoke/LambdaForm$MH+0x000001aec818c400'
Event: 10.578 Thread 0x000001aeafaf3810 Unloading class 0x000001aec818c000 'java/lang/invoke/LambdaForm$BMH+0x000001aec818c000'
Event: 10.578 Thread 0x000001aeafaf3810 Unloading class 0x000001aec818bc00 'java/lang/invoke/LambdaForm$DMH+0x000001aec818bc00'
Event: 10.578 Thread 0x000001aeafaf3810 Unloading class 0x000001aec818ac00 'java/lang/invoke/LambdaForm$DMH+0x000001aec818ac00'

Classes redefined (0 events):
No events

Internal exceptions (20 events):
Event: 10.072 Thread 0x000001af107c5010 Exception <a 'java/lang/NoSuchMethodError'{0x00000000d67b2d80}: 'void java.lang.invoke.Invokers$Holder.invokeExact_MT(java.lang.Object, java.lang.Object, int, java.lang.Object)'> (0x00000000d67b2d80) 
thrown [s\src\hotspot\share\interpreter\linkResolver.cpp, line 773]
Event: 10.084 Thread 0x000001af107c5010 Exception <a 'java/lang/NoSuchMethodError'{0x00000000d689f938}: 'java.lang.Object java.lang.invoke.DirectMethodHandle$Holder.invokeSpecial(java.lang.Object, java.lang.Object, java.lang.Object, long, java.lang.Object)'> (0x00000000d689f938) 
thrown [s\src\hotspot\share\interpreter\linkResolver.cpp, line 773]
Event: 10.084 Thread 0x000001af107c5010 Exception <a 'java/lang/NoSuchMethodError'{0x00000000d68a7180}: 'java.lang.Object java.lang.invoke.DirectMethodHandle$Holder.newInvokeSpecial(java.lang.Object, java.lang.Object, java.lang.Object, long)'> (0x00000000d68a7180) 
thrown [s\src\hotspot\share\interpreter\linkResolver.cpp, line 773]
Event: 10.084 Thread 0x000001af107c5010 Exception <a 'java/lang/NoSuchMethodError'{0x00000000d68ab530}: 'java.lang.Object java.lang.invoke.DirectMethodHandle$Holder.invokeSpecial(java.lang.Object, java.lang.Object, java.lang.Object, java.lang.Object, long)'> (0x00000000d68ab530) 
thrown [s\src\hotspot\share\interpreter\linkResolver.cpp, line 773]
Event: 10.084 Thread 0x000001af107c5010 Exception <a 'java/lang/NoSuchMethodError'{0x00000000d68af150}: 'java.lang.Object java.lang.invoke.Invokers$Holder.linkToTargetMethod(java.lang.Object, java.lang.Object, long, java.lang.Object)'> (0x00000000d68af150) 
thrown [s\src\hotspot\share\interpreter\linkResolver.cpp, line 773]
Event: 10.091 Thread 0x000001af107c5010 Exception <a 'java/lang/NoSuchMethodError'{0x00000000d6907488}: 'int java.lang.invoke.DirectMethodHandle$Holder.invokeStaticInit(java.lang.Object, java.lang.Object, java.lang.Object)'> (0x00000000d6907488) 
thrown [s\src\hotspot\share\interpreter\linkResolver.cpp, line 773]
Event: 10.098 Thread 0x000001af107c5010 Exception <a 'java/lang/IncompatibleClassChangeError'{0x00000000d69b0718}: Found class java.lang.Object, but interface was expected> (0x00000000d69b0718) 
thrown [s\src\hotspot\share\interpreter\linkResolver.cpp, line 840]
Event: 10.102 Thread 0x000001af107c5010 Exception <a 'java/lang/NoSuchMethodError'{0x00000000d69c6a40}: 'java.lang.Object java.lang.invoke.DirectMethodHandle$Holder.invokeSpecial(java.lang.Object, java.lang.Object, java.lang.Object, int, java.lang.Object, java.lang.Object)'> (0x00000000d69c6a40) 
thrown [s\src\hotspot\share\interpreter\linkResolver.cpp, line 773]
Event: 10.102 Thread 0x000001af107c5010 Exception <a 'java/lang/NoSuchMethodError'{0x00000000d69ce518}: 'java.lang.Object java.lang.invoke.DirectMethodHandle$Holder.newInvokeSpecial(java.lang.Object, java.lang.Object, java.lang.Object, int, java.lang.Object)'> (0x00000000d69ce518) 
thrown [s\src\hotspot\share\interpreter\linkResolver.cpp, line 773]
Event: 10.102 Thread 0x000001af107c5010 Exception <a 'java/lang/NoSuchMethodError'{0x00000000d69d2498}: 'java.lang.Object java.lang.invoke.DirectMethodHandle$Holder.invokeSpecial(java.lang.Object, java.lang.Object, java.lang.Object, java.lang.Object, int, java.lang.Object)'> (0x00000000d69d2498) 
thrown [s\src\hotspot\share\interpreter\linkResolver.cpp, line 773]
Event: 10.103 Thread 0x000001af107c5010 Exception <a 'java/lang/NoSuchMethodError'{0x00000000d69d5fd8}: 'java.lang.Object java.lang.invoke.Invokers$Holder.linkToTargetMethod(java.lang.Object, java.lang.Object, int, java.lang.Object, java.lang.Object)'> (0x00000000d69d5fd8) 
thrown [s\src\hotspot\share\interpreter\linkResolver.cpp, line 773]
Event: 10.103 Thread 0x000001af10f56070 Exception <a 'java/lang/NoSuchMethodError'{0x00000000d6909e38}: 'java.lang.Object java.lang.invoke.DirectMethodHandle$Holder.invokeSpecial(java.lang.Object, java.lang.Object, int, java.lang.Object, java.lang.Object)'> (0x00000000d6909e38) 
thrown [s\src\hotspot\share\interpreter\linkResolver.cpp, line 773]
Event: 10.103 Thread 0x000001af10f56070 Exception <a 'java/lang/NoSuchMethodError'{0x00000000d6910b70}: 'java.lang.Object java.lang.invoke.DirectMethodHandle$Holder.newInvokeSpecial(java.lang.Object, java.lang.Object, int, java.lang.Object)'> (0x00000000d6910b70) 
thrown [s\src\hotspot\share\interpreter\linkResolver.cpp, line 773]
Event: 10.103 Thread 0x000001af10f56070 Exception <a 'java/lang/NoSuchMethodError'{0x00000000d6914450}: 'java.lang.Object java.lang.invoke.DirectMethodHandle$Holder.invokeSpecial(java.lang.Object, java.lang.Object, java.lang.Object, int, java.lang.Object)'> (0x00000000d6914450) 
thrown [s\src\hotspot\share\interpreter\linkResolver.cpp, line 773]
Event: 10.116 Thread 0x000001af107c5010 Exception <a 'java/lang/NoSuchMethodError'{0x00000000d6b15178}: 'void java.lang.invoke.DirectMethodHandle$Holder.invokeSpecial(java.lang.Object, java.lang.Object, java.lang.Object, java.lang.Object, java.lang.Object)'> (0x00000000d6b15178) 
thrown [s\src\hotspot\share\interpreter\linkResolver.cpp, line 773]
Event: 10.171 Thread 0x000001af107c5010 Exception <a 'java/lang/NoSuchMethodError'{0x00000000d6ddb3e0}: 'double java.lang.invoke.DirectMethodHandle$Holder.invokeStatic(java.lang.Object, java.lang.Object)'> (0x00000000d6ddb3e0) 
thrown [s\src\hotspot\share\interpreter\linkResolver.cpp, line 773]
Event: 10.172 Thread 0x000001af107c5010 Exception <a 'java/lang/NoSuchMethodError'{0x00000000d6ddeaa0}: 'double java.lang.invoke.DirectMethodHandle$Holder.invokeStaticInit(java.lang.Object, java.lang.Object)'> (0x00000000d6ddeaa0) 
thrown [s\src\hotspot\share\interpreter\linkResolver.cpp, line 773]
Event: 10.538 Thread 0x000001af107c5010 Implicit null exception at 0x000001aeba923bf5 to 0x000001aeba923cd0
Event: 10.776 Thread 0x000001af107c5010 Exception <a 'java/io/FileNotFoundException'{0x00000000d67cd5d0}> (0x00000000d67cd5d0) 
thrown [s\src\hotspot\share\prims\jni.cpp, line 520]
Event: 10.777 Thread 0x000001af107c5010 Exception <a 'java/io/FileNotFoundException'{0x00000000d67ce7a8}> (0x00000000d67ce7a8) 
thrown [s\src\hotspot\share\prims\jni.cpp, line 520]

ZGC Phase Switch (0 events):
No events

VM Operations (20 events):
Event: 9.640 Executing non-safepoint VM operation: HandshakeAllThreads (Deoptimize)
Event: 9.640 Executing non-safepoint VM operation: HandshakeAllThreads (Deoptimize) done
Event: 9.705 Executing safepoint VM operation: ParallelGCFailedAllocation (Allocation Failure)
Event: 9.709 Executing safepoint VM operation: ParallelGCFailedAllocation (Allocation Failure) done
Event: 9.781 Executing non-safepoint VM operation: HandshakeAllThreads (Deoptimize)
Event: 9.782 Executing non-safepoint VM operation: HandshakeAllThreads (Deoptimize) done
Event: 9.785 Executing non-safepoint VM operation: HandshakeAllThreads (Deoptimize)
Event: 9.785 Executing non-safepoint VM operation: HandshakeAllThreads (Deoptimize) done
Event: 9.795 Executing non-safepoint VM operation: HandshakeAllThreads (Deoptimize)
Event: 9.795 Executing non-safepoint VM operation: HandshakeAllThreads (Deoptimize) done
Event: 9.978 Executing non-safepoint VM operation: HandshakeAllThreads (Deoptimize)
Event: 9.978 Executing non-safepoint VM operation: HandshakeAllThreads (Deoptimize) done
Event: 10.051 Executing non-safepoint VM operation: HandshakeAllThreads (Deoptimize)
Event: 10.051 Executing non-safepoint VM operation: HandshakeAllThreads (Deoptimize) done
Event: 10.187 Executing safepoint VM operation: ParallelGCFailedAllocation (Allocation Failure)
Event: 10.193 Executing safepoint VM operation: ParallelGCFailedAllocation (Allocation Failure) done
Event: 10.481 Executing safepoint VM operation: ParallelGCFailedAllocation (Allocation Failure)
Event: 10.485 Executing safepoint VM operation: ParallelGCFailedAllocation (Allocation Failure) done
Event: 10.568 Executing safepoint VM operation: CollectForMetadataAllocation (Metadata GC Threshold)
Event: 10.620 Executing safepoint VM operation: CollectForMetadataAllocation (Metadata GC Threshold) done

Memory protections (0 events):
No events

Nmethod flushes (0 events):
No events

Events (20 events):
Event: 2.155 Thread 0x000001af1078fd60 Thread exited: 0x000001af1078fd60
Event: 2.426 Thread 0x000001af1017eaf0 Thread exited: 0x000001af1017eaf0
Event: 7.656 Thread 0x000001af08603620 Thread exited: 0x000001af08603620
Event: 9.150 Thread 0x000001aeafa94dd0 Thread added: 0x000001af08603620
Event: 9.164 Thread 0x000001aeafa94dd0 Thread added: 0x000001af107c5010
Event: 9.372 Thread 0x000001af107c5010 Thread added: 0x000001af1085b750
Event: 9.496 Thread 0x000001af084fd1a0 Thread added: 0x000001af106c87d0
Event: 9.496 Thread 0x000001af084fd1a0 Thread added: 0x000001af106a5b80
Event: 9.496 Thread 0x000001af084fd1a0 Thread added: 0x000001af106c19c0
Event: 9.639 Thread 0x000001af106c19c0 Thread exited: 0x000001af106c19c0
Event: 9.664 Thread 0x000001af107c5010 Thread added: 0x000001af106c19c0
Event: 9.701 Thread 0x000001af106c87d0 Thread added: 0x000001af1047bf50
Event: 9.702 Thread 0x000001af106c87d0 Thread added: 0x000001af103a1570
Event: 9.865 Thread 0x000001af106a5b80 Thread added: 0x000001af10deb0d0
Event: 10.065 Thread 0x000001af107c5010 Thread added: 0x000001af10c9f710
Event: 10.086 Thread 0x000001af107c5010 Thread added: 0x000001af10f56070
Event: 10.103 Thread 0x000001af107c5010 Thread added: 0x000001af103cbd10
Event: 10.481 Thread 0x000001af10deb0d0 Thread exited: 0x000001af10deb0d0
Event: 10.765 Thread 0x000001af106a5b80 Thread exited: 0x000001af106a5b80
Event: 10.765 Thread 0x000001af106c87d0 Thread exited: 0x000001af106c87d0


Dynamic libraries:
0x00007ff651090000 - 0x00007ff65109e000 	c:\Users\C018\.vscode\extensions\redhat.java-1.54.0-win32-x64\jre\21.0.10-win32-x86_64\bin\java.exe
0x00007fff98170000 - 0x00007fff98365000 	C:\Windows\SYSTEM32\ntdll.dll
0x00007fff97c00000 - 0x00007fff97cbe000 	C:\Windows\System32\KERNEL32.DLL
0x00007fff95e20000 - 0x00007fff960e9000 	C:\Windows\System32\KERNELBASE.dll
0x00007fff92220000 - 0x00007fff922b0000 	C:\Windows\SYSTEM32\apphelp.dll
0x00007fff95bc0000 - 0x00007fff95cc0000 	C:\Windows\System32\ucrtbase.dll
0x00007fff6bc40000 - 0x00007fff6bc5e000 	c:\Users\C018\.vscode\extensions\redhat.java-1.54.0-win32-x64\jre\21.0.10-win32-x86_64\bin\VCRUNTIME140.dll
0x00007fff6b9c0000 - 0x00007fff6b9d8000 	c:\Users\C018\.vscode\extensions\redhat.java-1.54.0-win32-x64\jre\21.0.10-win32-x86_64\bin\jli.dll
0x00007fff965c0000 - 0x00007fff96761000 	C:\Windows\System32\USER32.dll
0x00007fff84220000 - 0x00007fff844ba000 	C:\Windows\WinSxS\amd64_microsoft.windows.common-controls_6595b64144ccf1df_6.0.19041.1110_none_60b5254171f9507e\COMCTL32.dll
0x00007fff96240000 - 0x00007fff962de000 	C:\Windows\System32\msvcrt.dll
0x00007fff95890000 - 0x00007fff958b2000 	C:\Windows\System32\win32u.dll
0x00007fff974a0000 - 0x00007fff974cb000 	C:\Windows\System32\GDI32.dll
0x00007fff95920000 - 0x00007fff95a2b000 	C:\Windows\System32\gdi32full.dll
0x00007fff960f0000 - 0x00007fff9618d000 	C:\Windows\System32\msvcp_win.dll
0x00007fff98100000 - 0x00007fff98130000 	C:\Windows\System32\IMM32.DLL
0x00007fff61790000 - 0x00007fff617ef000 	C:\Program Files\MacType\MacType64.dll
0x00007fff97750000 - 0x00007fff977fc000 	C:\Windows\System32\ADVAPI32.dll
0x00007fff96c10000 - 0x00007fff96cab000 	C:\Windows\System32\sechost.dll
0x00007fff97fd0000 - 0x00007fff980fa000 	C:\Windows\System32\RPCRT4.dll
0x00007fff5fbe0000 - 0x00007fff5fd63000 	C:\Program Files\MacType\MacType64.Core.dll
0x00007fff92b50000 - 0x00007fff93110000 	C:\Windows\SYSTEM32\d2d1.dll
0x00007fff93110000 - 0x00007fff93393000 	C:\Windows\SYSTEM32\dwrite.dll
0x00007fff95a80000 - 0x00007fff95b03000 	C:\Windows\System32\bcryptPrimitives.dll
0x00007fff914f0000 - 0x00007fff914fc000 	c:\Users\C018\.vscode\extensions\redhat.java-1.54.0-win32-x64\jre\21.0.10-win32-x86_64\bin\vcruntime140_1.dll
0x00007fff53e60000 - 0x00007fff53eed000 	c:\Users\C018\.vscode\extensions\redhat.java-1.54.0-win32-x64\jre\21.0.10-win32-x86_64\bin\msvcp140.dll
0x00007ffebaf90000 - 0x00007ffebbd31000 	c:\Users\C018\.vscode\extensions\redhat.java-1.54.0-win32-x64\jre\21.0.10-win32-x86_64\bin\server\jvm.dll
0x00007fff97610000 - 0x00007fff9767b000 	C:\Windows\System32\WS2_32.dll
0x00007fff94dc0000 - 0x00007fff94e0b000 	C:\Windows\SYSTEM32\POWRPROF.dll
0x00007fff8fa80000 - 0x00007fff8fa8a000 	C:\Windows\SYSTEM32\VERSION.dll
0x00007fff8c1b0000 - 0x00007fff8c1d7000 	C:\Windows\SYSTEM32\WINMM.dll
0x00007fff94c80000 - 0x00007fff94c92000 	C:\Windows\SYSTEM32\UMPDC.dll
0x00007fff94120000 - 0x00007fff94132000 	C:\Windows\SYSTEM32\kernel.appcore.dll
0x00007fff90470000 - 0x00007fff9047a000 	c:\Users\C018\.vscode\extensions\redhat.java-1.54.0-win32-x64\jre\21.0.10-win32-x86_64\bin\jimage.dll
0x00007fff93c50000 - 0x00007fff93e34000 	C:\Windows\SYSTEM32\DBGHELP.DLL
0x00007fff7fe60000 - 0x00007fff7fe8c000 	C:\Windows\SYSTEM32\dbgcore.DLL
0x00007fff83530000 - 0x00007fff8353f000 	c:\Users\C018\.vscode\extensions\redhat.java-1.54.0-win32-x64\jre\21.0.10-win32-x86_64\bin\instrument.dll
0x00007fff6be00000 - 0x00007fff6be20000 	c:\Users\C018\.vscode\extensions\redhat.java-1.54.0-win32-x64\jre\21.0.10-win32-x86_64\bin\java.dll
0x00007fff96cb0000 - 0x00007fff973ef000 	C:\Windows\System32\SHELL32.dll
0x000001af0b730000 - 0x000001af0bec0000 	C:\Windows\SYSTEM32\windows.storage.dll
0x00007fff97800000 - 0x00007fff97b55000 	C:\Windows\System32\combase.dll
0x00007fff95200000 - 0x00007fff9522c000 	C:\Windows\SYSTEM32\Wldp.dll
0x00007fff97cc0000 - 0x00007fff97d6d000 	C:\Windows\System32\SHCORE.dll
0x00007fff97eb0000 - 0x00007fff97f05000 	C:\Windows\System32\shlwapi.dll
0x00007fff957d0000 - 0x00007fff957ef000 	C:\Windows\SYSTEM32\profapi.dll
0x00007fff6be20000 - 0x00007fff6be38000 	c:\Users\C018\.vscode\extensions\redhat.java-1.54.0-win32-x64\jre\21.0.10-win32-x86_64\bin\zip.dll
0x00007fff80170000 - 0x00007fff80180000 	C:\Users\C018\.vscode\extensions\redhat.java-1.54.0-win32-x64\jre\21.0.10-win32-x86_64\bin\net.dll
0x00007fff8ebb0000 - 0x00007fff8ecb8000 	C:\Windows\SYSTEM32\WINHTTP.dll
0x00007fff94fe0000 - 0x00007fff9504a000 	C:\Windows\system32\mswsock.dll
0x00007fff699d0000 - 0x00007fff699e6000 	C:\Users\C018\.vscode\extensions\redhat.java-1.54.0-win32-x64\jre\21.0.10-win32-x86_64\bin\nio.dll
0x00007fff7fef0000 - 0x00007fff7ff00000 	c:\Users\C018\.vscode\extensions\redhat.java-1.54.0-win32-x64\jre\21.0.10-win32-x86_64\bin\verify.dll
0x00007fff69650000 - 0x00007fff69695000 	C:\Users\C018\AppData\Roaming\Code\User\globalStorage\redhat.java\1.54.0\config_ss_win\org.eclipse.equinox.launcher\org.eclipse.equinox.launcher.win32.win32.x86_64_1.3.0.v20260203-2149\eclipse_11919.dll
0x00007fff962e0000 - 0x00007fff9640a000 	C:\Windows\System32\ole32.dll
0x00007fff95240000 - 0x00007fff95258000 	C:\Windows\SYSTEM32\CRYPTSP.dll
0x00007fff94910000 - 0x00007fff94944000 	C:\Windows\system32\rsaenh.dll
0x00007fff96190000 - 0x00007fff961b7000 	C:\Windows\System32\bcrypt.dll
0x00007fff95750000 - 0x00007fff9577e000 	C:\Windows\SYSTEM32\USERENV.dll
0x00007fff95170000 - 0x00007fff9517c000 	C:\Windows\SYSTEM32\CRYPTBASE.dll
0x00007fff94ca0000 - 0x00007fff94cdb000 	C:\Windows\SYSTEM32\IPHLPAPI.DLL
0x00007fff96c00000 - 0x00007fff96c08000 	C:\Windows\System32\NSI.dll
0x00007fff63860000 - 0x00007fff638a9000 	C:\Users\C018\AppData\Local\Temp\jna-2043700\jna13135897669563964626.dll
0x00007fff96770000 - 0x00007fff96778000 	C:\Windows\System32\PSAPI.DLL

JVMTI agents:
c:\Users\C018\.vscode\extensions\redhat.java-1.54.0-win32-x64\lombok\lombok-1.18.39-4050.jar path:c:\Users\C018\.vscode\extensions\redhat.java-1.54.0-win32-x64\jre\21.0.10-win32-x86_64\bin\instrument.dll, loaded, initialized, instrumentlib options:none

dbghelp: loaded successfully - version: 4.0.5 - missing functions: none
symbol engine: initialized successfully - sym options: 0x614 - pdb path: .;c:\Users\C018\.vscode\extensions\redhat.java-1.54.0-win32-x64\jre\21.0.10-win32-x86_64\bin;C:\Windows\SYSTEM32;C:\Windows\WinSxS\amd64_microsoft.windows.common-controls_6595b64144ccf1df_6.0.19041.1110_none_60b5254171f9507e;C:\Program Files\MacType;c:\Users\C018\.vscode\extensions\redhat.java-1.54.0-win32-x64\jre\21.0.10-win32-x86_64\bin\server;C:\Users\C018\AppData\Roaming\Code\User\globalStorage\redhat.java\1.54.0\config_ss_win\org.eclipse.equinox.launcher\org.eclipse.equinox.launcher.win32.win32.x86_64_1.3.0.v20260203-2149;C:\Users\C018\AppData\Local\Temp\jna-2043700

VM Arguments:
jvm_args: --add-modules=ALL-SYSTEM --add-opens=java.base/java.util=ALL-UNNAMED --add-opens=java.base/java.lang=ALL-UNNAMED --add-opens=java.base/sun.nio.fs=ALL-UNNAMED -Declipse.application=org.eclipse.jdt.ls.core.id1 -Dosgi.bundles.defaultStartLevel=4 -Declipse.product=org.eclipse.jdt.ls.core.product -Djava.import.generatesMetadataFilesAtProjectRoot=false -DDetectVMInstallationsJob.disabled=true -Dfile.encoding=utf8 -XX:+UseParallelGC -XX:GCTimeRatio=4 -XX:AdaptiveSizePolicyWeight=90 -Dsun.zip.disableMemoryMapping=true -Xmx2G -Xms100m -Xlog:disable -javaagent:c:\Users\C018\.vscode\extensions\redhat.java-1.54.0-win32-x64\lombok\lombok-1.18.39-4050.jar 
java_command: c:\Users\C018\.vscode\extensions\redhat.java-1.54.0-win32-x64\server\plugins\org.eclipse.equinox.launcher_1.7.100.v20251111-0406.jar -configuration c:\Users\C018\AppData\Roaming\Code\User\globalStorage\redhat.java\1.54.0\config_ss_win -data c:\Users\C018\AppData\Roaming\Code\User\workspaceStorage\831d3474975e95f00da8b076bb00b383\redhat.java\ss_ws --pipe=\\.\pipe\lsp-91d77f3c120455377fe4f890c7b75baa-sock
java_class_path (initial): c:\Users\C018\.vscode\extensions\redhat.java-1.54.0-win32-x64\server\plugins\org.eclipse.equinox.launcher_1.7.100.v20251111-0406.jar
Launcher Type: SUN_STANDARD

[Global flags]
    uintx AdaptiveSizePolicyWeight                 = 90                                        {product} {command line}
     intx CICompilerCount                          = 12                                        {product} {ergonomic}
    uintx GCTimeRatio                              = 4                                         {product} {command line}
   size_t InitialHeapSize                          = 104857600                                 {product} {command line}
   size_t MaxHeapSize                              = 2147483648                                {product} {command line}
   size_t MaxNewSize                               = 715653120                                 {product} {ergonomic}
   size_t MinHeapDeltaBytes                        = 524288                                    {product} {ergonomic}
   size_t MinHeapSize                              = 104857600                                 {product} {command line}
   size_t NewSize                                  = 34603008                                  {product} {ergonomic}
    uintx NonNMethodCodeHeapSize                   = 7602480                                {pd product} {ergonomic}
    uintx NonProfiledCodeHeapSize                  = 122027880                              {pd product} {ergonomic}
   size_t OldSize                                  = 70254592                                  {product} {ergonomic}
    uintx ProfiledCodeHeapSize                     = 122027880                              {pd product} {ergonomic}
    uintx ReservedCodeCacheSize                    = 251658240                              {pd product} {ergonomic}
     bool SegmentedCodeCache                       = true                                      {product} {ergonomic}
   size_t SoftMaxHeapSize                          = 2147483648                             {manageable} {ergonomic}
     bool UseCompressedOops                        = true                           {product lp64_product} {ergonomic}
     bool UseLargePagesIndividualAllocation        = false                                  {pd product} {ergonomic}
     bool UseParallelGC                            = true                                      {product} {command line}

Logging:
Log output configuration:
 #0: stdout all=off uptime,level,tags foldmultilines=false
 #1: stderr all=off uptime,level,tags foldmultilines=false

Release file:
JAVA_VERSION="21.0.10" 
MODULES="java.base java.compiler java.datatransfer java.xml java.prefs java.desktop java.instrument java.logging java.management java.security.sasl java.naming java.rmi java.management.rmi java.net.http java.scripting java.security.jgss java.transaction.xa java.sql java.sql.rowset java.xml.crypto java.se java.smartcardio jdk.accessibility jdk.internal.jvmstat jdk.attach jdk.charsets jdk.internal.opt jdk.zipfs jdk.compiler jdk.crypto.ec jdk.crypto.cryptoki jdk.crypto.mscapi jdk.dynalink jdk.internal.ed jdk.editpad jdk.hotspot.agent jdk.httpserver jdk.internal.le jdk.internal.vm.ci jdk.internal.vm.compiler jdk.internal.vm.compiler.management jdk.jartool jdk.javadoc jdk.jcmd jdk.management jdk.management.agent jdk.jconsole jdk.jdeps jdk.jdwp.agent jdk.jdi jdk.jfr jdk.jshell jdk.jsobject jdk.jstatd jdk.localedata jdk.management.jfr jdk.naming.dns jdk.naming.rmi jdk.net jdk.nio.mapmode jdk.random jdk.sctp jdk.security.auth jdk.security.jgss jdk.unsupported jdk.unsupported.desktop jdk.xml.dom" 

Environment Variables:
CLASSPATH=C:\Program Files\Apryse Software\Xodo PDF Reader\lib\xodopdfstudio.jar;C:\Program Files\Apryse Software\Xodo PDF Reader\lib\cmaps.jar
PATH=C:\Users\C018\AppData\Local\Programs\Microsoft VS Code;C:\Program Files\Eclipse Adoptium\jdk-25.0.1.8-hotspot\bin;C:\Windows\system32;C:\Windows;C:\Windows\System32\Wbem;C:\Windows\System32\WindowsPowerShell\v1.0\;C:\Windows\System32\OpenSSH\;C:\Program Files\Git\cmd;C:\Program Files\Go\bin;C:\Program Files\Apryse Software\Xodo PDF Reader\jre\bin\server;C:\Program Files\nodejs\;C:\Program Files\cursor\resources\app\bin;C:\ProgramData\chocolatey\bin;C:\Program Files (x86)\NetSarang\Xshell 8\;C:\Program Files\Graphviz\bin;C:\Program Files\dotnet\;C:\Program Files\Meld\;;C:\Users\C018\.local\bin;C:\Users\C018\.cargo\bin;C:\Users\C018\AppData\Local\Microsoft\WindowsApps;C:\Users\C018\go\bin;C:\Users\C018\tools;C:\Users\C018\AppData\Local\Programs\Microsoft VS Code\bin;C:\Program Files\Git\bin;C:\Program Files\JetBrains\PyCharm 2025.2.4\bin;C:\Users\C018\AppData\Roaming\npm;C:\Program Files\nodejs;C:\Users\C018\program\Android\platform-tools;C:\Users\C018\AppData\Local\Programs\Fiddler;C:\Program Files\Graphviz\bin;C:\Users\C018\program\poppler-25.12.0\Library\bin;C:\Users\C018\.dotnet\tools;C:\Users\C018\AppData\Local\gitkraken\bin;C:\Users\C018\.dotnet\tools
USERNAME=C018
OS=Windows_NT
PROCESSOR_IDENTIFIER=Intel64 Family 6 Model 183 Stepping 1, GenuineIntel
TMP=C:\Users\C018\AppData\Local\Temp
TEMP=C:\Users\C018\AppData\Local\Temp




Periodic native trim disabled

---------------  S Y S T E M  ---------------

OS:
 Windows 10 , 64 bit Build 19041 (10.0.19041.1202)
OS uptime: 0 days 23:18 hours
Hyper-V role detected

CPU: total 28 (initial active 28) (14 cores per cpu, 2 threads per core) family 6 model 183 stepping 1 microcode 0x12b, cx8, cmov, fxsr, ht, mmx, 3dnowpref, sse, sse2, sse3, ssse3, sse4.1, sse4.2, popcnt, lzcnt, tsc, tscinvbit, avx, avx2, aes, erms, clmul, bmi1, bmi2, adx, sha, fma, vzeroupper, clflush, clflushopt, clwb, hv, rdtscp, rdpid, fsrm, f16c, cet_ibt, cet_ss
Processor Information for processor 0
  Max Mhz: 2100, Current Mhz: 2100, Mhz Limit: 1491
Processor Information for processor 1
  Max Mhz: 2100, Current Mhz: 2100, Mhz Limit: 2100
Processor Information for processor 2
  Max Mhz: 2100, Current Mhz: 2100, Mhz Limit: 2100
Processor Information for processor 3
  Max Mhz: 2100, Current Mhz: 2100, Mhz Limit: 2100
Processor Information for processor 4
  Max Mhz: 2100, Current Mhz: 2100, Mhz Limit: 2100
Processor Information for processor 5
  Max Mhz: 2100, Current Mhz: 2100, Mhz Limit: 2100
Processor Information for processor 6
  Max Mhz: 2100, Current Mhz: 2100, Mhz Limit: 2100
Processor Information for processor 7
  Max Mhz: 2100, Current Mhz: 2100, Mhz Limit: 2100
Processor Information for processor 8
  Max Mhz: 2100, Current Mhz: 2100, Mhz Limit: 2100
Processor Information for processor 9
  Max Mhz: 2100, Current Mhz: 2100, Mhz Limit: 2100
Processor Information for processor 10
  Max Mhz: 2100, Current Mhz: 2100, Mhz Limit: 2100
Processor Information for processor 11
  Max Mhz: 2100, Current Mhz: 2100, Mhz Limit: 2100
Processor Information for processor 12
  Max Mhz: 2100, Current Mhz: 2100, Mhz Limit: 2100
Processor Information for processor 13
  Max Mhz: 2100, Current Mhz: 2100, Mhz Limit: 2100
Processor Information for processor 14
  Max Mhz: 2100, Current Mhz: 2100, Mhz Limit: 2100
Processor Information for processor 15
  Max Mhz: 2100, Current Mhz: 2100, Mhz Limit: 2100
Processor Information for processor 16
  Max Mhz: 2100, Current Mhz: 1500, Mhz Limit: 1491
Processor Information for processor 17
  Max Mhz: 2100, Current Mhz: 1500, Mhz Limit: 1491
Processor Information for processor 18
  Max Mhz: 2100, Current Mhz: 1500, Mhz Limit: 1491
Processor Information for processor 19
  Max Mhz: 2100, Current Mhz: 1500, Mhz Limit: 1491
Processor Information for processor 20
  Max Mhz: 2100, Current Mhz: 1500, Mhz Limit: 1491
Processor Information for processor 21
  Max Mhz: 2100, Current Mhz: 1500, Mhz Limit: 1491
Processor Information for processor 22
  Max Mhz: 2100, Current Mhz: 1500, Mhz Limit: 1491
Processor Information for processor 23
  Max Mhz: 2100, Current Mhz: 1500, Mhz Limit: 1491
Processor Information for processor 24
  Max Mhz: 2100, Current Mhz: 1500, Mhz Limit: 1491
Processor Information for processor 25
  Max Mhz: 2100, Current Mhz: 1500, Mhz Limit: 1491
Processor Information for processor 26
  Max Mhz: 2100, Current Mhz: 1500, Mhz Limit: 1491
Processor Information for processor 27
  Max Mhz: 2100, Current Mhz: 1500, Mhz Limit: 1491

Memory: 4k page, system-wide physical 32078M (9762M free)
TotalPageFile size 52558M (AvailPageFile size 0M)
current process WorkingSet (physical memory assigned to process): 148M, peak: 150M
current process commit charge ("private bytes"): 322M, peak: 323M

vm_info: OpenJDK 64-Bit Server VM (21.0.10+7-LTS) for windows-amd64 JRE (21.0.10+7-LTS), built on 2026-01-20T00:00:00Z by "admin" with MS VC++ 17.12 (VS2022)

END.
