#
# There is insufficient memory for the Java Runtime Environment to continue.
# Native memory allocation (malloc) failed to allocate 979856 bytes. Error detail: Chunk::new
# Possible reasons:
#   The system is out of physical RAM or swap space
#   This process is running with CompressedOops enabled, and the Java Heap may be blocking the growth of the native heap
# Possible solutions:
#   Reduce memory load on the system
#   Increase physical memory or swap space
#   Check if swap backing store is full
#   Decrease Java heap size (-Xmx/-Xms)
#   Decrease number of Java threads
#   Decrease Java thread stack sizes (-Xss)
#   Set larger code cache with -XX:ReservedCodeCacheSize=
#   JVM is running with Unscaled Compressed Oops mode in which the Java heap is
#     placed in the first 4GB address space. The Java Heap base address is the
#     maximum limit for the native heap growth. Please use -XX:HeapBaseMinAddress
#     to set the Java Heap base and to place the Java Heap above 4GB virtual address.
# This output file may be truncated or incomplete.
#
#  Out of Memory Error (arena.cpp:168), pid=59400, tid=59544
#
# JRE version: OpenJDK Runtime Environment Temurin-21.0.10+7 (21.0.10+7) (build 21.0.10+7-LTS)
# Java VM: OpenJDK 64-Bit Server VM Temurin-21.0.10+7 (21.0.10+7-LTS, mixed mode, sharing, tiered, compressed oops, compressed class ptrs, parallel gc, windows-amd64)
# No core dump will be written. Minidumps are not enabled by default on client versions of Windows
#

---------------  S U M M A R Y ------------

Command Line: --add-modules=ALL-SYSTEM --add-opens=java.base/java.util=ALL-UNNAMED --add-opens=java.base/java.lang=ALL-UNNAMED --add-opens=java.base/sun.nio.fs=ALL-UNNAMED -Declipse.application=org.eclipse.jdt.ls.core.id1 -Dosgi.bundles.defaultStartLevel=4 -Declipse.product=org.eclipse.jdt.ls.core.product -Djava.import.generatesMetadataFilesAtProjectRoot=false -DDetectVMInstallationsJob.disabled=true -Dfile.encoding=utf8 -XX:+UseParallelGC -XX:GCTimeRatio=4 -XX:AdaptiveSizePolicyWeight=90 -Dsun.zip.disableMemoryMapping=true -Xmx2G -Xms100m -Xlog:disable -javaagent:c:\Users\C018\.vscode\extensions\redhat.java-1.54.0-win32-x64\lombok\lombok-1.18.39-4050.jar -XX:+HeapDumpOnOutOfMemoryError -XX:HeapDumpPath=c:\Users\C018\AppData\Roaming\Code\User\workspaceStorage\831d3474975e95f00da8b076bb00b383\redhat.java -Daether.dependencyCollector.impl=bf c:\Users\C018\.vscode\extensions\redhat.java-1.54.0-win32-x64\server\plugins\org.eclipse.equinox.launcher_1.7.100.v20251111-0406.jar -configuration c:\Users\C018\AppData\Roaming\Code\User\globalStorage\redhat.java\1.54.0\config_win -data c:\Users\C018\AppData\Roaming\Code\User\workspaceStorage\831d3474975e95f00da8b076bb00b383\redhat.java\jdt_ws --pipe=\\.\pipe\lsp-7e5ba25ffd7bb0d6ed0a2f182a019177-sock

Host: Intel(R) Core(TM) i7-14700, 28 cores, 31G,  Windows 10 , 64 bit Build 19041 (10.0.19041.1202)
Time: Fri Apr 24 10:51:10 2026 elapsed time: 31.132780 seconds (0d 0h 0m 31s)

---------------  T H R E A D  ---------------

Current thread (0x000001dc7d611dd0):  JavaThread "C2 CompilerThread0" daemon [_thread_in_native, id=59544, stack(0x0000004f38700000,0x0000004f38800000) (1024K)]


Current CompileTask:
C2:31132 12450       4       org.eclipse.osgi.container.ModuleDatabase$Persistence::addMap (289 bytes)

Stack: [0x0000004f38700000,0x0000004f38800000]
Native frames: (J=compiled Java code, j=interpreted, Vv=VM code, C=native code)
V  [jvm.dll+0x6d7a39]
V  [jvm.dll+0x8b4b26]
V  [jvm.dll+0x8b70de]
V  [jvm.dll+0x8b77c3]
V  [jvm.dll+0x284346]
V  [jvm.dll+0xc66ed]
V  [jvm.dll+0xc6c31]
V  [jvm.dll+0x3bec01]
V  [jvm.dll+0x1e3d62]
V  [jvm.dll+0x24c6b3]
V  [jvm.dll+0x24bb40]
V  [jvm.dll+0x1cb34e]
V  [jvm.dll+0x25b85d]
V  [jvm.dll+0x259dea]
V  [jvm.dll+0x3f857e]
V  [jvm.dll+0x85f59d]
V  [jvm.dll+0x6d626d]
C  [ucrtbase.dll+0x21bb2]
C  [KERNEL32.DLL+0x17034]
C  [ntdll.dll+0x52651]


---------------  P R O C E S S  ---------------

Threads class SMR info:
_java_thread_list=0x000001dc4f346230, length=96, elements={
0x000001dc637ee7d0, 0x000001dc65b50e40, 0x000001dc65b51eb0, 0x000001dc7d601ea0,
0x000001dc7d603040, 0x000001dc7d607c50, 0x000001dc7d60c7f0, 0x000001dc7d611dd0,
0x000001dc7d615280, 0x000001dc7d84c160, 0x000001dc4698ebe0, 0x000001dc477768c0,
0x000001dc4758c770, 0x000001dc4748e9e0, 0x000001dc4748b780, 0x000001dc47c6d7e0,
0x000001dc47e0e850, 0x000001dc47a77d60, 0x000001dc47a22d60, 0x000001dc47a247a0,
0x000001dc47a25b50, 0x000001dc47a233f0, 0x000001dc47a24e30, 0x000001dc47a254c0,
0x000001dc47a23a80, 0x000001dc47a261e0, 0x000001dc47a24110, 0x000001dc4915e660,
0x000001dc4915f380, 0x000001dc49163bb0, 0x000001dc4915cc20, 0x000001dc4915fa10,
0x000001dc49161ae0, 0x000001dc491600a0, 0x000001dc49160dc0, 0x000001dc49162170,
0x000001dc49160730, 0x000001dc49164240, 0x000001dc49162800, 0x000001dc4915d2b0,
0x000001dc4915d940, 0x000001dc49162e90, 0x000001dc49163520, 0x000001dc49161450,
0x000001dc4915dfd0, 0x000001dc4915ecf0, 0x000001dc480dc400, 0x000001dc480dde40,
0x000001dc480dca90, 0x000001dc480dd7b0, 0x000001dc480dd120, 0x000001dc480de4d0,
0x000001dc480deb60, 0x000001dc480df1f0, 0x000001dc480dbd70, 0x000001dc4baf3470,
0x000001dc4baf1a30, 0x000001dc4baf2750, 0x000001dc4baf20c0, 0x000001dc4baf2de0,
0x000001dc4baef2d0, 0x000001dc4baf13a0, 0x000001dc4baf5540, 0x000001dc4baee5b0,
0x000001dc4baf5bd0, 0x000001dc4baeec40, 0x000001dc4caa4f40, 0x000001dc4caa5c60,
0x000001dc4caa90e0, 0x000001dc4caa76a0, 0x000001dc4caa6980, 0x000001dc4caaa490,
0x000001dc4caaab20, 0x000001dc4caa7010, 0x000001dc4caa8a50, 0x000001dc4caab1b0,
0x000001dc4caab840, 0x000001dc4caa9770, 0x000001dc4caa7d30, 0x000001dc4caabed0,
0x000001dc4caac560, 0x000001dc4caa9e00, 0x000001dc4caa55d0, 0x000001dc4caa62f0,
0x000001dc4caa83c0, 0x000001dc7d685250, 0x000001dc7d681740, 0x000001dc7d682460,
0x000001dc7d682af0, 0x000001dc7d6810b0, 0x000001dc7d680390, 0x000001dc4ab80d00,
0x000001dc4ab7ff60, 0x000001dc4ab86c60, 0x000001dc4ab857f0, 0x000001dc4ab813d0
}

Java Threads: ( => current thread )
  0x000001dc637ee7d0 JavaThread "main"                              [_thread_blocked, id=54300, stack(0x0000004f37d00000,0x0000004f37e00000) (1024K)]
  0x000001dc65b50e40 JavaThread "Reference Handler"          daemon [_thread_blocked, id=18212, stack(0x0000004f38100000,0x0000004f38200000) (1024K)]
  0x000001dc65b51eb0 JavaThread "Finalizer"                  daemon [_thread_blocked, id=59268, stack(0x0000004f38200000,0x0000004f38300000) (1024K)]
  0x000001dc7d601ea0 JavaThread "Signal Dispatcher"          daemon [_thread_blocked, id=60096, stack(0x0000004f38300000,0x0000004f38400000) (1024K)]
  0x000001dc7d603040 JavaThread "Attach Listener"            daemon [_thread_blocked, id=59908, stack(0x0000004f38400000,0x0000004f38500000) (1024K)]
  0x000001dc7d607c50 JavaThread "Service Thread"             daemon [_thread_blocked, id=59496, stack(0x0000004f38500000,0x0000004f38600000) (1024K)]
  0x000001dc7d60c7f0 JavaThread "Monitor Deflation Thread"   daemon [_thread_blocked, id=31868, stack(0x0000004f38600000,0x0000004f38700000) (1024K)]
=>0x000001dc7d611dd0 JavaThread "C2 CompilerThread0"         daemon [_thread_in_native, id=59544, stack(0x0000004f38700000,0x0000004f38800000) (1024K)]
  0x000001dc7d615280 JavaThread "C1 CompilerThread0"         daemon [_thread_blocked, id=28908, stack(0x0000004f38800000,0x0000004f38900000) (1024K)]
  0x000001dc7d84c160 JavaThread "Common-Cleaner"             daemon [_thread_blocked, id=59588, stack(0x0000004f38c00000,0x0000004f38d00000) (1024K)]
  0x000001dc4698ebe0 JavaThread "Notification Thread"        daemon [_thread_blocked, id=36356, stack(0x0000004f38e00000,0x0000004f38f00000) (1024K)]
  0x000001dc477768c0 JavaThread "Active Thread: Equinox Container: a0171459-f334-49c2-9d3f-47dc8f1eb167"        [_thread_blocked, id=58660, stack(0x0000004f39800000,0x0000004f39900000) (1024K)]
  0x000001dc4758c770 JavaThread "Refresh Thread: Equinox Container: a0171459-f334-49c2-9d3f-47dc8f1eb167" daemon [_thread_blocked, id=56080, stack(0x0000004f39a00000,0x0000004f39b00000) (1024K)]
  0x000001dc4748e9e0 JavaThread "Framework Event Dispatcher: Equinox Container: a0171459-f334-49c2-9d3f-47dc8f1eb167" daemon [_thread_blocked, id=34660, stack(0x0000004f39b00000,0x0000004f39c00000) (1024K)]
  0x000001dc4748b780 JavaThread "Start Level: Equinox Container: a0171459-f334-49c2-9d3f-47dc8f1eb167" daemon [_thread_blocked, id=56592, stack(0x0000004f39c00000,0x0000004f39d00000) (1024K)]
  0x000001dc47c6d7e0 JavaThread "Bundle File Closer"         daemon [_thread_blocked, id=60136, stack(0x0000004f39e00000,0x0000004f39f00000) (1024K)]
  0x000001dc47e0e850 JavaThread "SCR Component Actor"        daemon [_thread_blocked, id=44764, stack(0x0000004f38b00000,0x0000004f38c00000) (1024K)]
  0x000001dc47a77d60 JavaThread "Worker-JM"                         [_thread_blocked, id=59600, stack(0x0000004f3a100000,0x0000004f3a200000) (1024K)]
  0x000001dc47a22d60 JavaThread "JNA Cleaner"                daemon [_thread_blocked, id=60340, stack(0x0000004f39f00000,0x0000004f3a000000) (1024K)]
  0x000001dc47a247a0 JavaThread "Worker-0"                          [_thread_blocked, id=37680, stack(0x0000004f3a400000,0x0000004f3a500000) (1024K)]
  0x000001dc47a25b50 JavaThread "Worker-1"                          [_thread_blocked, id=60176, stack(0x0000004f3a500000,0x0000004f3a600000) (1024K)]
  0x000001dc47a233f0 JavaThread "Java indexing"              daemon [_thread_blocked, id=58624, stack(0x0000004f3ab00000,0x0000004f3ac00000) (1024K)]
  0x000001dc47a24e30 JavaThread "Worker-2"                          [_thread_blocked, id=58440, stack(0x0000004f3ad00000,0x0000004f3ae00000) (1024K)]
  0x000001dc47a254c0 JavaThread "Worker-3"                          [_thread_blocked, id=21856, stack(0x0000004f3af00000,0x0000004f3b000000) (1024K)]
  0x000001dc47a23a80 JavaThread "Thread-1"                   daemon [_thread_in_native, id=23364, stack(0x0000004f3b000000,0x0000004f3b100000) (1024K)]
  0x000001dc47a261e0 JavaThread "Thread-2"                   daemon [_thread_in_native, id=21796, stack(0x0000004f3b100000,0x0000004f3b200000) (1024K)]
  0x000001dc47a24110 JavaThread "Thread-3"                   daemon [_thread_in_native, id=29876, stack(0x0000004f3b200000,0x0000004f3b300000) (1024K)]
  0x000001dc4915e660 JavaThread "Thread-4"                   daemon [_thread_in_native, id=59568, stack(0x0000004f3b300000,0x0000004f3b400000) (1024K)]
  0x000001dc4915f380 JavaThread "Thread-5"                   daemon [_thread_in_native, id=58736, stack(0x0000004f3b400000,0x0000004f3b500000) (1024K)]
  0x000001dc49163bb0 JavaThread "Thread-6"                   daemon [_thread_in_native, id=59124, stack(0x0000004f3b500000,0x0000004f3b600000) (1024K)]
  0x000001dc4915cc20 JavaThread "Thread-7"                   daemon [_thread_in_native, id=54908, stack(0x0000004f3b600000,0x0000004f3b700000) (1024K)]
  0x000001dc4915fa10 JavaThread "Thread-8"                   daemon [_thread_in_native, id=59820, stack(0x0000004f3b700000,0x0000004f3b800000) (1024K)]
  0x000001dc49161ae0 JavaThread "Thread-9"                   daemon [_thread_in_native, id=30924, stack(0x0000004f3b800000,0x0000004f3b900000) (1024K)]
  0x000001dc491600a0 JavaThread "Thread-10"                  daemon [_thread_in_native, id=34628, stack(0x0000004f3b900000,0x0000004f3ba00000) (1024K)]
  0x000001dc49160dc0 JavaThread "Thread-11"                  daemon [_thread_in_native, id=58520, stack(0x0000004f3ba00000,0x0000004f3bb00000) (1024K)]
  0x000001dc49162170 JavaThread "Thread-12"                  daemon [_thread_in_native, id=56804, stack(0x0000004f3bb00000,0x0000004f3bc00000) (1024K)]
  0x000001dc49160730 JavaThread "Thread-13"                  daemon [_thread_in_native, id=7800, stack(0x0000004f3bc00000,0x0000004f3bd00000) (1024K)]
  0x000001dc49164240 JavaThread "Thread-14"                  daemon [_thread_in_native, id=59504, stack(0x0000004f3bd00000,0x0000004f3be00000) (1024K)]
  0x000001dc49162800 JavaThread "Thread-15"                  daemon [_thread_in_native, id=59472, stack(0x0000004f3be00000,0x0000004f3bf00000) (1024K)]
  0x000001dc4915d2b0 JavaThread "Thread-16"                  daemon [_thread_in_native, id=59860, stack(0x0000004f3bf00000,0x0000004f3c000000) (1024K)]
  0x000001dc4915d940 JavaThread "Thread-17"                  daemon [_thread_in_native, id=60396, stack(0x0000004f3c000000,0x0000004f3c100000) (1024K)]
  0x000001dc49162e90 JavaThread "Thread-18"                  daemon [_thread_in_native, id=36124, stack(0x0000004f3c100000,0x0000004f3c200000) (1024K)]
  0x000001dc49163520 JavaThread "Thread-19"                  daemon [_thread_in_native, id=58916, stack(0x0000004f3c200000,0x0000004f3c300000) (1024K)]
  0x000001dc49161450 JavaThread "Thread-20"                  daemon [_thread_in_native, id=57216, stack(0x0000004f3c300000,0x0000004f3c400000) (1024K)]
  0x000001dc4915dfd0 JavaThread "Thread-21"                  daemon [_thread_in_native, id=59408, stack(0x0000004f3c400000,0x0000004f3c500000) (1024K)]
  0x000001dc4915ecf0 JavaThread "Thread-22"                  daemon [_thread_in_native, id=59508, stack(0x0000004f3c500000,0x0000004f3c600000) (1024K)]
  0x000001dc480dc400 JavaThread "Thread-23"                  daemon [_thread_in_native, id=54912, stack(0x0000004f3c600000,0x0000004f3c700000) (1024K)]
  0x000001dc480dde40 JavaThread "Thread-24"                  daemon [_thread_in_native, id=25712, stack(0x0000004f3c700000,0x0000004f3c800000) (1024K)]
  0x000001dc480dca90 JavaThread "Thread-25"                  daemon [_thread_in_native, id=54732, stack(0x0000004f3c800000,0x0000004f3c900000) (1024K)]
  0x000001dc480dd7b0 JavaThread "Thread-26"                  daemon [_thread_in_native, id=56152, stack(0x0000004f3c900000,0x0000004f3ca00000) (1024K)]
  0x000001dc480dd120 JavaThread "Thread-27"                  daemon [_thread_in_native, id=28324, stack(0x0000004f3ca00000,0x0000004f3cb00000) (1024K)]
  0x000001dc480de4d0 JavaThread "Thread-28"                  daemon [_thread_in_native, id=31152, stack(0x0000004f3cb00000,0x0000004f3cc00000) (1024K)]
  0x000001dc480deb60 JavaThread "Thread-29"                  daemon [_thread_in_native, id=59620, stack(0x0000004f3cc00000,0x0000004f3cd00000) (1024K)]
  0x000001dc480df1f0 JavaThread "pool-2-thread-1"                   [_thread_blocked, id=60380, stack(0x0000004f3d200000,0x0000004f3d300000) (1024K)]
  0x000001dc480dbd70 JavaThread "WorkspaceEventsHandler"            [_thread_blocked, id=58972, stack(0x0000004f3d300000,0x0000004f3d400000) (1024K)]
  0x000001dc4baf3470 JavaThread "pool-1-thread-1"                   [_thread_blocked, id=57676, stack(0x0000004f3d400000,0x0000004f3d500000) (1024K)]
  0x000001dc4baf1a30 JavaThread "Worker-4: Initialize workspace"        [_thread_blocked, id=57640, stack(0x0000004f3d500000,0x0000004f3d600000) (1024K)]
  0x000001dc4baf2750 JavaThread "Timer-0"                           [_thread_blocked, id=59360, stack(0x0000004f3d600000,0x0000004f3d700000) (1024K)]
  0x000001dc4baf20c0 JavaThread "ForkJoinPool.commonPool-worker-1" daemon [_thread_blocked, id=54620, stack(0x0000004f3d000000,0x0000004f3d100000) (1024K)]
  0x000001dc4baf2de0 JavaThread "ForkJoinPool.commonPool-worker-3" daemon [_thread_blocked, id=47676, stack(0x0000004f38f00000,0x0000004f39000000) (1024K)]
  0x000001dc4baef2d0 JavaThread "ForkJoinPool.commonPool-worker-2" daemon [_thread_blocked, id=1984, stack(0x0000004f3a200000,0x0000004f3a300000) (1024K)]
  0x000001dc4baf13a0 JavaThread "ForkJoinPool.commonPool-worker-4" daemon [_thread_blocked, id=29836, stack(0x0000004f3a700000,0x0000004f3a800000) (1024K)]
  0x000001dc4baf5540 JavaThread "ForkJoinPool.commonPool-worker-5" daemon [_thread_blocked, id=28268, stack(0x0000004f3cd00000,0x0000004f3ce00000) (1024K)]
  0x000001dc4baee5b0 JavaThread "ForkJoinPool.commonPool-worker-6" daemon [_thread_blocked, id=36428, stack(0x0000004f3cf00000,0x0000004f3d000000) (1024K)]
  0x000001dc4baf5bd0 JavaThread "ForkJoinPool.commonPool-worker-7" daemon [_thread_blocked, id=44288, stack(0x0000004f3d100000,0x0000004f3d200000) (1024K)]
  0x000001dc4baeec40 JavaThread "ForkJoinPool.commonPool-worker-8" daemon [_thread_blocked, id=19008, stack(0x0000004f3d700000,0x0000004f3d800000) (1024K)]
  0x000001dc4caa4f40 JavaThread "ForkJoinPool.commonPool-worker-9" daemon [_thread_blocked, id=23136, stack(0x0000004f3d800000,0x0000004f3d900000) (1024K)]
  0x000001dc4caa5c60 JavaThread "ForkJoinPool.commonPool-worker-10" daemon [_thread_in_Java, id=33000, stack(0x0000004f3d900000,0x0000004f3da00000) (1024K)]
  0x000001dc4caa90e0 JavaThread "ForkJoinPool.commonPool-worker-11" daemon [_thread_blocked, id=17720, stack(0x0000004f3da00000,0x0000004f3db00000) (1024K)]
  0x000001dc4caa76a0 JavaThread "ForkJoinPool.commonPool-worker-12" daemon [_thread_blocked, id=29844, stack(0x0000004f3db00000,0x0000004f3dc00000) (1024K)]
  0x000001dc4caa6980 JavaThread "ForkJoinPool.commonPool-worker-13" daemon [_thread_blocked, id=1056, stack(0x0000004f3dc00000,0x0000004f3dd00000) (1024K)]
  0x000001dc4caaa490 JavaThread "ForkJoinPool.commonPool-worker-14" daemon [_thread_blocked, id=41980, stack(0x0000004f3dd00000,0x0000004f3de00000) (1024K)]
  0x000001dc4caaab20 JavaThread "ForkJoinPool.commonPool-worker-15" daemon [_thread_blocked, id=54252, stack(0x0000004f3de00000,0x0000004f3df00000) (1024K)]
  0x000001dc4caa7010 JavaThread "ForkJoinPool.commonPool-worker-16" daemon [_thread_blocked, id=42612, stack(0x0000004f3df00000,0x0000004f3e000000) (1024K)]
  0x000001dc4caa8a50 JavaThread "ForkJoinPool.commonPool-worker-17" daemon [_thread_blocked, id=37736, stack(0x0000004f3e000000,0x0000004f3e100000) (1024K)]
  0x000001dc4caab1b0 JavaThread "ForkJoinPool.commonPool-worker-18" daemon [_thread_blocked, id=35508, stack(0x0000004f3e100000,0x0000004f3e200000) (1024K)]
  0x000001dc4caab840 JavaThread "ForkJoinPool.commonPool-worker-19" daemon [_thread_in_Java, id=55868, stack(0x0000004f3e200000,0x0000004f3e300000) (1024K)]
  0x000001dc4caa9770 JavaThread "ForkJoinPool.commonPool-worker-20" daemon [_thread_blocked, id=33948, stack(0x0000004f3e300000,0x0000004f3e400000) (1024K)]
  0x000001dc4caa7d30 JavaThread "ForkJoinPool.commonPool-worker-21" daemon [_thread_blocked, id=60128, stack(0x0000004f3e400000,0x0000004f3e500000) (1024K)]
  0x000001dc4caabed0 JavaThread "ForkJoinPool.commonPool-worker-22" daemon [_thread_blocked, id=60400, stack(0x0000004f3e500000,0x0000004f3e600000) (1024K)]
  0x000001dc4caac560 JavaThread "ForkJoinPool.commonPool-worker-23" daemon [_thread_blocked, id=36800, stack(0x0000004f3e600000,0x0000004f3e700000) (1024K)]
  0x000001dc4caa9e00 JavaThread "ForkJoinPool.commonPool-worker-24" daemon [_thread_blocked, id=29344, stack(0x0000004f3e700000,0x0000004f3e800000) (1024K)]
  0x000001dc4caa55d0 JavaThread "ForkJoinPool.commonPool-worker-25" daemon [_thread_blocked, id=59512, stack(0x0000004f3e800000,0x0000004f3e900000) (1024K)]
  0x000001dc4caa62f0 JavaThread "ForkJoinPool.commonPool-worker-26" daemon [_thread_blocked, id=55392, stack(0x0000004f3e900000,0x0000004f3ea00000) (1024K)]
  0x000001dc4caa83c0 JavaThread "ForkJoinPool.commonPool-worker-27" daemon [_thread_blocked, id=35876, stack(0x0000004f3ea00000,0x0000004f3eb00000) (1024K)]
  0x000001dc7d685250 JavaThread "Cleaner-0"                  daemon [_thread_blocked, id=29940, stack(0x0000004f3ee00000,0x0000004f3ef00000) (1024K)]
  0x000001dc7d681740 JavaThread "Connection worker"                 [_thread_in_native, id=58796, stack(0x0000004f3ef00000,0x0000004f3f000000) (1024K)]
  0x000001dc7d682460 JavaThread "pool-3-thread-1"                   [_thread_blocked, id=59016, stack(0x0000004f3f000000,0x0000004f3f100000) (1024K)]
  0x000001dc7d682af0 JavaThread "Exec process"                      [_thread_blocked, id=59024, stack(0x0000004f3f100000,0x0000004f3f200000) (1024K)]
  0x000001dc7d6810b0 JavaThread "Exec process Thread 2"             [_thread_blocked, id=58396, stack(0x0000004f3f200000,0x0000004f3f300000) (1024K)]
  0x000001dc7d680390 JavaThread "Exec process Thread 3"             [_thread_blocked, id=53948, stack(0x0000004f3f300000,0x0000004f3f400000) (1024K)]
  0x000001dc4ab80d00 JavaThread "C1 CompilerThread1"         daemon [_thread_blocked, id=59872, stack(0x0000004f38d00000,0x0000004f38e00000) (1024K)]
  0x000001dc4ab7ff60 JavaThread "C1 CompilerThread2"         daemon [_thread_blocked, id=53656, stack(0x0000004f3ce00000,0x0000004f3cf00000) (1024K)]
  0x000001dc4ab86c60 JavaThread "C1 CompilerThread3"         daemon [_thread_blocked, id=60216, stack(0x0000004f3eb00000,0x0000004f3ec00000) (1024K)]
  0x000001dc4ab857f0 JavaThread "C2 CompilerThread1"         daemon [_thread_in_native, id=34632, stack(0x0000004f3ec00000,0x0000004f3ed00000) (1024K)]
  0x000001dc4ab813d0 JavaThread "C2 CompilerThread2"         daemon [_thread_in_vm, id=52172, stack(0x0000004f3ed00000,0x0000004f3ee00000) (1024K)]
Total: 96

Other Threads:
  0x000001dc65b43670 VMThread "VM Thread"                           [id=35792, stack(0x0000004f38000000,0x0000004f38100000) (1024K)]
  0x000001dc65a7cb50 WatcherThread "VM Periodic Task Thread"        [id=35052, stack(0x0000004f37f00000,0x0000004f38000000) (1024K)]
  0x000001dc65c18ce0 WorkerThread "GC Thread#0"                     [id=10712, stack(0x0000004f37e00000,0x0000004f37f00000) (1024K)]
  0x000001dc46f88bf0 WorkerThread "GC Thread#1"                     [id=56800, stack(0x0000004f39000000,0x0000004f39100000) (1024K)]
  0x000001dc46aec250 WorkerThread "GC Thread#2"                     [id=59956, stack(0x0000004f39100000,0x0000004f39200000) (1024K)]
  0x000001dc46aec600 WorkerThread "GC Thread#3"                     [id=44340, stack(0x0000004f39200000,0x0000004f39300000) (1024K)]
  0x000001dc46aec9b0 WorkerThread "GC Thread#4"                     [id=59532, stack(0x0000004f39300000,0x0000004f39400000) (1024K)]
  0x000001dc46aed160 WorkerThread "GC Thread#5"                     [id=32708, stack(0x0000004f39400000,0x0000004f39500000) (1024K)]
  0x000001dc46e7ad10 WorkerThread "GC Thread#6"                     [id=18160, stack(0x0000004f39500000,0x0000004f39600000) (1024K)]
  0x000001dc47613e30 WorkerThread "GC Thread#7"                     [id=31596, stack(0x0000004f39900000,0x0000004f39a00000) (1024K)]
  0x000001dc4787ee20 WorkerThread "GC Thread#8"                     [id=29192, stack(0x0000004f39600000,0x0000004f39700000) (1024K)]
  0x000001dc4787f1d0 WorkerThread "GC Thread#9"                     [id=19584, stack(0x0000004f39700000,0x0000004f39800000) (1024K)]
  0x000001dc4787f580 WorkerThread "GC Thread#10"                    [id=5088, stack(0x0000004f39d00000,0x0000004f39e00000) (1024K)]
  0x000001dc47f01340 WorkerThread "GC Thread#11"                    [id=54684, stack(0x0000004f38a00000,0x0000004f38b00000) (1024K)]
  0x000001dc476b75c0 WorkerThread "GC Thread#12"                    [id=46588, stack(0x0000004f3a000000,0x0000004f3a100000) (1024K)]
  0x000001dc476b6700 WorkerThread "GC Thread#13"                    [id=30640, stack(0x0000004f3a300000,0x0000004f3a400000) (1024K)]
  0x000001dc476b6350 WorkerThread "GC Thread#14"                    [id=36412, stack(0x0000004f3a600000,0x0000004f3a700000) (1024K)]
  0x000001dc476b6ab0 WorkerThread "GC Thread#15"                    [id=59488, stack(0x0000004f3a800000,0x0000004f3a900000) (1024K)]
  0x000001dc476b6e60 WorkerThread "GC Thread#16"                    [id=59604, stack(0x0000004f3a900000,0x0000004f3aa00000) (1024K)]
  0x000001dc476b7210 WorkerThread "GC Thread#17"                    [id=27936, stack(0x0000004f3aa00000,0x0000004f3ab00000) (1024K)]
  0x000001dc48b5bc80 WorkerThread "GC Thread#18"                    [id=10528, stack(0x0000004f3ac00000,0x0000004f3ad00000) (1024K)]
  0x000001dc48b5b520 WorkerThread "GC Thread#19"                    [id=59424, stack(0x0000004f3ae00000,0x0000004f3af00000) (1024K)]
Total: 22

Threads with active compile tasks:
C2 CompilerThread0  31150 12450       4       org.eclipse.osgi.container.ModuleDatabase$Persistence::addMap (289 bytes)
C2 CompilerThread1  31150 12517       4       org.eclipse.jdt.internal.core.ModularClassFile::exists (53 bytes)
C2 CompilerThread2  31150 12514   !   4       org.eclipse.jdt.internal.core.PackageFragmentRoot::getSourceModuleDescription (154 bytes)
Total: 3

VM state: not at safepoint (normal execution)

VM Mutex/Monitor currently owned by a thread: None

Heap address: 0x0000000080000000, size: 2048 MB, Compressed Oops mode: 32-bit

CDS archive(s) mapped at: [0x000001dc00000000-0x000001dc00ba0000-0x000001dc00ba0000), size 12189696, SharedBaseAddress: 0x000001dc00000000, ArchiveRelocationMode: 1.
Compressed class space mapped at: 0x000001dc01000000-0x000001dc41000000, reserved size: 1073741824
Narrow klass base: 0x000001dc00000000, Narrow klass shift: 0, Narrow klass range: 0x100000000

GC Precious Log:
 CardTable entry size: 512
 CPUs: 28 total, 28 available
 Memory: 32078M
 Large Page Support: Disabled
 NUMA Support: Disabled
 Compressed Oops: Enabled (32-bit)
 Alignments: Space 512K, Generation 512K, Heap 2M
 Heap Min Capacity: 100M
 Heap Initial Capacity: 100M
 Heap Max Capacity: 2G
 Pre-touch: Disabled
 Parallel Workers: 20

Heap:
 PSYoungGen      total 10240K, used 3153K [0x00000000d5580000, 0x00000000d6280000, 0x0000000100000000)
  eden space 9216K, 23% used [0x00000000d5580000,0x00000000d57a8140,0x00000000d5e80000)
  from space 1024K, 98% used [0x00000000d5e80000,0x00000000d5f7c050,0x00000000d5f80000)
  to   space 2048K, 0% used [0x00000000d6080000,0x00000000d6080000,0x00000000d6280000)
 ParOldGen       total 894464K, used 894142K [0x0000000080000000, 0x00000000b6980000, 0x00000000d5580000)
  object space 894464K, 99% used [0x0000000080000000,0x00000000b692fa80,0x00000000b6980000)
 Metaspace       used 77322K, committed 78912K, reserved 1179648K
  class space    used 8776K, committed 9408K, reserved 1048576K

Card table byte_map: [0x000001dc65550000,0x000001dc65960000] _byte_map_base: 0x000001dc65150000

Marking Bits: (ParMarkBitMap*) 0x00007ffebbc53450
 Begin Bits: [0x000001dc78060000, 0x000001dc7a060000)
 End Bits:   [0x000001dc7a060000, 0x000001dc7c060000)

Polling page: 0x000001dc65260000

Metaspace:

Usage:
  Non-class:     66.94 MB used.
      Class:      8.57 MB used.
       Both:     75.51 MB used.

Virtual space:
  Non-class space:      128.00 MB reserved,      67.88 MB ( 53%) committed,  2 nodes.
      Class space:        1.00 GB reserved,       9.19 MB ( <1%) committed,  1 nodes.
             Both:        1.12 GB reserved,      77.06 MB (  7%) committed. 

Chunk freelists:
   Non-Class:  11.61 MB
       Class:  6.63 MB
        Both:  18.24 MB

MaxMetaspaceSize: unlimited
CompressedClassSpaceSize: 1.00 GB
Initial GC threshold: 21.00 MB
Current GC threshold: 97.31 MB
CDS: on
 - commit_granule_bytes: 65536.
 - commit_granule_words: 8192.
 - virtual_space_node_default_size: 8388608.
 - enlarge_chunks_in_place: 1.
 - use_allocation_guard: 0.


Internal statistics:

num_allocs_failed_limit: 9.
num_arena_births: 1400.
num_arena_deaths: 26.
num_vsnodes_births: 3.
num_vsnodes_deaths: 0.
num_space_committed: 1233.
num_space_uncommitted: 0.
num_chunks_returned_to_freelist: 39.
num_chunks_taken_from_freelist: 4921.
num_chunk_merges: 14.
num_chunk_splits: 3110.
num_chunks_enlarged: 1902.
num_inconsistent_stats: 0.

CodeHeap 'non-profiled nmethods': size=119168Kb used=12777Kb max_used=12777Kb free=106390Kb
 bounds [0x000001dc70950000, 0x000001dc715d0000, 0x000001dc77db0000]
CodeHeap 'profiled nmethods': size=119104Kb used=27149Kb max_used=27149Kb free=91954Kb
 bounds [0x000001dc68db0000, 0x000001dc6a840000, 0x000001dc70200000]
CodeHeap 'non-nmethods': size=7488Kb used=3159Kb max_used=3238Kb free=4328Kb
 bounds [0x000001dc70200000, 0x000001dc70580000, 0x000001dc70950000]
CodeCache: size=245760Kb, used=43085Kb, max_used=43164Kb, free=202672Kb
 total_blobs=12447, nmethods=11649, adapters=699, full_count=0
Compilation: enabled, stopped_count=0, restarted_count=0

Compilation events (20 events):
Event: 31.120 Thread 0x000001dc4ab80d00 12499       3       java.util.regex.Pattern$Branch::add (61 bytes)
Event: 31.121 Thread 0x000001dc4ab80d00 nmethod 12499 0x000001dc6a82ca90 code [0x000001dc6a82cc60, 0x000001dc6a82d080]
Event: 31.124 Thread 0x000001dc4ab80d00 12500       3       sun.nio.ch.WindowsAsynchronousFileChannelImpl::getByOverlapped (9 bytes)
Event: 31.125 Thread 0x000001dc4ab80d00 nmethod 12500 0x000001dc6a82d210 code [0x000001dc6a82d3c0, 0x000001dc6a82d518]
Event: 31.125 Thread 0x000001dc4ab80d00 12501       3       org.eclipse.osgi.framework.util.ArrayMap::getValue (11 bytes)
Event: 31.126 Thread 0x000001dc4ab80d00 nmethod 12501 0x000001dc6a82d610 code [0x000001dc6a82d7c0, 0x000001dc6a82d998]
Event: 31.127 Thread 0x000001dc4ab7ff60 12502   !   3       java.io.BufferedWriter::flushBuffer (63 bytes)
Event: 31.129 Thread 0x000001dc4ab7ff60 nmethod 12502 0x000001dc6a82da90 code [0x000001dc6a82dda0, 0x000001dc6a82f0f8]
Event: 31.129 Thread 0x000001dc4ab7ff60 12503       3       sun.nio.cs.UTF_8::newEncoder (9 bytes)
Event: 31.129 Thread 0x000001dc4ab80d00 12504       3       sun.nio.cs.UTF_8$Encoder::isLegalReplacement (26 bytes)
Event: 31.129 Thread 0x000001dc4ab7ff60 nmethod 12503 0x000001dc6a82f890 code [0x000001dc6a82fa80, 0x000001dc6a82fca0]
Event: 31.129 Thread 0x000001dc4ab80d00 nmethod 12504 0x000001dc6a82fd90 code [0x000001dc6a82ff40, 0x000001dc6a830160]
Event: 31.129 Thread 0x000001dc4ab80d00 12505       3       java.util.GregorianCalendar::getWeekNumber (89 bytes)
Event: 31.129 Thread 0x000001dc4ab86c60 12506       3       sun.util.calendar.AbstractCalendar::getDayOfWeekDateOnOrBefore (31 bytes)
Event: 31.129 Thread 0x000001dc4ab86c60 nmethod 12506 0x000001dc6a830290 code [0x000001dc6a830440, 0x000001dc6a830620]
Event: 31.129 Thread 0x000001dc4ab80d00 nmethod 12505 0x000001dc6a830710 code [0x000001dc6a8308e0, 0x000001dc6a830d40]
Event: 31.130 Thread 0x000001dc4ab80d00 12507       3       java.text.DontCareFieldPosition$1::formatted (1 bytes)
Event: 31.130 Thread 0x000001dc7d615280 12508       3       org.eclipse.lsp4j.jsonrpc.messages.Either::<init> (15 bytes)
Event: 31.130 Thread 0x000001dc4ab80d00 nmethod 12507 0x000001dc6a830f10 code [0x000001dc6a8310a0, 0x000001dc6a8311a8]
Event: 31.130 Thread 0x000001dc7d615280 nmethod 12508 0x000001dc6a831290 code [0x000001dc6a831440, 0x000001dc6a8315d8]

GC Heap History (20 events):
Event: 29.152 GC heap before
{Heap before GC invocations=1438 (full 3):
 PSYoungGen      total 10752K, used 10473K [0x00000000d5580000, 0x00000000d6100000, 0x0000000100000000)
  eden space 9728K, 100% used [0x00000000d5580000,0x00000000d5f00000,0x00000000d5f00000)
  from space 1024K, 72% used [0x00000000d6000000,0x00000000d60ba400,0x00000000d6100000)
  to   space 1024K, 0% used [0x00000000d5f00000,0x00000000d5f00000,0x00000000d6000000)
 ParOldGen       total 889344K, used 888876K [0x0000000080000000, 0x00000000b6480000, 0x00000000d5580000)
  object space 889344K, 99% used [0x0000000080000000,0x00000000b640b1c0,0x00000000b6480000)
 Metaspace       used 76664K, committed 78336K, reserved 1179648K
  class space    used 8759K, committed 9408K, reserved 1048576K
}
Event: 29.153 GC heap after
{Heap after GC invocations=1438 (full 3):
 PSYoungGen      total 10752K, used 688K [0x00000000d5580000, 0x00000000d6100000, 0x0000000100000000)
  eden space 9728K, 0% used [0x00000000d5580000,0x00000000d5580000,0x00000000d5f00000)
  from space 1024K, 67% used [0x00000000d5f00000,0x00000000d5fac010,0x00000000d6000000)
  to   space 1024K, 0% used [0x00000000d6000000,0x00000000d6000000,0x00000000d6100000)
 ParOldGen       total 889856K, used 889373K [0x0000000080000000, 0x00000000b6500000, 0x00000000d5580000)
  object space 889856K, 99% used [0x0000000080000000,0x00000000b64875c0,0x00000000b6500000)
 Metaspace       used 76664K, committed 78336K, reserved 1179648K
  class space    used 8759K, committed 9408K, reserved 1048576K
}
Event: 29.173 GC heap before
{Heap before GC invocations=1439 (full 3):
 PSYoungGen      total 10752K, used 10416K [0x00000000d5580000, 0x00000000d6100000, 0x0000000100000000)
  eden space 9728K, 100% used [0x00000000d5580000,0x00000000d5f00000,0x00000000d5f00000)
  from space 1024K, 67% used [0x00000000d5f00000,0x00000000d5fac010,0x00000000d6000000)
  to   space 1024K, 0% used [0x00000000d6000000,0x00000000d6000000,0x00000000d6100000)
 ParOldGen       total 889856K, used 889373K [0x0000000080000000, 0x00000000b6500000, 0x00000000d5580000)
  object space 889856K, 99% used [0x0000000080000000,0x00000000b64875c0,0x00000000b6500000)
 Metaspace       used 76721K, committed 78400K, reserved 1179648K
  class space    used 8762K, committed 9408K, reserved 1048576K
}
Event: 29.174 GC heap after
{Heap after GC invocations=1439 (full 3):
 PSYoungGen      total 10752K, used 704K [0x00000000d5580000, 0x00000000d6100000, 0x0000000100000000)
  eden space 9728K, 0% used [0x00000000d5580000,0x00000000d5580000,0x00000000d5f00000)
  from space 1024K, 68% used [0x00000000d6000000,0x00000000d60b0000,0x00000000d6100000)
  to   space 1024K, 0% used [0x00000000d5f00000,0x00000000d5f00000,0x00000000d6000000)
 ParOldGen       total 889856K, used 889809K [0x0000000080000000, 0x00000000b6500000, 0x00000000d5580000)
  object space 889856K, 99% used [0x0000000080000000,0x00000000b64f46c8,0x00000000b6500000)
 Metaspace       used 76721K, committed 78400K, reserved 1179648K
  class space    used 8762K, committed 9408K, reserved 1048576K
}
Event: 29.197 GC heap before
{Heap before GC invocations=1440 (full 3):
 PSYoungGen      total 10752K, used 10432K [0x00000000d5580000, 0x00000000d6100000, 0x0000000100000000)
  eden space 9728K, 100% used [0x00000000d5580000,0x00000000d5f00000,0x00000000d5f00000)
  from space 1024K, 68% used [0x00000000d6000000,0x00000000d60b0000,0x00000000d6100000)
  to   space 1024K, 0% used [0x00000000d5f00000,0x00000000d5f00000,0x00000000d6000000)
 ParOldGen       total 889856K, used 889809K [0x0000000080000000, 0x00000000b6500000, 0x00000000d5580000)
  object space 889856K, 99% used [0x0000000080000000,0x00000000b64f46c8,0x00000000b6500000)
 Metaspace       used 76728K, committed 78400K, reserved 1179648K
  class space    used 8762K, committed 9408K, reserved 1048576K
}
Event: 29.199 GC heap after
{Heap after GC invocations=1440 (full 3):
 PSYoungGen      total 10752K, used 905K [0x00000000d5580000, 0x00000000d6100000, 0x0000000100000000)
  eden space 9728K, 0% used [0x00000000d5580000,0x00000000d5580000,0x00000000d5f00000)
  from space 1024K, 88% used [0x00000000d5f00000,0x00000000d5fe2400,0x00000000d6000000)
  to   space 1024K, 0% used [0x00000000d6000000,0x00000000d6000000,0x00000000d6100000)
 ParOldGen       total 890368K, used 890177K [0x0000000080000000, 0x00000000b6580000, 0x00000000d5580000)
  object space 890368K, 99% used [0x0000000080000000,0x00000000b65506c8,0x00000000b6580000)
 Metaspace       used 76728K, committed 78400K, reserved 1179648K
  class space    used 8762K, committed 9408K, reserved 1048576K
}
Event: 29.209 GC heap before
{Heap before GC invocations=1441 (full 3):
 PSYoungGen      total 10752K, used 10633K [0x00000000d5580000, 0x00000000d6100000, 0x0000000100000000)
  eden space 9728K, 100% used [0x00000000d5580000,0x00000000d5f00000,0x00000000d5f00000)
  from space 1024K, 88% used [0x00000000d5f00000,0x00000000d5fe2400,0x00000000d6000000)
  to   space 1024K, 0% used [0x00000000d6000000,0x00000000d6000000,0x00000000d6100000)
 ParOldGen       total 890368K, used 890177K [0x0000000080000000, 0x00000000b6580000, 0x00000000d5580000)
  object space 890368K, 99% used [0x0000000080000000,0x00000000b65506c8,0x00000000b6580000)
 Metaspace       used 76730K, committed 78400K, reserved 1179648K
  class space    used 8762K, committed 9408K, reserved 1048576K
}
Event: 29.210 GC heap after
{Heap after GC invocations=1441 (full 3):
 PSYoungGen      total 10752K, used 608K [0x00000000d5580000, 0x00000000d6100000, 0x0000000100000000)
  eden space 9728K, 0% used [0x00000000d5580000,0x00000000d5580000,0x00000000d5f00000)
  from space 1024K, 59% used [0x00000000d6000000,0x00000000d6098000,0x00000000d6100000)
  to   space 1024K, 0% used [0x00000000d5f00000,0x00000000d5f00000,0x00000000d6000000)
 ParOldGen       total 890880K, used 890838K [0x0000000080000000, 0x00000000b6600000, 0x00000000d5580000)
  object space 890880K, 99% used [0x0000000080000000,0x00000000b65f5bd0,0x00000000b6600000)
 Metaspace       used 76730K, committed 78400K, reserved 1179648K
  class space    used 8762K, committed 9408K, reserved 1048576K
}
Event: 29.598 GC heap before
{Heap before GC invocations=1442 (full 3):
 PSYoungGen      total 10752K, used 10336K [0x00000000d5580000, 0x00000000d6100000, 0x0000000100000000)
  eden space 9728K, 100% used [0x00000000d5580000,0x00000000d5f00000,0x00000000d5f00000)
  from space 1024K, 59% used [0x00000000d6000000,0x00000000d6098000,0x00000000d6100000)
  to   space 1024K, 0% used [0x00000000d5f00000,0x00000000d5f00000,0x00000000d6000000)
 ParOldGen       total 890880K, used 890838K [0x0000000080000000, 0x00000000b6600000, 0x00000000d5580000)
  object space 890880K, 99% used [0x0000000080000000,0x00000000b65f5bd0,0x00000000b6600000)
 Metaspace       used 76810K, committed 78400K, reserved 1179648K
  class space    used 8763K, committed 9408K, reserved 1048576K
}
Event: 29.599 GC heap after
{Heap after GC invocations=1442 (full 3):
 PSYoungGen      total 10752K, used 969K [0x00000000d5580000, 0x00000000d6200000, 0x0000000100000000)
  eden space 9728K, 0% used [0x00000000d5580000,0x00000000d5580000,0x00000000d5f00000)
  from space 1024K, 94% used [0x00000000d5f00000,0x00000000d5ff2400,0x00000000d6000000)
  to   space 1536K, 0% used [0x00000000d6080000,0x00000000d6080000,0x00000000d6200000)
 ParOldGen       total 891392K, used 891014K [0x0000000080000000, 0x00000000b6680000, 0x00000000d5580000)
  object space 891392K, 99% used [0x0000000080000000,0x00000000b6621bd0,0x00000000b6680000)
 Metaspace       used 76810K, committed 78400K, reserved 1179648K
  class space    used 8763K, committed 9408K, reserved 1048576K
}
Event: 29.614 GC heap before
{Heap before GC invocations=1443 (full 3):
 PSYoungGen      total 10752K, used 10697K [0x00000000d5580000, 0x00000000d6200000, 0x0000000100000000)
  eden space 9728K, 100% used [0x00000000d5580000,0x00000000d5f00000,0x00000000d5f00000)
  from space 1024K, 94% used [0x00000000d5f00000,0x00000000d5ff2400,0x00000000d6000000)
  to   space 1536K, 0% used [0x00000000d6080000,0x00000000d6080000,0x00000000d6200000)
 ParOldGen       total 891392K, used 891014K [0x0000000080000000, 0x00000000b6680000, 0x00000000d5580000)
  object space 891392K, 99% used [0x0000000080000000,0x00000000b6621bd0,0x00000000b6680000)
 Metaspace       used 76814K, committed 78400K, reserved 1179648K
  class space    used 8763K, committed 9408K, reserved 1048576K
}
Event: 29.616 GC heap after
{Heap after GC invocations=1443 (full 3):
 PSYoungGen      total 10752K, used 544K [0x00000000d5580000, 0x00000000d6180000, 0x0000000100000000)
  eden space 9728K, 0% used [0x00000000d5580000,0x00000000d5580000,0x00000000d5f00000)
  from space 1024K, 53% used [0x00000000d6080000,0x00000000d6108000,0x00000000d6180000)
  to   space 1024K, 0% used [0x00000000d5f00000,0x00000000d5f00000,0x00000000d6000000)
 ParOldGen       total 891904K, used 891711K [0x0000000080000000, 0x00000000b6700000, 0x00000000d5580000)
  object space 891904K, 99% used [0x0000000080000000,0x00000000b66cffe0,0x00000000b6700000)
 Metaspace       used 76814K, committed 78400K, reserved 1179648K
  class space    used 8763K, committed 9408K, reserved 1048576K
}
Event: 29.651 GC heap before
{Heap before GC invocations=1444 (full 3):
 PSYoungGen      total 10752K, used 10272K [0x00000000d5580000, 0x00000000d6180000, 0x0000000100000000)
  eden space 9728K, 100% used [0x00000000d5580000,0x00000000d5f00000,0x00000000d5f00000)
  from space 1024K, 53% used [0x00000000d6080000,0x00000000d6108000,0x00000000d6180000)
  to   space 1024K, 0% used [0x00000000d5f00000,0x00000000d5f00000,0x00000000d6000000)
 ParOldGen       total 891904K, used 891711K [0x0000000080000000, 0x00000000b6700000, 0x00000000d5580000)
  object space 891904K, 99% used [0x0000000080000000,0x00000000b66cffe0,0x00000000b6700000)
 Metaspace       used 76836K, committed 78464K, reserved 1179648K
  class space    used 8763K, committed 9408K, reserved 1048576K
}
Event: 29.653 GC heap after
{Heap after GC invocations=1444 (full 3):
 PSYoungGen      total 10752K, used 544K [0x00000000d5580000, 0x00000000d6100000, 0x0000000100000000)
  eden space 9728K, 0% used [0x00000000d5580000,0x00000000d5580000,0x00000000d5f00000)
  from space 1024K, 53% used [0x00000000d5f00000,0x00000000d5f88000,0x00000000d6000000)
  to   space 1024K, 0% used [0x00000000d6000000,0x00000000d6000000,0x00000000d6100000)
 ParOldGen       total 892416K, used 892071K [0x0000000080000000, 0x00000000b6780000, 0x00000000d5580000)
  object space 892416K, 99% used [0x0000000080000000,0x00000000b6729fe0,0x00000000b6780000)
 Metaspace       used 76836K, committed 78464K, reserved 1179648K
  class space    used 8763K, committed 9408K, reserved 1048576K
}
Event: 29.699 GC heap before
{Heap before GC invocations=1445 (full 3):
 PSYoungGen      total 10752K, used 10272K [0x00000000d5580000, 0x00000000d6100000, 0x0000000100000000)
  eden space 9728K, 100% used [0x00000000d5580000,0x00000000d5f00000,0x00000000d5f00000)
  from space 1024K, 53% used [0x00000000d5f00000,0x00000000d5f88000,0x00000000d6000000)
  to   space 1024K, 0% used [0x00000000d6000000,0x00000000d6000000,0x00000000d6100000)
 ParOldGen       total 892416K, used 892071K [0x0000000080000000, 0x00000000b6780000, 0x00000000d5580000)
  object space 892416K, 99% used [0x0000000080000000,0x00000000b6729fe0,0x00000000b6780000)
 Metaspace       used 76948K, committed 78528K, reserved 1179648K
  class space    used 8763K, committed 9408K, reserved 1048576K
}
Event: 29.701 GC heap after
{Heap after GC invocations=1445 (full 3):
 PSYoungGen      total 10240K, used 1017K [0x00000000d5580000, 0x00000000d6200000, 0x0000000100000000)
  eden space 9216K, 0% used [0x00000000d5580000,0x00000000d5580000,0x00000000d5e80000)
  from space 1024K, 99% used [0x00000000d6000000,0x00000000d60fe410,0x00000000d6100000)
  to   space 1536K, 0% used [0x00000000d5e80000,0x00000000d5e80000,0x00000000d6000000)
 ParOldGen       total 892928K, used 892439K [0x0000000080000000, 0x00000000b6800000, 0x00000000d5580000)
  object space 892928K, 99% used [0x0000000080000000,0x00000000b6785fe0,0x00000000b6800000)
 Metaspace       used 76948K, committed 78528K, reserved 1179648K
  class space    used 8763K, committed 9408K, reserved 1048576K
}
Event: 29.715 GC heap before
{Heap before GC invocations=1446 (full 3):
 PSYoungGen      total 10240K, used 10233K [0x00000000d5580000, 0x00000000d6200000, 0x0000000100000000)
  eden space 9216K, 100% used [0x00000000d5580000,0x00000000d5e80000,0x00000000d5e80000)
  from space 1024K, 99% used [0x00000000d6000000,0x00000000d60fe410,0x00000000d6100000)
  to   space 1536K, 0% used [0x00000000d5e80000,0x00000000d5e80000,0x00000000d6000000)
 ParOldGen       total 892928K, used 892439K [0x0000000080000000, 0x00000000b6800000, 0x00000000d5580000)
  object space 892928K, 99% used [0x0000000080000000,0x00000000b6785fe0,0x00000000b6800000)
 Metaspace       used 76952K, committed 78528K, reserved 1179648K
  class space    used 8763K, committed 9408K, reserved 1048576K
}
Event: 29.718 GC heap after
{Heap after GC invocations=1446 (full 3):
 PSYoungGen      total 9728K, used 416K [0x00000000d5580000, 0x00000000d6080000, 0x0000000100000000)
  eden space 9216K, 0% used [0x00000000d5580000,0x00000000d5580000,0x00000000d5e80000)
  from space 512K, 81% used [0x00000000d5e80000,0x00000000d5ee8000,0x00000000d5f00000)
  to   space 1024K, 0% used [0x00000000d5f80000,0x00000000d5f80000,0x00000000d6080000)
 ParOldGen       total 893440K, used 893197K [0x0000000080000000, 0x00000000b6880000, 0x00000000d5580000)
  object space 893440K, 99% used [0x0000000080000000,0x00000000b6843680,0x00000000b6880000)
 Metaspace       used 76952K, committed 78528K, reserved 1179648K
  class space    used 8763K, committed 9408K, reserved 1048576K
}
Event: 29.789 GC heap before
{Heap before GC invocations=1447 (full 3):
 PSYoungGen      total 9728K, used 9632K [0x00000000d5580000, 0x00000000d6080000, 0x0000000100000000)
  eden space 9216K, 100% used [0x00000000d5580000,0x00000000d5e80000,0x00000000d5e80000)
  from space 512K, 81% used [0x00000000d5e80000,0x00000000d5ee8000,0x00000000d5f00000)
  to   space 1024K, 0% used [0x00000000d5f80000,0x00000000d5f80000,0x00000000d6080000)
 ParOldGen       total 893440K, used 893197K [0x0000000080000000, 0x00000000b6880000, 0x00000000d5580000)
  object space 893440K, 99% used [0x0000000080000000,0x00000000b6843680,0x00000000b6880000)
 Metaspace       used 77061K, committed 78656K, reserved 1179648K
  class space    used 8763K, committed 9408K, reserved 1048576K
}
Event: 29.792 GC heap after
{Heap after GC invocations=1447 (full 3):
 PSYoungGen      total 10240K, used 896K [0x00000000d5580000, 0x00000000d6080000, 0x0000000100000000)
  eden space 9216K, 0% used [0x00000000d5580000,0x00000000d5580000,0x00000000d5e80000)
  from space 1024K, 87% used [0x00000000d5f80000,0x00000000d6060000,0x00000000d6080000)
  to   space 1024K, 0% used [0x00000000d5e80000,0x00000000d5e80000,0x00000000d5f80000)
 ParOldGen       total 893440K, used 893421K [0x0000000080000000, 0x00000000b6880000, 0x00000000d5580000)
  object space 893440K, 99% used [0x0000000080000000,0x00000000b687b680,0x00000000b6880000)
 Metaspace       used 77061K, committed 78656K, reserved 1179648K
  class space    used 8763K, committed 9408K, reserved 1048576K
}

Dll operation events (15 events):
Event: 0.007 Loaded shared library c:\Users\C018\.vscode\extensions\redhat.java-1.54.0-win32-x64\jre\21.0.10-win32-x86_64\bin\java.dll
Event: 0.039 Loaded shared library c:\Users\C018\.vscode\extensions\redhat.java-1.54.0-win32-x64\jre\21.0.10-win32-x86_64\bin\zip.dll
Event: 0.072 Loaded shared library C:\Users\C018\.vscode\extensions\redhat.java-1.54.0-win32-x64\jre\21.0.10-win32-x86_64\bin\instrument.dll
Event: 0.076 Loaded shared library C:\Users\C018\.vscode\extensions\redhat.java-1.54.0-win32-x64\jre\21.0.10-win32-x86_64\bin\net.dll
Event: 0.077 Loaded shared library C:\Users\C018\.vscode\extensions\redhat.java-1.54.0-win32-x64\jre\21.0.10-win32-x86_64\bin\nio.dll
Event: 0.079 Loaded shared library C:\Users\C018\.vscode\extensions\redhat.java-1.54.0-win32-x64\jre\21.0.10-win32-x86_64\bin\zip.dll
Event: 0.087 Loaded shared library C:\Users\C018\.vscode\extensions\redhat.java-1.54.0-win32-x64\jre\21.0.10-win32-x86_64\bin\jimage.dll
Event: 0.119 Loaded shared library c:\Users\C018\.vscode\extensions\redhat.java-1.54.0-win32-x64\jre\21.0.10-win32-x86_64\bin\verify.dll
Event: 0.882 Loaded shared library C:\Users\C018\AppData\Roaming\Code\User\globalStorage\redhat.java\1.54.0\config_win\org.eclipse.equinox.launcher\org.eclipse.equinox.launcher.win32.win32.x86_64_1.3.0.v20260203-2149\eclipse_11919.dll
Event: 4.000 Loaded shared library C:\Users\C018\AppData\Local\Temp\jna-2043700\jna17407438571935529001.dll
Event: 7.739 Loaded shared library C:\Users\C018\.gradle\native\660c5614fbf4a5f2a75b1949f50a0caf5cd603558e7d8a26e50b933a0cfb79d1\windows-amd64\native-platform.dll
Event: 9.083 Loaded shared library C:\Users\C018\.vscode\extensions\redhat.java-1.54.0-win32-x64\jre\21.0.10-win32-x86_64\bin\management.dll
Event: 9.089 Loaded shared library C:\Users\C018\.vscode\extensions\redhat.java-1.54.0-win32-x64\jre\21.0.10-win32-x86_64\bin\management_ext.dll
Event: 25.848 Loaded shared library C:\Users\C018\.vscode\extensions\redhat.java-1.54.0-win32-x64\jre\21.0.10-win32-x86_64\bin\extnet.dll
Event: 28.156 Loaded shared library C:\Users\C018\.vscode\extensions\redhat.java-1.54.0-win32-x64\jre\21.0.10-win32-x86_64\bin\sunmscapi.dll

Deoptimization events (20 events):
Event: 30.745 Thread 0x000001dc477768c0 DEOPT PACKING pc=0x000001dc69ad93ae sp=0x0000004f398fe930
Event: 30.745 Thread 0x000001dc477768c0 DEOPT UNPACKING pc=0x000001dc70254242 sp=0x0000004f398fde88 mode 0
Event: 30.746 Thread 0x000001dc477768c0 DEOPT PACKING pc=0x000001dc69ad93ae sp=0x0000004f398fe930
Event: 30.746 Thread 0x000001dc477768c0 DEOPT UNPACKING pc=0x000001dc70254242 sp=0x0000004f398fde88 mode 0
Event: 30.746 Thread 0x000001dc477768c0 DEOPT PACKING pc=0x000001dc69ad93ae sp=0x0000004f398fe930
Event: 30.746 Thread 0x000001dc477768c0 DEOPT UNPACKING pc=0x000001dc70254242 sp=0x0000004f398fde88 mode 0
Event: 30.746 Thread 0x000001dc477768c0 DEOPT PACKING pc=0x000001dc69ad93ae sp=0x0000004f398fe930
Event: 30.746 Thread 0x000001dc477768c0 DEOPT UNPACKING pc=0x000001dc70254242 sp=0x0000004f398fde88 mode 0
Event: 30.747 Thread 0x000001dc477768c0 DEOPT PACKING pc=0x000001dc69ad93ae sp=0x0000004f398fe930
Event: 30.747 Thread 0x000001dc477768c0 DEOPT UNPACKING pc=0x000001dc70254242 sp=0x0000004f398fde88 mode 0
Event: 30.747 Thread 0x000001dc477768c0 DEOPT PACKING pc=0x000001dc69ad93ae sp=0x0000004f398fe930
Event: 30.747 Thread 0x000001dc477768c0 DEOPT UNPACKING pc=0x000001dc70254242 sp=0x0000004f398fde88 mode 0
Event: 30.747 Thread 0x000001dc477768c0 DEOPT PACKING pc=0x000001dc69ad93ae sp=0x0000004f398fe930
Event: 30.747 Thread 0x000001dc477768c0 DEOPT UNPACKING pc=0x000001dc70254242 sp=0x0000004f398fde88 mode 0
Event: 30.748 Thread 0x000001dc477768c0 DEOPT PACKING pc=0x000001dc69ad93ae sp=0x0000004f398fe930
Event: 30.748 Thread 0x000001dc477768c0 DEOPT UNPACKING pc=0x000001dc70254242 sp=0x0000004f398fde88 mode 0
Event: 30.823 Thread 0x000001dc477768c0 Uncommon trap: trap_request=0xffffff45 fr.pc=0x000001dc711efcc0 relative=0x0000000000000880
Event: 30.823 Thread 0x000001dc477768c0 Uncommon trap: reason=unstable_if action=reinterpret pc=0x000001dc711efcc0 method=java.util.ImmutableCollections$AbstractImmutableList.equals(Ljava/lang/Object;)Z @ 2 c2
Event: 30.823 Thread 0x000001dc477768c0 DEOPT PACKING pc=0x000001dc711efcc0 sp=0x0000004f398fe360
Event: 30.823 Thread 0x000001dc477768c0 DEOPT UNPACKING pc=0x000001dc70253aa2 sp=0x0000004f398fe300 mode 2

Classes loaded (20 events):
Event: 30.825 Loading class sun/util/locale/provider/TimeZoneNameProviderImpl done
Event: 30.825 Loading class sun/util/cldr/CLDRTimeZoneNameProviderImpl done
Event: 30.828 Loading class sun/util/locale/provider/BaseLocaleDataMetaInfo
Event: 30.828 Loading class sun/util/locale/provider/BaseLocaleDataMetaInfo done
Event: 30.832 Loading class sun/util/resources/cldr/TimeZoneNames
Event: 30.832 Loading class sun/util/resources/TimeZoneNamesBundle
Event: 30.833 Loading class sun/util/resources/OpenListResourceBundle
Event: 30.833 Loading class sun/util/resources/OpenListResourceBundle done
Event: 30.833 Loading class sun/util/resources/TimeZoneNamesBundle done
Event: 30.833 Loading class sun/util/resources/cldr/TimeZoneNames done
Event: 30.833 Loading class sun/util/resources/cldr/TimeZoneNames_en
Event: 30.837 Loading class sun/util/resources/cldr/TimeZoneNames_en done
Event: 30.837 Loading class sun/util/resources/cldr/TimeZoneNames_en_US
Event: 30.837 Loading class sun/util/resources/cldr/TimeZoneNames_en_US done
Event: 30.839 Loading class sun/util/cldr/CLDRBaseLocaleDataMetaInfo$TZCanonicalIDMapHolder
Event: 30.843 Loading class sun/util/cldr/CLDRBaseLocaleDataMetaInfo$TZCanonicalIDMapHolder done
Event: 30.846 Loading class sun/util/resources/TimeZoneNames
Event: 30.849 Loading class sun/util/resources/TimeZoneNames done
Event: 30.849 Loading class sun/util/resources/TimeZoneNames_en
Event: 30.849 Loading class sun/util/resources/TimeZoneNames_en done

Classes unloaded (13 events):
Event: 4.399 Thread 0x000001dc65b43670 Unloading class 0x000001dc011a5000 'java/lang/invoke/LambdaForm$MH+0x000001dc011a5000'
Event: 4.399 Thread 0x000001dc65b43670 Unloading class 0x000001dc011a4c00 'java/lang/invoke/LambdaForm$MH+0x000001dc011a4c00'
Event: 4.399 Thread 0x000001dc65b43670 Unloading class 0x000001dc011a4800 'java/lang/invoke/LambdaForm$MH+0x000001dc011a4800'
Event: 4.399 Thread 0x000001dc65b43670 Unloading class 0x000001dc011a4400 'java/lang/invoke/LambdaForm$MH+0x000001dc011a4400'
Event: 4.399 Thread 0x000001dc65b43670 Unloading class 0x000001dc011a4000 'java/lang/invoke/LambdaForm$BMH+0x000001dc011a4000'
Event: 4.399 Thread 0x000001dc65b43670 Unloading class 0x000001dc011a3c00 'java/lang/invoke/LambdaForm$DMH+0x000001dc011a3c00'
Event: 4.399 Thread 0x000001dc65b43670 Unloading class 0x000001dc011a2c00 'java/lang/invoke/LambdaForm$DMH+0x000001dc011a2c00'
Event: 5.548 Thread 0x000001dc65b43670 Unloading class 0x000001dc013eb000 'java/lang/invoke/LambdaForm$MH+0x000001dc013eb000'
Event: 5.548 Thread 0x000001dc65b43670 Unloading class 0x000001dc013ea400 'java/lang/invoke/LambdaForm$MH+0x000001dc013ea400'
Event: 5.548 Thread 0x000001dc65b43670 Unloading class 0x000001dc013e9c00 'java/lang/invoke/LambdaForm$MH+0x000001dc013e9c00'
Event: 5.548 Thread 0x000001dc65b43670 Unloading class 0x000001dc013e9400 'java/lang/invoke/LambdaForm$MH+0x000001dc013e9400'
Event: 5.548 Thread 0x000001dc65b43670 Unloading class 0x000001dc013e9000 'java/lang/invoke/LambdaForm$DMH+0x000001dc013e9000'
Event: 5.548 Thread 0x000001dc65b43670 Unloading class 0x000001dc013e8400 'java/lang/invoke/LambdaForm$MH+0x000001dc013e8400'

Classes redefined (0 events):
No events

Internal exceptions (20 events):
Event: 25.548 Thread 0x000001dc4caa83c0 Exception <a 'sun/nio/fs/WindowsException'{0x00000000d57cb9a8}> (0x00000000d57cb9a8) 
thrown [s\src\hotspot\share\prims\jni.cpp, line 520]
Event: 25.548 Thread 0x000001dc4caa83c0 Exception <a 'sun/nio/fs/WindowsException'{0x00000000d57cc368}> (0x00000000d57cc368) 
thrown [s\src\hotspot\share\prims\jni.cpp, line 520]
Event: 25.577 Thread 0x000001dc4baf1a30 Exception <a 'sun/nio/fs/WindowsException'{0x00000000d56f1588}> (0x00000000d56f1588) 
thrown [s\src\hotspot\share\prims\jni.cpp, line 520]
Event: 25.578 Thread 0x000001dc4baf1a30 Exception <a 'sun/nio/fs/WindowsException'{0x00000000d56f1c98}> (0x00000000d56f1c98) 
thrown [s\src\hotspot\share\prims\jni.cpp, line 520]
Event: 25.578 Thread 0x000001dc4baf1a30 Exception <a 'sun/nio/fs/WindowsException'{0x00000000d5745d38}> (0x00000000d5745d38) 
thrown [s\src\hotspot\share\prims\jni.cpp, line 520]
Event: 25.578 Thread 0x000001dc4baf1a30 Exception <a 'sun/nio/fs/WindowsException'{0x00000000d5749508}> (0x00000000d5749508) 
thrown [s\src\hotspot\share\prims\jni.cpp, line 520]
Event: 25.579 Thread 0x000001dc4baf1a30 Exception <a 'sun/nio/fs/WindowsException'{0x00000000d57848f0}> (0x00000000d57848f0) 
thrown [s\src\hotspot\share\prims\jni.cpp, line 520]
Event: 25.579 Thread 0x000001dc4baf1a30 Exception <a 'sun/nio/fs/WindowsException'{0x00000000d5792480}> (0x00000000d5792480) 
thrown [s\src\hotspot\share\prims\jni.cpp, line 520]
Event: 25.609 Thread 0x000001dc4baf5540 Implicit null exception at 0x000001dc713d7963 to 0x000001dc713d8638
Event: 25.837 Thread 0x000001dc4baef2d0 Exception <a 'java/lang/NoSuchMethodError'{0x00000000d5cfe4c0}: 'int java.lang.invoke.DirectMethodHandle$Holder.invokeVirtual(java.lang.Object, java.lang.Object, java.lang.Object, int)'> (0x00000000d5cfe4c0) 
thrown [s\src\hotspot\share\interpreter\linkResolver.cpp, line 773]
Event: 25.841 Thread 0x000001dc4baef2d0 Exception <a 'java/lang/NoSuchMethodError'{0x00000000d5d9c388}: 'void java.lang.invoke.DirectMethodHandle$Holder.invokeSpecial(java.lang.Object, java.lang.Object, int)'> (0x00000000d5d9c388) 
thrown [s\src\hotspot\share\interpreter\linkResolver.cpp, line 773]
Event: 25.899 Thread 0x000001dc7d681740 Exception <a 'java/lang/NoSuchMethodError'{0x00000000d5ee6f60}: 'java.lang.Object java.lang.invoke.DirectMethodHandle$Holder.invokeVirtual(java.lang.Object, java.lang.Object, java.lang.Object, java.lang.Object, java.lang.Object, java.lang.Object, java.lang.Object, java.lang.Object, java.lang.Object)'> (0x00000000d5ee6f60) 
thrown [s\src\hotspot\share\interpreter\linkResolver.cpp, line 773]
Event: 25.922 Thread 0x000001dc7d681740 Exception <a 'java/lang/NoSuchMethodError'{0x00000000d59aeb80}: 'long java.lang.invoke.DirectMethodHandle$Holder.invokeVirtual(java.lang.Object, java.lang.Object)'> (0x00000000d59aeb80) 
thrown [s\src\hotspot\share\interpreter\linkResolver.cpp, line 773]
Event: 25.922 Thread 0x000001dc7d681740 Exception <a 'java/lang/NoSuchMethodError'{0x00000000d59b21b0}: 'long java.lang.invoke.DelegatingMethodHandle$Holder.reinvoke_L(java.lang.Object, java.lang.Object)'> (0x00000000d59b21b0) 
thrown [s\src\hotspot\share\interpreter\linkResolver.cpp, line 773]
Event: 25.973 Thread 0x000001dc7d682af0 Exception <a 'java/lang/NoSuchMethodError'{0x00000000d56b6c30}: 'void java.lang.invoke.DirectMethodHandle$Holder.invokeStatic(java.lang.Object, long)'> (0x00000000d56b6c30) 
thrown [s\src\hotspot\share\interpreter\linkResolver.cpp, line 773]
Event: 26.117 Thread 0x000001dc4baf3470 Exception <a 'java/lang/IncompatibleClassChangeError'{0x00000000d5c75818}: Found class java.lang.Object, but interface was expected> (0x00000000d5c75818) 
thrown [s\src\hotspot\share\interpreter\linkResolver.cpp, line 840]
Event: 26.131 Thread 0x000001dc4caa5c60 Exception <a 'java/lang/NoSuchMethodError'{0x00000000d5dc2210}: 'java.lang.Object java.lang.invoke.DirectMethodHandle$Holder.invokeSpecial(java.lang.Object, java.lang.Object, java.lang.Object, java.lang.Object, int, java.lang.Object, java.lang.Object)'> (0x00000000d5dc2210) 
thrown [s\src\hotspot\share\interpreter\linkResolver.cpp, line 773]
Event: 26.154 Thread 0x000001dc4baef2d0 Implicit null exception at 0x000001dc70d291cf to 0x000001dc70d29334
Event: 27.042 Thread 0x000001dc4baf3470 Exception <a 'java/lang/IncompatibleClassChangeError'{0x00000000d5b1e180}: Found class java.lang.Object, but interface was expected> (0x00000000d5b1e180) 
thrown [s\src\hotspot\share\interpreter\linkResolver.cpp, line 840]
Event: 28.168 Thread 0x000001dc7d681740 Exception <a 'java/lang/NoSuchMethodError'{0x00000000d5ec8bb8}: 'void java.lang.invoke.DirectMethodHandle$Holder.invokeInterface(java.lang.Object, java.lang.Object, java.lang.Object, java.lang.Object)'> (0x00000000d5ec8bb8) 
thrown [s\src\hotspot\share\interpreter\linkResolver.cpp, line 773]

ZGC Phase Switch (0 events):
No events

VM Operations (20 events):
Event: 29.173 Executing safepoint VM operation: ParallelGCFailedAllocation (Allocation Failure)
Event: 29.174 Executing safepoint VM operation: ParallelGCFailedAllocation (Allocation Failure) done
Event: 29.197 Executing safepoint VM operation: ParallelGCFailedAllocation (Allocation Failure)
Event: 29.199 Executing safepoint VM operation: ParallelGCFailedAllocation (Allocation Failure) done
Event: 29.209 Executing safepoint VM operation: ParallelGCFailedAllocation (Allocation Failure)
Event: 29.210 Executing safepoint VM operation: ParallelGCFailedAllocation (Allocation Failure) done
Event: 29.597 Executing safepoint VM operation: ParallelGCFailedAllocation (Allocation Failure)
Event: 29.599 Executing safepoint VM operation: ParallelGCFailedAllocation (Allocation Failure) done
Event: 29.614 Executing safepoint VM operation: ParallelGCFailedAllocation (Allocation Failure)
Event: 29.616 Executing safepoint VM operation: ParallelGCFailedAllocation (Allocation Failure) done
Event: 29.651 Executing safepoint VM operation: ParallelGCFailedAllocation (Allocation Failure)
Event: 29.653 Executing safepoint VM operation: ParallelGCFailedAllocation (Allocation Failure) done
Event: 29.699 Executing safepoint VM operation: ParallelGCFailedAllocation (Allocation Failure)
Event: 29.701 Executing safepoint VM operation: ParallelGCFailedAllocation (Allocation Failure) done
Event: 29.715 Executing safepoint VM operation: ParallelGCFailedAllocation (Allocation Failure)
Event: 29.718 Executing safepoint VM operation: ParallelGCFailedAllocation (Allocation Failure) done
Event: 29.789 Executing safepoint VM operation: ParallelGCFailedAllocation (Allocation Failure)
Event: 29.792 Executing safepoint VM operation: ParallelGCFailedAllocation (Allocation Failure) done
Event: 30.792 Executing safepoint VM operation: Cleanup
Event: 30.792 Executing safepoint VM operation: Cleanup done

Memory protections (0 events):
No events

Nmethod flushes (20 events):
Event: 9.388 Thread 0x000001dc65b43670 flushing  nmethod 0x000001dc69791610
Event: 9.388 Thread 0x000001dc65b43670 flushing  nmethod 0x000001dc69795e90
Event: 9.388 Thread 0x000001dc65b43670 flushing  nmethod 0x000001dc69797c90
Event: 9.388 Thread 0x000001dc65b43670 flushing osr nmethod 0x000001dc697a1210
Event: 9.388 Thread 0x000001dc65b43670 flushing  nmethod 0x000001dc697a9f90
Event: 9.388 Thread 0x000001dc65b43670 flushing  nmethod 0x000001dc697ab910
Event: 9.388 Thread 0x000001dc65b43670 flushing  nmethod 0x000001dc697f2090
Event: 9.388 Thread 0x000001dc65b43670 flushing  nmethod 0x000001dc697f3990
Event: 9.388 Thread 0x000001dc65b43670 flushing  nmethod 0x000001dc697f5490
Event: 9.388 Thread 0x000001dc65b43670 flushing  nmethod 0x000001dc697f5e90
Event: 9.388 Thread 0x000001dc65b43670 flushing  nmethod 0x000001dc697f6310
Event: 9.388 Thread 0x000001dc65b43670 flushing  nmethod 0x000001dc697f6690
Event: 9.388 Thread 0x000001dc65b43670 flushing  nmethod 0x000001dc697f8e10
Event: 9.388 Thread 0x000001dc65b43670 flushing  nmethod 0x000001dc697f9810
Event: 9.388 Thread 0x000001dc65b43670 flushing  nmethod 0x000001dc697fa210
Event: 9.388 Thread 0x000001dc65b43670 flushing  nmethod 0x000001dc69806e90
Event: 9.388 Thread 0x000001dc65b43670 flushing  nmethod 0x000001dc69847190
Event: 9.388 Thread 0x000001dc65b43670 flushing  nmethod 0x000001dc69849210
Event: 9.388 Thread 0x000001dc65b43670 flushing  nmethod 0x000001dc698d1090
Event: 9.388 Thread 0x000001dc65b43670 flushing  nmethod 0x000001dc698eda90

Events (20 events):
Event: 29.064 Thread 0x000001dc7d615280 Thread added: 0x000001dc4ab86590
Event: 29.584 Thread 0x000001dc4ab86590 Thread exited: 0x000001dc4ab86590
Event: 29.761 Thread 0x000001dc7d615280 Thread added: 0x000001dc4ab7ff60
Event: 29.761 Thread 0x000001dc7d615280 Thread added: 0x000001dc4ab85ec0
Event: 29.763 Thread 0x000001dc7d615280 Thread added: 0x000001dc4ab82f10
Event: 30.725 Thread 0x000001dc4ab82f10 Thread exited: 0x000001dc4ab82f10
Event: 30.725 Thread 0x000001dc4ab85ec0 Thread exited: 0x000001dc4ab85ec0
Event: 30.725 Thread 0x000001dc4ab7ff60 Thread exited: 0x000001dc4ab7ff60
Event: 30.726 Thread 0x000001dc4ab83cb0 Thread exited: 0x000001dc4ab83cb0
Event: 30.728 Thread 0x000001dc7d615280 Thread added: 0x000001dc4ab80d00
Event: 30.728 Thread 0x000001dc7d615280 Thread added: 0x000001dc4ab7ff60
Event: 30.729 Thread 0x000001dc7d615280 Thread added: 0x000001dc4ab86c60
Event: 30.731 Thread 0x000001dc4ab7ff60 Thread added: 0x000001dc4ab81aa0
Event: 30.748 Thread 0x000001dc4ab7ff60 Thread added: 0x000001dc4ab84380
Event: 30.749 Thread 0x000001dc7d615280 Thread added: 0x000001dc4ab813d0
Event: 30.753 Thread 0x000001dc7d615280 Thread added: 0x000001dc4ab83cb0
Event: 31.116 Thread 0x000001dc4ab83cb0 Thread exited: 0x000001dc4ab83cb0
Event: 31.120 Thread 0x000001dc4ab813d0 Thread exited: 0x000001dc4ab813d0
Event: 31.124 Thread 0x000001dc4ab84380 Thread exited: 0x000001dc4ab84380
Event: 31.125 Thread 0x000001dc4ab81aa0 Thread exited: 0x000001dc4ab81aa0


Dynamic libraries:
0x00007ff651090000 - 0x00007ff65109e000 	c:\Users\C018\.vscode\extensions\redhat.java-1.54.0-win32-x64\jre\21.0.10-win32-x86_64\bin\java.exe
0x00007fff98170000 - 0x00007fff98365000 	C:\Windows\SYSTEM32\ntdll.dll
0x00007fff97c00000 - 0x00007fff97cbe000 	C:\Windows\System32\KERNEL32.DLL
0x00007fff95e20000 - 0x00007fff960e9000 	C:\Windows\System32\KERNELBASE.dll
0x00007fff92220000 - 0x00007fff922b0000 	C:\Windows\SYSTEM32\apphelp.dll
0x00007fff95bc0000 - 0x00007fff95cc0000 	C:\Windows\System32\ucrtbase.dll
0x00007fff6b9c0000 - 0x00007fff6b9d8000 	c:\Users\C018\.vscode\extensions\redhat.java-1.54.0-win32-x64\jre\21.0.10-win32-x86_64\bin\jli.dll
0x00007fff6bc40000 - 0x00007fff6bc5e000 	c:\Users\C018\.vscode\extensions\redhat.java-1.54.0-win32-x64\jre\21.0.10-win32-x86_64\bin\VCRUNTIME140.dll
0x00007fff965c0000 - 0x00007fff96761000 	C:\Windows\System32\USER32.dll
0x00007fff95890000 - 0x00007fff958b2000 	C:\Windows\System32\win32u.dll
0x00007fff974a0000 - 0x00007fff974cb000 	C:\Windows\System32\GDI32.dll
0x00007fff84220000 - 0x00007fff844ba000 	C:\Windows\WinSxS\amd64_microsoft.windows.common-controls_6595b64144ccf1df_6.0.19041.1110_none_60b5254171f9507e\COMCTL32.dll
0x00007fff95920000 - 0x00007fff95a2b000 	C:\Windows\System32\gdi32full.dll
0x00007fff960f0000 - 0x00007fff9618d000 	C:\Windows\System32\msvcp_win.dll
0x00007fff96240000 - 0x00007fff962de000 	C:\Windows\System32\msvcrt.dll
0x00007fff98100000 - 0x00007fff98130000 	C:\Windows\System32\IMM32.DLL
0x00007fff61790000 - 0x00007fff617ef000 	C:\Program Files\MacType\MacType64.dll
0x00007fff97750000 - 0x00007fff977fc000 	C:\Windows\System32\ADVAPI32.dll
0x00007fff96c10000 - 0x00007fff96cab000 	C:\Windows\System32\sechost.dll
0x00007fff97fd0000 - 0x00007fff980fa000 	C:\Windows\System32\RPCRT4.dll
0x00007fff5fbe0000 - 0x00007fff5fd63000 	C:\Program Files\MacType\MacType64.Core.dll
0x00007fff92b50000 - 0x00007fff93110000 	C:\Windows\SYSTEM32\d2d1.dll
0x00007fff93110000 - 0x00007fff93393000 	C:\Windows\SYSTEM32\dwrite.dll
0x00007fff95a80000 - 0x00007fff95b03000 	C:\Windows\System32\bcryptPrimitives.dll
0x00007fff914f0000 - 0x00007fff914fc000 	c:\Users\C018\.vscode\extensions\redhat.java-1.54.0-win32-x64\jre\21.0.10-win32-x86_64\bin\vcruntime140_1.dll
0x00007fff53e60000 - 0x00007fff53eed000 	c:\Users\C018\.vscode\extensions\redhat.java-1.54.0-win32-x64\jre\21.0.10-win32-x86_64\bin\msvcp140.dll
0x00007ffebaf90000 - 0x00007ffebbd31000 	c:\Users\C018\.vscode\extensions\redhat.java-1.54.0-win32-x64\jre\21.0.10-win32-x86_64\bin\server\jvm.dll
0x00007fff97610000 - 0x00007fff9767b000 	C:\Windows\System32\WS2_32.dll
0x00007fff94dc0000 - 0x00007fff94e0b000 	C:\Windows\SYSTEM32\POWRPROF.dll
0x00007fff8fa80000 - 0x00007fff8fa8a000 	C:\Windows\SYSTEM32\VERSION.dll
0x00007fff8c1b0000 - 0x00007fff8c1d7000 	C:\Windows\SYSTEM32\WINMM.dll
0x00007fff94c80000 - 0x00007fff94c92000 	C:\Windows\SYSTEM32\UMPDC.dll
0x00007fff94120000 - 0x00007fff94132000 	C:\Windows\SYSTEM32\kernel.appcore.dll
0x00007fff90470000 - 0x00007fff9047a000 	c:\Users\C018\.vscode\extensions\redhat.java-1.54.0-win32-x64\jre\21.0.10-win32-x86_64\bin\jimage.dll
0x00007fff93c50000 - 0x00007fff93e34000 	C:\Windows\SYSTEM32\DBGHELP.DLL
0x00007fff7fe60000 - 0x00007fff7fe8c000 	C:\Windows\SYSTEM32\dbgcore.DLL
0x00007fff83530000 - 0x00007fff8353f000 	c:\Users\C018\.vscode\extensions\redhat.java-1.54.0-win32-x64\jre\21.0.10-win32-x86_64\bin\instrument.dll
0x00007fff6be00000 - 0x00007fff6be20000 	c:\Users\C018\.vscode\extensions\redhat.java-1.54.0-win32-x64\jre\21.0.10-win32-x86_64\bin\java.dll
0x00007fff96cb0000 - 0x00007fff973ef000 	C:\Windows\System32\SHELL32.dll
0x000001dc46000000 - 0x000001dc46790000 	C:\Windows\SYSTEM32\windows.storage.dll
0x00007fff97800000 - 0x00007fff97b55000 	C:\Windows\System32\combase.dll
0x00007fff95200000 - 0x00007fff9522c000 	C:\Windows\SYSTEM32\Wldp.dll
0x00007fff97cc0000 - 0x00007fff97d6d000 	C:\Windows\System32\SHCORE.dll
0x00007fff97eb0000 - 0x00007fff97f05000 	C:\Windows\System32\shlwapi.dll
0x00007fff957d0000 - 0x00007fff957ef000 	C:\Windows\SYSTEM32\profapi.dll
0x00007fff6be20000 - 0x00007fff6be38000 	c:\Users\C018\.vscode\extensions\redhat.java-1.54.0-win32-x64\jre\21.0.10-win32-x86_64\bin\zip.dll
0x00007fff80170000 - 0x00007fff80180000 	C:\Users\C018\.vscode\extensions\redhat.java-1.54.0-win32-x64\jre\21.0.10-win32-x86_64\bin\net.dll
0x00007fff8ebb0000 - 0x00007fff8ecb8000 	C:\Windows\SYSTEM32\WINHTTP.dll
0x00007fff94fe0000 - 0x00007fff9504a000 	C:\Windows\system32\mswsock.dll
0x00007fff699d0000 - 0x00007fff699e6000 	C:\Users\C018\.vscode\extensions\redhat.java-1.54.0-win32-x64\jre\21.0.10-win32-x86_64\bin\nio.dll
0x00007fff7fef0000 - 0x00007fff7ff00000 	c:\Users\C018\.vscode\extensions\redhat.java-1.54.0-win32-x64\jre\21.0.10-win32-x86_64\bin\verify.dll
0x00007fff69070000 - 0x00007fff690b5000 	C:\Users\C018\AppData\Roaming\Code\User\globalStorage\redhat.java\1.54.0\config_win\org.eclipse.equinox.launcher\org.eclipse.equinox.launcher.win32.win32.x86_64_1.3.0.v20260203-2149\eclipse_11919.dll
0x00007fff962e0000 - 0x00007fff9640a000 	C:\Windows\System32\ole32.dll
0x00007fff95240000 - 0x00007fff95258000 	C:\Windows\SYSTEM32\CRYPTSP.dll
0x00007fff94910000 - 0x00007fff94944000 	C:\Windows\system32\rsaenh.dll
0x00007fff96190000 - 0x00007fff961b7000 	C:\Windows\System32\bcrypt.dll
0x00007fff95750000 - 0x00007fff9577e000 	C:\Windows\SYSTEM32\USERENV.dll
0x00007fff95170000 - 0x00007fff9517c000 	C:\Windows\SYSTEM32\CRYPTBASE.dll
0x00007fff94ca0000 - 0x00007fff94cdb000 	C:\Windows\SYSTEM32\IPHLPAPI.DLL
0x00007fff96c00000 - 0x00007fff96c08000 	C:\Windows\System32\NSI.dll
0x00007fff55690000 - 0x00007fff556d9000 	C:\Users\C018\AppData\Local\Temp\jna-2043700\jna17407438571935529001.dll
0x00007fff96770000 - 0x00007fff96778000 	C:\Windows\System32\PSAPI.DLL
0x00007fff90220000 - 0x00007fff90237000 	C:\Windows\SYSTEM32\dhcpcsvc6.DLL
0x00007fff901b0000 - 0x00007fff901cd000 	C:\Windows\SYSTEM32\dhcpcsvc.DLL
0x00007fff69800000 - 0x00007fff69827000 	C:\Users\C018\.gradle\native\660c5614fbf4a5f2a75b1949f50a0caf5cd603558e7d8a26e50b933a0cfb79d1\windows-amd64\native-platform.dll
0x00007fff75080000 - 0x00007fff7508a000 	C:\Users\C018\.vscode\extensions\redhat.java-1.54.0-win32-x64\jre\21.0.10-win32-x86_64\bin\management.dll
0x00007fff745d0000 - 0x00007fff745dc000 	C:\Users\C018\.vscode\extensions\redhat.java-1.54.0-win32-x64\jre\21.0.10-win32-x86_64\bin\management_ext.dll
0x00007fff785e0000 - 0x00007fff785e9000 	C:\Users\C018\.vscode\extensions\redhat.java-1.54.0-win32-x64\jre\21.0.10-win32-x86_64\bin\extnet.dll
0x00007fff78b50000 - 0x00007fff78b5e000 	C:\Users\C018\.vscode\extensions\redhat.java-1.54.0-win32-x64\jre\21.0.10-win32-x86_64\bin\sunmscapi.dll
0x00007fff95350000 - 0x00007fff95377000 	C:\Windows\SYSTEM32\ncrypt.dll
0x000001dc49f00000 - 0x000001dc4a056000 	C:\Windows\System32\CRYPT32.dll
0x00007fff952f0000 - 0x00007fff9532b000 	C:\Windows\SYSTEM32\NTASN1.dll
0x00007fff567b0000 - 0x00007fff567b7000 	C:\Windows\system32\wshunix.dll

JVMTI agents:
c:\Users\C018\.vscode\extensions\redhat.java-1.54.0-win32-x64\lombok\lombok-1.18.39-4050.jar path:c:\Users\C018\.vscode\extensions\redhat.java-1.54.0-win32-x64\jre\21.0.10-win32-x86_64\bin\instrument.dll, loaded, initialized, instrumentlib options:none

dbghelp: loaded successfully - version: 4.0.5 - missing functions: none
symbol engine: initialized successfully - sym options: 0x614 - pdb path: .;c:\Users\C018\.vscode\extensions\redhat.java-1.54.0-win32-x64\jre\21.0.10-win32-x86_64\bin;C:\Windows\SYSTEM32;C:\Windows\WinSxS\amd64_microsoft.windows.common-controls_6595b64144ccf1df_6.0.19041.1110_none_60b5254171f9507e;C:\Program Files\MacType;c:\Users\C018\.vscode\extensions\redhat.java-1.54.0-win32-x64\jre\21.0.10-win32-x86_64\bin\server;C:\Users\C018\AppData\Roaming\Code\User\globalStorage\redhat.java\1.54.0\config_win\org.eclipse.equinox.launcher\org.eclipse.equinox.launcher.win32.win32.x86_64_1.3.0.v20260203-2149;C:\Users\C018\AppData\Local\Temp\jna-2043700;C:\Users\C018\.gradle\native\660c5614fbf4a5f2a75b1949f50a0caf5cd603558e7d8a26e50b933a0cfb79d1\windows-amd64

VM Arguments:
jvm_args: --add-modules=ALL-SYSTEM --add-opens=java.base/java.util=ALL-UNNAMED --add-opens=java.base/java.lang=ALL-UNNAMED --add-opens=java.base/sun.nio.fs=ALL-UNNAMED -Declipse.application=org.eclipse.jdt.ls.core.id1 -Dosgi.bundles.defaultStartLevel=4 -Declipse.product=org.eclipse.jdt.ls.core.product -Djava.import.generatesMetadataFilesAtProjectRoot=false -DDetectVMInstallationsJob.disabled=true -Dfile.encoding=utf8 -XX:+UseParallelGC -XX:GCTimeRatio=4 -XX:AdaptiveSizePolicyWeight=90 -Dsun.zip.disableMemoryMapping=true -Xmx2G -Xms100m -Xlog:disable -javaagent:c:\Users\C018\.vscode\extensions\redhat.java-1.54.0-win32-x64\lombok\lombok-1.18.39-4050.jar -XX:+HeapDumpOnOutOfMemoryError -XX:HeapDumpPath=c:\Users\C018\AppData\Roaming\Code\User\workspaceStorage\831d3474975e95f00da8b076bb00b383\redhat.java -Daether.dependencyCollector.impl=bf 
java_command: c:\Users\C018\.vscode\extensions\redhat.java-1.54.0-win32-x64\server\plugins\org.eclipse.equinox.launcher_1.7.100.v20251111-0406.jar -configuration c:\Users\C018\AppData\Roaming\Code\User\globalStorage\redhat.java\1.54.0\config_win -data c:\Users\C018\AppData\Roaming\Code\User\workspaceStorage\831d3474975e95f00da8b076bb00b383\redhat.java\jdt_ws --pipe=\\.\pipe\lsp-7e5ba25ffd7bb0d6ed0a2f182a019177-sock
java_class_path (initial): c:\Users\C018\.vscode\extensions\redhat.java-1.54.0-win32-x64\server\plugins\org.eclipse.equinox.launcher_1.7.100.v20251111-0406.jar
Launcher Type: SUN_STANDARD

[Global flags]
    uintx AdaptiveSizePolicyWeight                 = 90                                        {product} {command line}
     intx CICompilerCount                          = 12                                        {product} {ergonomic}
    uintx GCTimeRatio                              = 4                                         {product} {command line}
     bool HeapDumpOnOutOfMemoryError               = true                                   {manageable} {command line}
    ccstr HeapDumpPath                             = c:\Users\C018\AppData\Roaming\Code\User\workspaceStorage\831d3474975e95f00da8b076bb00b383\redhat.java         {manageable} {command line}
   size_t InitialHeapSize                          = 104857600                                 {product} {command line}
   size_t MaxHeapSize                              = 2147483648                                {product} {command line}
   size_t MaxNewSize                               = 715653120                                 {product} {ergonomic}
   size_t MinHeapDeltaBytes                        = 524288                                    {product} {ergonomic}
   size_t MinHeapSize                              = 104857600                                 {product} {command line}
   size_t NewSize                                  = 34603008                                  {product} {ergonomic}
    uintx NonNMethodCodeHeapSize                   = 7602480                                {pd product} {ergonomic}
    uintx NonProfiledCodeHeapSize                  = 122027880                              {pd product} {ergonomic}
   size_t OldSize                                  = 70254592                                  {product} {ergonomic}
    uintx ProfiledCodeHeapSize                     = 122027880                              {pd product} {ergonomic}
    uintx ReservedCodeCacheSize                    = 251658240                              {pd product} {ergonomic}
     bool SegmentedCodeCache                       = true                                      {product} {ergonomic}
   size_t SoftMaxHeapSize                          = 2147483648                             {manageable} {ergonomic}
     bool UseCompressedOops                        = true                           {product lp64_product} {ergonomic}
     bool UseLargePagesIndividualAllocation        = false                                  {pd product} {ergonomic}
     bool UseParallelGC                            = true                                      {product} {command line}

Logging:
Log output configuration:
 #0: stdout all=off uptime,level,tags foldmultilines=false
 #1: stderr all=off uptime,level,tags foldmultilines=false

Release file:
JAVA_VERSION="21.0.10" 
MODULES="java.base java.compiler java.datatransfer java.xml java.prefs java.desktop java.instrument java.logging java.management java.security.sasl java.naming java.rmi java.management.rmi java.net.http java.scripting java.security.jgss java.transaction.xa java.sql java.sql.rowset java.xml.crypto java.se java.smartcardio jdk.accessibility jdk.internal.jvmstat jdk.attach jdk.charsets jdk.internal.opt jdk.zipfs jdk.compiler jdk.crypto.ec jdk.crypto.cryptoki jdk.crypto.mscapi jdk.dynalink jdk.internal.ed jdk.editpad jdk.hotspot.agent jdk.httpserver jdk.internal.le jdk.internal.vm.ci jdk.internal.vm.compiler jdk.internal.vm.compiler.management jdk.jartool jdk.javadoc jdk.jcmd jdk.management jdk.management.agent jdk.jconsole jdk.jdeps jdk.jdwp.agent jdk.jdi jdk.jfr jdk.jshell jdk.jsobject jdk.jstatd jdk.localedata jdk.management.jfr jdk.naming.dns jdk.naming.rmi jdk.net jdk.nio.mapmode jdk.random jdk.sctp jdk.security.auth jdk.security.jgss jdk.unsupported jdk.unsupported.desktop jdk.xml.dom" 

Environment Variables:
CLASSPATH=C:\Program Files\Apryse Software\Xodo PDF Reader\lib\xodopdfstudio.jar;C:\Program Files\Apryse Software\Xodo PDF Reader\lib\cmaps.jar
PATH=C:\Users\C018\AppData\Local\Programs\Microsoft VS Code;C:\Program Files\Eclipse Adoptium\jdk-25.0.1.8-hotspot\bin;C:\Windows\system32;C:\Windows;C:\Windows\System32\Wbem;C:\Windows\System32\WindowsPowerShell\v1.0\;C:\Windows\System32\OpenSSH\;C:\Program Files\Git\cmd;C:\Program Files\Go\bin;C:\Program Files\Apryse Software\Xodo PDF Reader\jre\bin\server;C:\Program Files\nodejs\;C:\Program Files\cursor\resources\app\bin;C:\ProgramData\chocolatey\bin;C:\Program Files (x86)\NetSarang\Xshell 8\;C:\Program Files\Graphviz\bin;C:\Program Files\dotnet\;C:\Program Files\Meld\;;C:\Users\C018\.local\bin;C:\Users\C018\.cargo\bin;C:\Users\C018\AppData\Local\Microsoft\WindowsApps;C:\Users\C018\go\bin;C:\Users\C018\tools;C:\Users\C018\AppData\Local\Programs\Microsoft VS Code\bin;C:\Program Files\Git\bin;C:\Program Files\JetBrains\PyCharm 2025.2.4\bin;C:\Users\C018\AppData\Roaming\npm;C:\Program Files\nodejs;C:\Users\C018\program\Android\platform-tools;C:\Users\C018\AppData\Local\Programs\Fiddler;C:\Program Files\Graphviz\bin;C:\Users\C018\program\poppler-25.12.0\Library\bin;C:\Users\C018\.dotnet\tools;C:\Users\C018\AppData\Local\gitkraken\bin;C:\Users\C018\.dotnet\tools
USERNAME=C018
OS=Windows_NT
PROCESSOR_IDENTIFIER=Intel64 Family 6 Model 183 Stepping 1, GenuineIntel
TMP=C:\Users\C018\AppData\Local\Temp
TEMP=C:\Users\C018\AppData\Local\Temp




Periodic native trim disabled

---------------  S Y S T E M  ---------------

OS:
 Windows 10 , 64 bit Build 19041 (10.0.19041.1202)
OS uptime: 0 days 23:19 hours
Hyper-V role detected

CPU: total 28 (initial active 28) (14 cores per cpu, 2 threads per core) family 6 model 183 stepping 1 microcode 0x12b, cx8, cmov, fxsr, ht, mmx, 3dnowpref, sse, sse2, sse3, ssse3, sse4.1, sse4.2, popcnt, lzcnt, tsc, tscinvbit, avx, avx2, aes, erms, clmul, bmi1, bmi2, adx, sha, fma, vzeroupper, clflush, clflushopt, clwb, hv, rdtscp, rdpid, fsrm, f16c, cet_ibt, cet_ss
Processor Information for processor 0
  Max Mhz: 2100, Current Mhz: 2100, Mhz Limit: 1491
Processor Information for processor 1
  Max Mhz: 2100, Current Mhz: 2100, Mhz Limit: 2100
Processor Information for processor 2
  Max Mhz: 2100, Current Mhz: 2100, Mhz Limit: 2100
Processor Information for processor 3
  Max Mhz: 2100, Current Mhz: 2100, Mhz Limit: 2100
Processor Information for processor 4
  Max Mhz: 2100, Current Mhz: 2100, Mhz Limit: 2100
Processor Information for processor 5
  Max Mhz: 2100, Current Mhz: 2100, Mhz Limit: 2100
Processor Information for processor 6
  Max Mhz: 2100, Current Mhz: 2100, Mhz Limit: 2100
Processor Information for processor 7
  Max Mhz: 2100, Current Mhz: 2100, Mhz Limit: 2100
Processor Information for processor 8
  Max Mhz: 2100, Current Mhz: 2100, Mhz Limit: 2100
Processor Information for processor 9
  Max Mhz: 2100, Current Mhz: 2100, Mhz Limit: 2100
Processor Information for processor 10
  Max Mhz: 2100, Current Mhz: 2100, Mhz Limit: 2100
Processor Information for processor 11
  Max Mhz: 2100, Current Mhz: 2100, Mhz Limit: 2100
Processor Information for processor 12
  Max Mhz: 2100, Current Mhz: 2100, Mhz Limit: 2100
Processor Information for processor 13
  Max Mhz: 2100, Current Mhz: 2100, Mhz Limit: 2100
Processor Information for processor 14
  Max Mhz: 2100, Current Mhz: 2100, Mhz Limit: 2100
Processor Information for processor 15
  Max Mhz: 2100, Current Mhz: 2100, Mhz Limit: 2100
Processor Information for processor 16
  Max Mhz: 2100, Current Mhz: 1500, Mhz Limit: 1491
Processor Information for processor 17
  Max Mhz: 2100, Current Mhz: 1500, Mhz Limit: 1491
Processor Information for processor 18
  Max Mhz: 2100, Current Mhz: 1500, Mhz Limit: 1491
Processor Information for processor 19
  Max Mhz: 2100, Current Mhz: 1500, Mhz Limit: 1491
Processor Information for processor 20
  Max Mhz: 2100, Current Mhz: 1500, Mhz Limit: 1491
Processor Information for processor 21
  Max Mhz: 2100, Current Mhz: 1500, Mhz Limit: 1491
Processor Information for processor 22
  Max Mhz: 2100, Current Mhz: 1500, Mhz Limit: 1491
Processor Information for processor 23
  Max Mhz: 2100, Current Mhz: 1500, Mhz Limit: 1491
Processor Information for processor 24
  Max Mhz: 2100, Current Mhz: 1500, Mhz Limit: 1491
Processor Information for processor 25
  Max Mhz: 2100, Current Mhz: 1500, Mhz Limit: 1491
Processor Information for processor 26
  Max Mhz: 2100, Current Mhz: 1500, Mhz Limit: 1491
Processor Information for processor 27
  Max Mhz: 2100, Current Mhz: 1500, Mhz Limit: 1491

Memory: 4k page, system-wide physical 32078M (12688M free)
TotalPageFile size 52558M (AvailPageFile size 33M)
current process WorkingSet (physical memory assigned to process): 1140M, peak: 1174M
current process commit charge ("private bytes"): 1272M, peak: 1302M

vm_info: OpenJDK 64-Bit Server VM (21.0.10+7-LTS) for windows-amd64 JRE (21.0.10+7-LTS), built on 2026-01-20T00:00:00Z by "admin" with MS VC++ 17.12 (VS2022)

END.
